<?xml version="1.0" encoding="utf-8"?><testsuites name="pytest tests"><testsuite name="pytest" errors="0" failures="0" skipped="0" tests="23" time="1.216" timestamp="2026-01-28T19:27:32.038173+00:00" hostname="Mac"><testcase classname="tests.templates.test_mcp_typescript_template.TestStructuralValidation" name="test_root_files_exist" time="0.001" /><testcase classname="tests.templates.test_mcp_typescript_template.TestStructuralValidation" name="test_claude_directory_exists" time="0.000" /><testcase classname="tests.templates.test_mcp_typescript_template.TestStructuralValidation" name="test_rules_directory_exists" time="0.000" /><testcase classname="tests.templates.test_mcp_typescript_template.TestStructuralValidation" name="test_agents_directory_exists" time="0.000" /><testcase classname="tests.templates.test_mcp_typescript_template.TestStructuralValidation" name="test_templates_directory_structure" time="0.000" /><testcase classname="tests.templates.test_mcp_typescript_template.TestStructuralValidation" name="test_config_directory_exists" time="0.000" /><testcase classname="tests.templates.test_mcp_typescript_template.TestStructuralValidation" name="test_docker_directory_exists" time="0.000" /><testcase classname="tests.templates.test_mcp_typescript_template.TestJSONValidation" name="test_manifest_json_valid" time="0.000" /><testcase classname="tests.templates.test_mcp_typescript_template.TestJSONValidation" name="test_settings_json_valid" time="0.000" /><testcase classname="tests.templates.test_mcp_typescript_template.TestJSONValidation" name="test_manifest_required_fields" time="0.000" /><testcase classname="tests.templates.test_mcp_typescript_template.TestJSONValidation" name="test_settings_required_fields" time="0.000" /><testcase classname="tests.templates.test_mcp_typescript_template.TestPatternCompliance" name="test_mcp_patterns_file_exists" time="0.000" /><testcase classname="tests.templates.test_mcp_typescript_template.TestPatternCompliance" name="test_all_patterns_documented" time="0.000" /><testcase classname="tests.templates.test_mcp_typescript_template.TestAgentQuality" name="test_agents_have_valid_frontmatter" time="0.003" /><testcase classname="tests.templates.test_mcp_typescript_template.TestAgentQuality" name="test_agents_have_always_never_boundaries" time="0.000" /><testcase classname="tests.templates.test_mcp_typescript_template.TestAgentQuality" name="test_agents_have_code_examples" time="0.000" /><testcase classname="tests.templates.test_mcp_typescript_template.TestAgentQuality" name="test_extended_agent_files_exist" time="0.001" /><testcase classname="tests.templates.test_mcp_typescript_template.TestTemplatePlaceholders" name="test_placeholders_documented_in_manifest" time="0.000" /><testcase classname="tests.templates.test_mcp_typescript_template.TestTemplatePlaceholders" name="test_placeholder_definitions_complete" time="0.000" /><testcase classname="tests.templates.test_mcp_typescript_template.TestTemplatePlaceholders" name="test_placeholders_have_patterns" time="0.000" /><testcase classname="tests.templates.test_mcp_typescript_template.TestTemplateIntegrity" name="test_readme_not_empty" time="0.000" /><testcase classname="tests.templates.test_mcp_typescript_template.TestTemplateIntegrity" name="test_claude_md_not_empty" time="0.000" /><testcase classname="tests.templates.test_mcp_typescript_template.TestTemplateIntegrity" name="test_template_files_have_placeholders" time="0.002" /></testsuite></testsuites>