{"meta": {"format": 3, "version": "7.12.0", "timestamp": "2025-12-13T21:04:53.582198", "branch_coverage": false, "show_contexts": false}, "files": {"installer/core/lib/__init__.py": {"executed_lines": [], "summary": {"covered_lines": 0, "num_statements": 0, "percent_covered": 100.0, "percent_covered_display": "100", "missing_lines": 0, "excluded_lines": 0, "percent_statements_covered": 100.0, "percent_statements_covered_display": "100"}, "missing_lines": [], "excluded_lines": [], "functions": {"": {"executed_lines": [], "summary": {"covered_lines": 0, "num_statements": 0, "percent_covered": 100.0, "percent_covered_display": "100", "missing_lines": 0, "excluded_lines": 0, "percent_statements_covered": 100.0, "percent_statements_covered_display": "100"}, "missing_lines": [], "excluded_lines": []}}, "classes": {"": {"executed_lines": [], "summary": {"covered_lines": 0, "num_statements": 0, "percent_covered": 100.0, "percent_covered_display": "100", "missing_lines": 0, "excluded_lines": 0, "percent_statements_covered": 100.0, "percent_statements_covered_display": "100"}, "missing_lines": [], "excluded_lines": []}}}, "installer/core/lib/agent_bridge/__init__.py": {"executed_lines": [], "summary": {"covered_lines": 0, "num_statements": 4, "percent_covered": 0.0, "percent_covered_display": "0", "missing_lines": 4, "excluded_lines": 0, "percent_statements_covered": 0.0, "percent_statements_covered_display": "0"}, "missing_lines": [8, 14, 16, 25], "excluded_lines": [], "functions": {"": {"executed_lines": [], "summary": {"covered_lines": 0, "num_statements": 4, "percent_covered": 0.0, "percent_covered_display": "0", "missing_lines": 4, "excluded_lines": 0, "percent_statements_covered": 0.0, "percent_statements_covered_display": "0"}, "missing_lines": [8, 14, 16, 25], "excluded_lines": []}}, "classes": {"": {"executed_lines": [], "summary": {"covered_lines": 0, "num_statements": 4, "percent_covered": 0.0, "percent_covered_display": "0", "missing_lines": 4, "excluded_lines": 0, "percent_statements_covered": 0.0, "percent_statements_covered_display": "0"}, "missing_lines": [8, 14, 16, 25], "excluded_lines": []}}}, "installer/core/lib/agent_bridge/invoker.py": {"executed_lines": [], "summary": {"covered_lines": 0, "num_statements": 97, "percent_covered": 0.0, "percent_covered_display": "0", "missing_lines": 97, "excluded_lines": 3, "percent_statements_covered": 0.0, "percent_statements_covered_display": "0"}, "missing_lines": [8, 9, 10, 11, 12, 13, 14, 15, 19, 21, 24, 27, 40, 41, 56, 57, 58, 59, 60, 61, 62, 63, 64, 65, 68, 69, 83, 84, 85, 86, 87, 88, 89, 90, 91, 94, 118, 138, 139, 141, 143, 144, 146, 148, 149, 150, 152, 183, 184, 187, 201, 206, 207, 208, 212, 214, 225, 226, 232, 233, 238, 239, 245, 258, 259, 262, 263, 269, 270, 271, 273, 274, 280, 281, 282, 283, 284, 287, 288, 289, 292, 294, 296, 298, 299, 305, 306, 311, 317, 319, 325, 327, 340, 342, 343, 346, 354], "excluded_lines": [37, 38, 39], "functions": {"AgentInvoker.invoke": {"executed_lines": [], "summary": {"covered_lines": 0, "num_statements": 0, "percent_covered": 100.0, "percent_covered_display": "100", "missing_lines": 0, "excluded_lines": 1, "percent_statements_covered": 100.0, "percent_statements_covered_display": "100"}, "missing_lines": [], "excluded_lines": [37]}, "AgentBridgeInvoker.__init__": {"executed_lines": [], "summary": {"covered_lines": 0, "num_statements": 9, "percent_covered": 0.0, "percent_covered_display": "0", "missing_lines": 9, "excluded_lines": 0, "percent_statements_covered": 0.0, "percent_statements_covered_display": "0"}, "missing_lines": [138, 139, 141, 143, 144, 146, 148, 149, 150], "excluded_lines": []}, "AgentBridgeInvoker.invoke": {"executed_lines": [], "summary": {"covered_lines": 0, "num_statements": 8, "percent_covered": 0.0, "percent_covered_display": "0", "missing_lines": 8, "excluded_lines": 0, "percent_statements_covered": 0.0, "percent_statements_covered_display": "0"}, "missing_lines": [183, 184, 187, 201, 206, 207, 208, 212], "excluded_lines": []}, "AgentBridgeInvoker.load_response": {"executed_lines": [], "summary": {"covered_lines": 0, "num_statements": 31, "percent_covered": 0.0, "percent_covered_display": "0", "missing_lines": 31, "excluded_lines": 0, "percent_statements_covered": 0.0, "percent_statements_covered_display": "0"}, "missing_lines": [225, 226, 232, 233, 238, 239, 245, 258, 259, 262, 263, 269, 270, 271, 273, 274, 280, 281, 282, 283, 284, 287, 288, 289, 292, 294, 296, 298, 299, 305, 306], "excluded_lines": []}, "AgentBridgeInvoker.has_pending_request": {"executed_lines": [], "summary": {"covered_lines": 0, "num_statements": 1, "percent_covered": 0.0, "percent_covered_display": "0", "missing_lines": 1, "excluded_lines": 0, "percent_statements_covered": 0.0, "percent_statements_covered_display": "0"}, "missing_lines": [317], "excluded_lines": []}, "AgentBridgeInvoker.has_response": {"executed_lines": [], "summary": {"covered_lines": 0, "num_statements": 1, "percent_covered": 0.0, "percent_covered_display": "0", "missing_lines": 1, "excluded_lines": 0, "percent_statements_covered": 0.0, "percent_statements_covered_display": "0"}, "missing_lines": [325], "excluded_lines": []}, "AgentBridgeInvoker.clear_cache": {"executed_lines": [], "summary": {"covered_lines": 0, "num_statements": 3, "percent_covered": 0.0, "percent_covered_display": "0", "missing_lines": 3, "excluded_lines": 0, "percent_statements_covered": 0.0, "percent_statements_covered_display": "0"}, "missing_lines": [340, 342, 343], "excluded_lines": []}, "": {"executed_lines": [], "summary": {"covered_lines": 0, "num_statements": 44, "percent_covered": 0.0, "percent_covered_display": "0", "missing_lines": 44, "excluded_lines": 2, "percent_statements_covered": 0.0, "percent_statements_covered_display": "0"}, "missing_lines": [8, 9, 10, 11, 12, 13, 14, 15, 19, 21, 24, 27, 40, 41, 56, 57, 58, 59, 60, 61, 62, 63, 64, 65, 68, 69, 83, 84, 85, 86, 87, 88, 89, 90, 91, 94, 118, 152, 214, 311, 319, 327, 346, 354], "excluded_lines": [38, 39]}}, "classes": {"AgentInvoker": {"executed_lines": [], "summary": {"covered_lines": 0, "num_statements": 0, "percent_covered": 100.0, "percent_covered_display": "100", "missing_lines": 0, "excluded_lines": 1, "percent_statements_covered": 100.0, "percent_statements_covered_display": "100"}, "missing_lines": [], "excluded_lines": [37]}, "AgentRequest": {"executed_lines": [], "summary": {"covered_lines": 0, "num_statements": 0, "percent_covered": 100.0, "percent_covered_display": "100", "missing_lines": 0, "excluded_lines": 0, "percent_statements_covered": 100.0, "percent_statements_covered_display": "100"}, "missing_lines": [], "excluded_lines": []}, "AgentResponse": {"executed_lines": [], "summary": {"covered_lines": 0, "num_statements": 0, "percent_covered": 100.0, "percent_covered_display": "100", "missing_lines": 0, "excluded_lines": 0, "percent_statements_covered": 100.0, "percent_statements_covered_display": "100"}, "missing_lines": [], "excluded_lines": []}, "AgentBridgeInvoker": {"executed_lines": [], "summary": {"covered_lines": 0, "num_statements": 53, "percent_covered": 0.0, "percent_covered_display": "0", "missing_lines": 53, "excluded_lines": 0, "percent_statements_covered": 0.0, "percent_statements_covered_display": "0"}, "missing_lines": [138, 139, 141, 143, 144, 146, 148, 149, 150, 183, 184, 187, 201, 206, 207, 208, 212, 225, 226, 232, 233, 238, 239, 245, 258, 259, 262, 263, 269, 270, 271, 273, 274, 280, 281, 282, 283, 284, 287, 288, 289, 292, 294, 296, 298, 299, 305, 306, 317, 325, 340, 342, 343], "excluded_lines": []}, "AgentInvocationError": {"executed_lines": [], "summary": {"covered_lines": 0, "num_statements": 0, "percent_covered": 100.0, "percent_covered_display": "100", "missing_lines": 0, "excluded_lines": 0, "percent_statements_covered": 100.0, "percent_statements_covered_display": "100"}, "missing_lines": [], "excluded_lines": []}, "": {"executed_lines": [], "summary": {"covered_lines": 0, "num_statements": 44, "percent_covered": 0.0, "percent_covered_display": "0", "missing_lines": 44, "excluded_lines": 2, "percent_statements_covered": 0.0, "percent_statements_covered_display": "0"}, "missing_lines": [8, 9, 10, 11, 12, 13, 14, 15, 19, 21, 24, 27, 40, 41, 56, 57, 58, 59, 60, 61, 62, 63, 64, 65, 68, 69, 83, 84, 85, 86, 87, 88, 89, 90, 91, 94, 118, 152, 214, 311, 319, 327, 346, 354], "excluded_lines": [38, 39]}}}, "installer/core/lib/agent_bridge/state_manager.py": {"executed_lines": [], "summary": {"covered_lines": 0, "num_statements": 62, "percent_covered": 0.0, "percent_covered_display": "0", "missing_lines": 62, "excluded_lines": 0, "percent_statements_covered": 0.0, "percent_statements_covered_display": "0"}, "missing_lines": [8, 9, 10, 11, 12, 16, 19, 20, 34, 35, 36, 37, 38, 39, 40, 41, 42, 45, 70, 78, 80, 81, 83, 107, 108, 109, 110, 111, 112, 113, 115, 117, 120, 133, 138, 148, 149, 154, 155, 156, 157, 158, 159, 160, 162, 168, 170, 183, 184, 187, 197, 198, 199, 204, 206, 220, 221, 223, 224, 225, 230, 235], "excluded_lines": [], "functions": {"StateManager.__init__": {"executed_lines": [], "summary": {"covered_lines": 0, "num_statements": 3, "percent_covered": 0.0, "percent_covered_display": "0", "missing_lines": 3, "excluded_lines": 0, "percent_statements_covered": 0.0, "percent_statements_covered_display": "0"}, "missing_lines": [78, 80, 81], "excluded_lines": []}, "StateManager.save_state": {"executed_lines": [], "summary": {"covered_lines": 0, "num_statements": 11, "percent_covered": 0.0, "percent_covered_display": "0", "missing_lines": 11, "excluded_lines": 0, "percent_statements_covered": 0.0, "percent_statements_covered_display": "0"}, "missing_lines": [107, 108, 109, 110, 111, 112, 113, 115, 117, 120, 133], "excluded_lines": []}, "StateManager.load_state": {"executed_lines": [], "summary": {"covered_lines": 0, "num_statements": 9, "percent_covered": 0.0, "percent_covered_display": "0", "missing_lines": 9, "excluded_lines": 0, "percent_statements_covered": 0.0, "percent_statements_covered_display": "0"}, "missing_lines": [148, 149, 154, 155, 156, 157, 158, 159, 160], "excluded_lines": []}, "StateManager.has_state": {"executed_lines": [], "summary": {"covered_lines": 0, "num_statements": 1, "percent_covered": 0.0, "percent_covered_display": "0", "missing_lines": 1, "excluded_lines": 0, "percent_statements_covered": 0.0, "percent_statements_covered_display": "0"}, "missing_lines": [168], "excluded_lines": []}, "StateManager.increment_resume_count": {"executed_lines": [], "summary": {"covered_lines": 0, "num_statements": 7, "percent_covered": 0.0, "percent_covered_display": "0", "missing_lines": 7, "excluded_lines": 0, "percent_statements_covered": 0.0, "percent_statements_covered_display": "0"}, "missing_lines": [183, 184, 187, 197, 198, 199, 204], "excluded_lines": []}, "StateManager.reset_resume_count": {"executed_lines": [], "summary": {"covered_lines": 0, "num_statements": 5, "percent_covered": 0.0, "percent_covered_display": "0", "missing_lines": 5, "excluded_lines": 0, "percent_statements_covered": 0.0, "percent_statements_covered_display": "0"}, "missing_lines": [220, 221, 223, 224, 225], "excluded_lines": []}, "StateManager.cleanup": {"executed_lines": [], "summary": {"covered_lines": 0, "num_statements": 1, "percent_covered": 0.0, "percent_covered_display": "0", "missing_lines": 1, "excluded_lines": 0, "percent_statements_covered": 0.0, "percent_statements_covered_display": "0"}, "missing_lines": [235], "excluded_lines": []}, "": {"executed_lines": [], "summary": {"covered_lines": 0, "num_statements": 25, "percent_covered": 0.0, "percent_covered_display": "0", "missing_lines": 25, "excluded_lines": 0, "percent_statements_covered": 0.0, "percent_statements_covered_display": "0"}, "missing_lines": [8, 9, 10, 11, 12, 16, 19, 20, 34, 35, 36, 37, 38, 39, 40, 41, 42, 45, 70, 83, 138, 162, 170, 206, 230], "excluded_lines": []}}, "classes": {"TemplateCreateState": {"executed_lines": [], "summary": {"covered_lines": 0, "num_statements": 0, "percent_covered": 100.0, "percent_covered_display": "100", "missing_lines": 0, "excluded_lines": 0, "percent_statements_covered": 100.0, "percent_statements_covered_display": "100"}, "missing_lines": [], "excluded_lines": []}, "StateManager": {"executed_lines": [], "summary": {"covered_lines": 0, "num_statements": 37, "percent_covered": 0.0, "percent_covered_display": "0", "missing_lines": 37, "excluded_lines": 0, "percent_statements_covered": 0.0, "percent_statements_covered_display": "0"}, "missing_lines": [78, 80, 81, 107, 108, 109, 110, 111, 112, 113, 115, 117, 120, 133, 148, 149, 154, 155, 156, 157, 158, 159, 160, 168, 183, 184, 187, 197, 198, 199, 204, 220, 221, 223, 224, 225, 235], "excluded_lines": []}, "": {"executed_lines": [], "summary": {"covered_lines": 0, "num_statements": 25, "percent_covered": 0.0, "percent_covered_display": "0", "missing_lines": 25, "excluded_lines": 0, "percent_statements_covered": 0.0, "percent_statements_covered_display": "0"}, "missing_lines": [8, 9, 10, 11, 12, 16, 19, 20, 34, 35, 36, 37, 38, 39, 40, 41, 42, 45, 70, 83, 138, 162, 170, 206, 230], "excluded_lines": []}}}, "installer/core/lib/agent_enhancement/__init__.py": {"executed_lines": [], "summary": {"covered_lines": 0, "num_statements": 0, "percent_covered": 100.0, "percent_covered_display": "100", "missing_lines": 0, "excluded_lines": 0, "percent_statements_covered": 100.0, "percent_statements_covered_display": "100"}, "missing_lines": [], "excluded_lines": [], "functions": {"": {"executed_lines": [], "summary": {"covered_lines": 0, "num_statements": 0, "percent_covered": 100.0, "percent_covered_display": "100", "missing_lines": 0, "excluded_lines": 0, "percent_statements_covered": 100.0, "percent_statements_covered_display": "100"}, "missing_lines": [], "excluded_lines": []}}, "classes": {"": {"executed_lines": [], "summary": {"covered_lines": 0, "num_statements": 0, "percent_covered": 100.0, "percent_covered_display": "100", "missing_lines": 0, "excluded_lines": 0, "percent_statements_covered": 100.0, "percent_statements_covered_display": "100"}, "missing_lines": [], "excluded_lines": []}}}, "installer/core/lib/agent_enhancement/applier.py": {"executed_lines": [], "summary": {"covered_lines": 0, "num_statements": 326, "percent_covered": 0.0, "percent_covered_display": "0", "missing_lines": 326, "excluded_lines": 0, "percent_statements_covered": 0.0, "percent_statements_covered_display": "0"}, "missing_lines": [10, 11, 12, 13, 14, 17, 22, 23, 24, 25, 28, 29, 30, 31, 33, 36, 46, 59, 62, 77, 78, 80, 81, 84, 85, 87, 90, 91, 93, 94, 95, 98, 101, 102, 103, 105, 131, 132, 134, 135, 136, 137, 140, 143, 144, 146, 154, 156, 174, 177, 180, 181, 182, 184, 185, 186, 187, 188, 189, 190, 191, 192, 195, 198, 201, 202, 204, 205, 206, 208, 212, 213, 216, 217, 219, 220, 222, 223, 225, 226, 227, 229, 232, 234, 235, 236, 237, 240, 243, 244, 246, 248, 251, 253, 254, 257, 259, 265, 277, 279, 295, 297, 298, 300, 302, 303, 306, 307, 308, 310, 316, 328, 329, 330, 332, 333, 334, 335, 336, 338, 339, 340, 342, 343, 344, 346, 358, 359, 361, 362, 363, 364, 365, 367, 368, 369, 371, 373, 375, 381, 398, 401, 404, 405, 407, 419, 420, 421, 422, 423, 424, 428, 429, 431, 432, 434, 449, 453, 455, 456, 457, 459, 461, 462, 464, 466, 487, 490, 493, 496, 499, 501, 502, 504, 505, 506, 508, 509, 512, 514, 515, 516, 517, 519, 521, 540, 541, 542, 545, 546, 549, 552, 553, 554, 560, 586, 587, 590, 591, 594, 595, 596, 598, 599, 601, 639, 640, 643, 646, 647, 648, 651, 652, 654, 655, 656, 659, 660, 667, 668, 669, 672, 673, 674, 678, 680, 685, 692, 726, 727, 730, 731, 733, 734, 736, 737, 738, 739, 742, 745, 748, 749, 754, 758, 760, 798, 801, 802, 803, 805, 806, 807, 809, 810, 813, 814, 815, 816, 819, 820, 824, 825, 828, 829, 830, 834, 838, 840, 879, 885, 889, 890, 891, 893, 895, 927, 930, 931, 932, 936, 937, 938, 939, 940, 944, 956, 957, 958, 959, 960, 961, 964, 965, 966, 967, 969, 971, 986, 1004, 1015, 1018, 1019, 1021, 1022, 1024, 1040, 1046, 1061, 1062, 1064, 1065, 1066, 1068, 1069, 1071, 1073, 1074, 1076, 1077, 1078, 1079, 1081, 1082, 1085, 1086, 1088], "excluded_lines": [], "functions": {"EnhancementApplier.apply": {"executed_lines": [], "summary": {"covered_lines": 0, "num_statements": 16, "percent_covered": 0.0, "percent_covered_display": "0", "missing_lines": 16, "excluded_lines": 0, "percent_statements_covered": 0.0, "percent_statements_covered_display": "0"}, "missing_lines": [77, 78, 80, 81, 84, 85, 87, 90, 91, 93, 94, 95, 98, 101, 102, 103], "excluded_lines": []}, "EnhancementApplier.generate_diff": {"executed_lines": [], "summary": {"covered_lines": 0, "num_statements": 11, "percent_covered": 0.0, "percent_covered_display": "0", "missing_lines": 11, "excluded_lines": 0, "percent_statements_covered": 0.0, "percent_statements_covered_display": "0"}, "missing_lines": [131, 132, 134, 135, 136, 137, 140, 143, 144, 146, 154], "excluded_lines": []}, "EnhancementApplier._merge_content": {"executed_lines": [], "summary": {"covered_lines": 0, "num_statements": 49, "percent_covered": 0.0, "percent_covered_display": "0", "missing_lines": 49, "excluded_lines": 0, "percent_statements_covered": 0.0, "percent_statements_covered_display": "0"}, "missing_lines": [174, 177, 180, 181, 182, 184, 185, 186, 187, 188, 189, 190, 191, 192, 195, 198, 201, 202, 204, 205, 206, 208, 212, 213, 216, 217, 219, 220, 222, 223, 225, 226, 227, 229, 232, 234, 235, 236, 237, 240, 243, 244, 246, 248, 251, 253, 254, 257, 259], "excluded_lines": []}, "EnhancementApplier._normalize_section_name": {"executed_lines": [], "summary": {"covered_lines": 0, "num_statements": 1, "percent_covered": 0.0, "percent_covered_display": "0", "missing_lines": 1, "excluded_lines": 0, "percent_statements_covered": 0.0, "percent_statements_covered_display": "0"}, "missing_lines": [277], "excluded_lines": []}, "EnhancementApplier._section_exists": {"executed_lines": [], "summary": {"covered_lines": 0, "num_statements": 10, "percent_covered": 0.0, "percent_covered_display": "0", "missing_lines": 10, "excluded_lines": 0, "percent_statements_covered": 0.0, "percent_statements_covered_display": "0"}, "missing_lines": [295, 297, 298, 300, 302, 303, 306, 307, 308, 310], "excluded_lines": []}, "EnhancementApplier._extract_boundaries_section": {"executed_lines": [], "summary": {"covered_lines": 0, "num_statements": 14, "percent_covered": 0.0, "percent_covered_display": "0", "missing_lines": 14, "excluded_lines": 0, "percent_statements_covered": 0.0, "percent_statements_covered_display": "0"}, "missing_lines": [328, 329, 330, 332, 333, 334, 335, 336, 338, 339, 340, 342, 343, 344], "excluded_lines": []}, "EnhancementApplier._remove_boundaries_section": {"executed_lines": [], "summary": {"covered_lines": 0, "num_statements": 13, "percent_covered": 0.0, "percent_covered_display": "0", "missing_lines": 13, "excluded_lines": 0, "percent_statements_covered": 0.0, "percent_statements_covered_display": "0"}, "missing_lines": [358, 359, 361, 362, 363, 364, 365, 367, 368, 369, 371, 373, 375], "excluded_lines": []}, "EnhancementApplier._sanitize_yaml_string": {"executed_lines": [], "summary": {"covered_lines": 0, "num_statements": 4, "percent_covered": 0.0, "percent_covered_display": "0", "missing_lines": 4, "excluded_lines": 0, "percent_statements_covered": 0.0, "percent_statements_covered_display": "0"}, "missing_lines": [398, 401, 404, 405], "excluded_lines": []}, "EnhancementApplier._sanitize_metadata_values": {"executed_lines": [], "summary": {"covered_lines": 0, "num_statements": 10, "percent_covered": 0.0, "percent_covered_display": "0", "missing_lines": 10, "excluded_lines": 0, "percent_statements_covered": 0.0, "percent_statements_covered_display": "0"}, "missing_lines": [419, 420, 421, 422, 423, 424, 428, 429, 431, 432], "excluded_lines": []}, "EnhancementApplier._preprocess_frontmatter": {"executed_lines": [], "summary": {"covered_lines": 0, "num_statements": 4, "percent_covered": 0.0, "percent_covered_display": "0", "missing_lines": 4, "excluded_lines": 0, "percent_statements_covered": 0.0, "percent_statements_covered_display": "0"}, "missing_lines": [449, 453, 455, 464], "excluded_lines": []}, "EnhancementApplier._preprocess_frontmatter.quote_if_needed": {"executed_lines": [], "summary": {"covered_lines": 0, "num_statements": 5, "percent_covered": 0.0, "percent_covered_display": "0", "missing_lines": 5, "excluded_lines": 0, "percent_statements_covered": 0.0, "percent_statements_covered_display": "0"}, "missing_lines": [456, 457, 459, 461, 462], "excluded_lines": []}, "EnhancementApplier._merge_frontmatter_metadata_content": {"executed_lines": [], "summary": {"covered_lines": 0, "num_statements": 18, "percent_covered": 0.0, "percent_covered_display": "0", "missing_lines": 18, "excluded_lines": 0, "percent_statements_covered": 0.0, "percent_statements_covered_display": "0"}, "missing_lines": [487, 490, 493, 496, 499, 501, 502, 504, 505, 506, 508, 509, 512, 514, 515, 516, 517, 519], "excluded_lines": []}, "EnhancementApplier._merge_frontmatter_metadata": {"executed_lines": [], "summary": {"covered_lines": 0, "num_statements": 9, "percent_covered": 0.0, "percent_covered_display": "0", "missing_lines": 9, "excluded_lines": 0, "percent_statements_covered": 0.0, "percent_statements_covered_display": "0"}, "missing_lines": [540, 541, 542, 545, 546, 549, 552, 553, 554], "excluded_lines": []}, "EnhancementApplier.create_extended_file": {"executed_lines": [], "summary": {"covered_lines": 0, "num_statements": 9, "percent_covered": 0.0, "percent_covered_display": "0", "missing_lines": 9, "excluded_lines": 0, "percent_statements_covered": 0.0, "percent_statements_covered_display": "0"}, "missing_lines": [586, 587, 590, 591, 594, 595, 596, 598, 599], "excluded_lines": []}, "EnhancementApplier.apply_with_split": {"executed_lines": [], "summary": {"covered_lines": 0, "num_statements": 22, "percent_covered": 0.0, "percent_covered_display": "0", "missing_lines": 22, "excluded_lines": 0, "percent_statements_covered": 0.0, "percent_statements_covered_display": "0"}, "missing_lines": [639, 640, 643, 646, 647, 648, 651, 652, 654, 655, 656, 659, 660, 667, 668, 669, 672, 673, 674, 678, 680, 685], "excluded_lines": []}, "EnhancementApplier._categorize_sections": {"executed_lines": [], "summary": {"covered_lines": 0, "num_statements": 16, "percent_covered": 0.0, "percent_covered_display": "0", "missing_lines": 16, "excluded_lines": 0, "percent_statements_covered": 0.0, "percent_statements_covered_display": "0"}, "missing_lines": [726, 727, 730, 731, 733, 734, 736, 737, 738, 739, 742, 745, 748, 749, 754, 758], "excluded_lines": []}, "EnhancementApplier._truncate_quick_start": {"executed_lines": [], "summary": {"covered_lines": 0, "num_statements": 22, "percent_covered": 0.0, "percent_covered_display": "0", "missing_lines": 22, "excluded_lines": 0, "percent_statements_covered": 0.0, "percent_statements_covered_display": "0"}, "missing_lines": [798, 801, 802, 803, 805, 806, 807, 809, 810, 813, 814, 815, 816, 819, 820, 824, 825, 828, 829, 830, 834, 838], "excluded_lines": []}, "EnhancementApplier._build_core_content": {"executed_lines": [], "summary": {"covered_lines": 0, "num_statements": 6, "percent_covered": 0.0, "percent_covered_display": "0", "missing_lines": 6, "excluded_lines": 0, "percent_statements_covered": 0.0, "percent_statements_covered_display": "0"}, "missing_lines": [879, 885, 889, 890, 891, 893], "excluded_lines": []}, "EnhancementApplier._build_extended_content": {"executed_lines": [], "summary": {"covered_lines": 0, "num_statements": 21, "percent_covered": 0.0, "percent_covered_display": "0", "missing_lines": 21, "excluded_lines": 0, "percent_statements_covered": 0.0, "percent_statements_covered_display": "0"}, "missing_lines": [927, 930, 931, 932, 936, 937, 938, 939, 940, 944, 956, 957, 958, 959, 960, 961, 964, 965, 966, 967, 969], "excluded_lines": []}, "EnhancementApplier._format_loading_instruction": {"executed_lines": [], "summary": {"covered_lines": 0, "num_statements": 1, "percent_covered": 0.0, "percent_covered_display": "0", "missing_lines": 1, "excluded_lines": 0, "percent_statements_covered": 0.0, "percent_statements_covered_display": "0"}, "missing_lines": [986], "excluded_lines": []}, "EnhancementApplier._append_section": {"executed_lines": [], "summary": {"covered_lines": 0, "num_statements": 5, "percent_covered": 0.0, "percent_covered_display": "0", "missing_lines": 5, "excluded_lines": 0, "percent_statements_covered": 0.0, "percent_statements_covered_display": "0"}, "missing_lines": [1015, 1018, 1019, 1021, 1022], "excluded_lines": []}, "EnhancementApplier._format_section_title": {"executed_lines": [], "summary": {"covered_lines": 0, "num_statements": 1, "percent_covered": 0.0, "percent_covered_display": "0", "missing_lines": 1, "excluded_lines": 0, "percent_statements_covered": 0.0, "percent_statements_covered_display": "0"}, "missing_lines": [1040], "excluded_lines": []}, "EnhancementApplier.remove_sections": {"executed_lines": [], "summary": {"covered_lines": 0, "num_statements": 19, "percent_covered": 0.0, "percent_covered_display": "0", "missing_lines": 19, "excluded_lines": 0, "percent_statements_covered": 0.0, "percent_statements_covered_display": "0"}, "missing_lines": [1061, 1062, 1064, 1065, 1066, 1068, 1069, 1071, 1073, 1074, 1076, 1077, 1078, 1079, 1081, 1082, 1085, 1086, 1088], "excluded_lines": []}, "": {"executed_lines": [], "summary": {"covered_lines": 0, "num_statements": 40, "percent_covered": 0.0, "percent_covered_display": "0", "missing_lines": 40, "excluded_lines": 0, "percent_statements_covered": 0.0, "percent_statements_covered_display": "0"}, "missing_lines": [10, 11, 12, 13, 14, 17, 22, 23, 24, 25, 28, 29, 30, 31, 33, 36, 46, 59, 62, 105, 156, 265, 279, 316, 346, 381, 407, 434, 466, 521, 560, 601, 692, 760, 840, 895, 971, 1004, 1024, 1046], "excluded_lines": []}}, "classes": {"EnhancementApplier": {"executed_lines": [], "summary": {"covered_lines": 0, "num_statements": 286, "percent_covered": 0.0, "percent_covered_display": "0", "missing_lines": 286, "excluded_lines": 0, "percent_statements_covered": 0.0, "percent_statements_covered_display": "0"}, "missing_lines": [77, 78, 80, 81, 84, 85, 87, 90, 91, 93, 94, 95, 98, 101, 102, 103, 131, 132, 134, 135, 136, 137, 140, 143, 144, 146, 154, 174, 177, 180, 181, 182, 184, 185, 186, 187, 188, 189, 190, 191, 192, 195, 198, 201, 202, 204, 205, 206, 208, 212, 213, 216, 217, 219, 220, 222, 223, 225, 226, 227, 229, 232, 234, 235, 236, 237, 240, 243, 244, 246, 248, 251, 253, 254, 257, 259, 277, 295, 297, 298, 300, 302, 303, 306, 307, 308, 310, 328, 329, 330, 332, 333, 334, 335, 336, 338, 339, 340, 342, 343, 344, 358, 359, 361, 362, 363, 364, 365, 367, 368, 369, 371, 373, 375, 398, 401, 404, 405, 419, 420, 421, 422, 423, 424, 428, 429, 431, 432, 449, 453, 455, 456, 457, 459, 461, 462, 464, 487, 490, 493, 496, 499, 501, 502, 504, 505, 506, 508, 509, 512, 514, 515, 516, 517, 519, 540, 541, 542, 545, 546, 549, 552, 553, 554, 586, 587, 590, 591, 594, 595, 596, 598, 599, 639, 640, 643, 646, 647, 648, 651, 652, 654, 655, 656, 659, 660, 667, 668, 669, 672, 673, 674, 678, 680, 685, 726, 727, 730, 731, 733, 734, 736, 737, 738, 739, 742, 745, 748, 749, 754, 758, 798, 801, 802, 803, 805, 806, 807, 809, 810, 813, 814, 815, 816, 819, 820, 824, 825, 828, 829, 830, 834, 838, 879, 885, 889, 890, 891, 893, 927, 930, 931, 932, 936, 937, 938, 939, 940, 944, 956, 957, 958, 959, 960, 961, 964, 965, 966, 967, 969, 986, 1015, 1018, 1019, 1021, 1022, 1040, 1061, 1062, 1064, 1065, 1066, 1068, 1069, 1071, 1073, 1074, 1076, 1077, 1078, 1079, 1081, 1082, 1085, 1086, 1088], "excluded_lines": []}, "": {"executed_lines": [], "summary": {"covered_lines": 0, "num_statements": 40, "percent_covered": 0.0, "percent_covered_display": "0", "missing_lines": 40, "excluded_lines": 0, "percent_statements_covered": 0.0, "percent_statements_covered_display": "0"}, "missing_lines": [10, 11, 12, 13, 14, 17, 22, 23, 24, 25, 28, 29, 30, 31, 33, 36, 46, 59, 62, 105, 156, 265, 279, 316, 346, 381, 407, 434, 466, 521, 560, 601, 692, 760, 840, 895, 971, 1004, 1024, 1046], "excluded_lines": []}}}, "installer/core/lib/agent_enhancement/boundary_utils.py": {"executed_lines": [], "summary": {"covered_lines": 0, "num_statements": 137, "percent_covered": 0.0, "percent_covered_display": "0", "missing_lines": 137, "excluded_lines": 0, "percent_statements_covered": 0.0, "percent_statements_covered_display": "0"}, "missing_lines": [14, 15, 19, 27, 49, 50, 51, 52, 53, 55, 57, 60, 61, 62, 66, 67, 70, 95, 96, 98, 99, 100, 101, 102, 103, 107, 108, 110, 111, 112, 113, 114, 117, 118, 120, 122, 123, 125, 126, 127, 128, 131, 132, 135, 137, 138, 139, 142, 143, 144, 147, 148, 149, 152, 155, 156, 157, 159, 162, 179, 181, 182, 183, 186, 187, 188, 189, 190, 191, 193, 194, 197, 198, 199, 202, 203, 204, 207, 208, 213, 214, 219, 220, 225, 226, 229, 243, 244, 245, 248, 250, 251, 253, 254, 255, 257, 260, 273, 274, 275, 277, 278, 279, 282, 300, 303, 311, 314, 327, 329, 330, 331, 332, 333, 334, 335, 336, 338, 341, 343, 366, 368, 391, 393, 416, 418, 441, 443, 468, 489, 516, 517, 520, 522, 523, 524, 526], "excluded_lines": [], "functions": {"find_boundaries_insertion_point": {"executed_lines": [], "summary": {"covered_lines": 0, "num_statements": 12, "percent_covered": 0.0, "percent_covered_display": "0", "missing_lines": 12, "excluded_lines": 0, "percent_statements_covered": 0.0, "percent_statements_covered_display": "0"}, "missing_lines": [49, 50, 51, 52, 53, 55, 57, 60, 61, 62, 66, 67], "excluded_lines": []}, "_find_post_description_position": {"executed_lines": [], "summary": {"covered_lines": 0, "num_statements": 41, "percent_covered": 0.0, "percent_covered_display": "0", "missing_lines": 41, "excluded_lines": 0, "percent_statements_covered": 0.0, "percent_statements_covered_display": "0"}, "missing_lines": [95, 96, 98, 99, 100, 101, 102, 103, 107, 108, 110, 111, 112, 113, 114, 117, 118, 120, 122, 123, 125, 126, 127, 128, 131, 132, 135, 137, 138, 139, 142, 143, 144, 147, 148, 149, 152, 155, 156, 157, 159], "excluded_lines": []}, "validate_boundaries_format": {"executed_lines": [], "summary": {"covered_lines": 0, "num_statements": 26, "percent_covered": 0.0, "percent_covered_display": "0", "missing_lines": 26, "excluded_lines": 0, "percent_statements_covered": 0.0, "percent_statements_covered_display": "0"}, "missing_lines": [179, 181, 182, 183, 186, 187, 188, 189, 190, 191, 193, 194, 197, 198, 199, 202, 203, 204, 207, 208, 213, 214, 219, 220, 225, 226], "excluded_lines": []}, "_extract_subsection": {"executed_lines": [], "summary": {"covered_lines": 0, "num_statements": 10, "percent_covered": 0.0, "percent_covered_display": "0", "missing_lines": 10, "excluded_lines": 0, "percent_statements_covered": 0.0, "percent_statements_covered_display": "0"}, "missing_lines": [243, 244, 245, 248, 250, 251, 253, 254, 255, 257], "excluded_lines": []}, "_count_rules": {"executed_lines": [], "summary": {"covered_lines": 0, "num_statements": 6, "percent_covered": 0.0, "percent_covered_display": "0", "missing_lines": 6, "excluded_lines": 0, "percent_statements_covered": 0.0, "percent_statements_covered_display": "0"}, "missing_lines": [273, 274, 275, 277, 278, 279], "excluded_lines": []}, "generate_generic_boundaries": {"executed_lines": [], "summary": {"covered_lines": 0, "num_statements": 3, "percent_covered": 0.0, "percent_covered_display": "0", "missing_lines": 3, "excluded_lines": 0, "percent_statements_covered": 0.0, "percent_statements_covered_display": "0"}, "missing_lines": [300, 303, 311], "excluded_lines": []}, "_infer_role_category": {"executed_lines": [], "summary": {"covered_lines": 0, "num_statements": 10, "percent_covered": 0.0, "percent_covered_display": "0", "missing_lines": 10, "excluded_lines": 0, "percent_statements_covered": 0.0, "percent_statements_covered_display": "0"}, "missing_lines": [327, 329, 330, 331, 332, 333, 334, 335, 336, 338], "excluded_lines": []}, "_testing_boundaries_template": {"executed_lines": [], "summary": {"covered_lines": 0, "num_statements": 1, "percent_covered": 0.0, "percent_covered_display": "0", "missing_lines": 1, "excluded_lines": 0, "percent_statements_covered": 0.0, "percent_statements_covered_display": "0"}, "missing_lines": [343], "excluded_lines": []}, "_architecture_boundaries_template": {"executed_lines": [], "summary": {"covered_lines": 0, "num_statements": 1, "percent_covered": 0.0, "percent_covered_display": "0", "missing_lines": 1, "excluded_lines": 0, "percent_statements_covered": 0.0, "percent_statements_covered_display": "0"}, "missing_lines": [368], "excluded_lines": []}, "_code_review_boundaries_template": {"executed_lines": [], "summary": {"covered_lines": 0, "num_statements": 1, "percent_covered": 0.0, "percent_covered_display": "0", "missing_lines": 1, "excluded_lines": 0, "percent_statements_covered": 0.0, "percent_statements_covered_display": "0"}, "missing_lines": [393], "excluded_lines": []}, "_orchestration_boundaries_template": {"executed_lines": [], "summary": {"covered_lines": 0, "num_statements": 1, "percent_covered": 0.0, "percent_covered_display": "0", "missing_lines": 1, "excluded_lines": 0, "percent_statements_covered": 0.0, "percent_statements_covered_display": "0"}, "missing_lines": [418], "excluded_lines": []}, "_default_boundaries_template": {"executed_lines": [], "summary": {"covered_lines": 0, "num_statements": 1, "percent_covered": 0.0, "percent_covered_display": "0", "missing_lines": 1, "excluded_lines": 0, "percent_statements_covered": 0.0, "percent_statements_covered_display": "0"}, "missing_lines": [443], "excluded_lines": []}, "is_generic_boundaries": {"executed_lines": [], "summary": {"covered_lines": 0, "num_statements": 7, "percent_covered": 0.0, "percent_covered_display": "0", "missing_lines": 7, "excluded_lines": 0, "percent_statements_covered": 0.0, "percent_statements_covered_display": "0"}, "missing_lines": [516, 517, 520, 522, 523, 524, 526], "excluded_lines": []}, "": {"executed_lines": [], "summary": {"covered_lines": 0, "num_statements": 17, "percent_covered": 0.0, "percent_covered_display": "0", "missing_lines": 17, "excluded_lines": 0, "percent_statements_covered": 0.0, "percent_statements_covered_display": "0"}, "missing_lines": [14, 15, 19, 27, 70, 162, 229, 260, 282, 314, 341, 366, 391, 416, 441, 468, 489], "excluded_lines": []}}, "classes": {"": {"executed_lines": [], "summary": {"covered_lines": 0, "num_statements": 137, "percent_covered": 0.0, "percent_covered_display": "0", "missing_lines": 137, "excluded_lines": 0, "percent_statements_covered": 0.0, "percent_statements_covered_display": "0"}, "missing_lines": [14, 15, 19, 27, 49, 50, 51, 52, 53, 55, 57, 60, 61, 62, 66, 67, 70, 95, 96, 98, 99, 100, 101, 102, 103, 107, 108, 110, 111, 112, 113, 114, 117, 118, 120, 122, 123, 125, 126, 127, 128, 131, 132, 135, 137, 138, 139, 142, 143, 144, 147, 148, 149, 152, 155, 156, 157, 159, 162, 179, 181, 182, 183, 186, 187, 188, 189, 190, 191, 193, 194, 197, 198, 199, 202, 203, 204, 207, 208, 213, 214, 219, 220, 225, 226, 229, 243, 244, 245, 248, 250, 251, 253, 254, 255, 257, 260, 273, 274, 275, 277, 278, 279, 282, 300, 303, 311, 314, 327, 329, 330, 331, 332, 333, 334, 335, 336, 338, 341, 343, 366, 368, 391, 393, 416, 418, 441, 443, 468, 489, 516, 517, 520, 522, 523, 524, 526], "excluded_lines": []}}}, "installer/core/lib/agent_enhancement/enhancer.py": {"executed_lines": [], "summary": {"covered_lines": 0, "num_statements": 327, "percent_covered": 0.0, "percent_covered_display": "0", "missing_lines": 327, "excluded_lines": 0, "percent_statements_covered": 0.0, "percent_statements_covered_display": "0"}, "missing_lines": [10, 11, 12, 13, 14, 17, 21, 22, 23, 24, 26, 29, 38, 41, 44, 58, 59, 60, 63, 64, 65, 67, 68, 70, 71, 74, 75, 76, 78, 79, 81, 82, 85, 86, 87, 89, 90, 92, 93, 96, 97, 98, 100, 133, 135, 137, 138, 140, 143, 144, 146, 151, 152, 155, 156, 158, 165, 166, 168, 171, 172, 174, 177, 178, 180, 181, 183, 184, 187, 188, 193, 194, 195, 198, 199, 201, 202, 203, 206, 207, 209, 211, 214, 217, 231, 232, 233, 248, 256, 257, 258, 259, 260, 262, 263, 264, 265, 266, 268, 270, 295, 297, 298, 301, 307, 308, 309, 310, 311, 313, 314, 317, 318, 319, 321, 327, 329, 330, 331, 337, 342, 344, 345, 346, 347, 352, 353, 354, 356, 357, 358, 361, 363, 364, 365, 367, 368, 370, 373, 374, 375, 376, 379, 380, 381, 382, 383, 385, 388, 391, 396, 398, 399, 400, 401, 403, 405, 406, 407, 408, 410, 411, 414, 415, 416, 417, 420, 428, 430, 431, 432, 433, 435, 436, 437, 438, 439, 441, 468, 470, 472, 473, 475, 476, 477, 478, 480, 483, 485, 487, 488, 490, 491, 492, 493, 495, 496, 498, 499, 500, 501, 503, 504, 506, 513, 516, 517, 518, 520, 521, 523, 524, 525, 528, 530, 540, 555, 556, 557, 560, 563, 564, 565, 568, 569, 570, 572, 573, 575, 577, 579, 589, 590, 591, 592, 595, 596, 598, 599, 601, 602, 603, 604, 605, 607, 624, 625, 626, 628, 630, 647, 648, 651, 652, 654, 655, 656, 659, 660, 661, 662, 665, 668, 669, 672, 674, 675, 677, 679, 689, 690, 691, 692, 694, 695, 697, 722, 723, 724, 725, 728, 729, 730, 732, 733, 734, 735, 737, 739, 740, 741, 742, 743, 744, 745, 746, 747, 748, 749, 750, 752, 753, 754, 757, 759, 760, 761, 762, 763, 766, 767, 768, 769, 772, 773, 774, 775, 776, 779, 780, 782, 783, 788, 789, 791, 793, 803], "excluded_lines": [], "functions": {"SingleAgentEnhancer.__init__": {"executed_lines": [], "summary": {"covered_lines": 0, "num_statements": 6, "percent_covered": 0.0, "percent_covered_display": "0", "missing_lines": 6, "excluded_lines": 0, "percent_statements_covered": 0.0, "percent_statements_covered_display": "0"}, "missing_lines": [58, 59, 60, 63, 64, 65], "excluded_lines": []}, "SingleAgentEnhancer.prompt_builder": {"executed_lines": [], "summary": {"covered_lines": 0, "num_statements": 5, "percent_covered": 0.0, "percent_covered_display": "0", "missing_lines": 5, "excluded_lines": 0, "percent_statements_covered": 0.0, "percent_statements_covered_display": "0"}, "missing_lines": [70, 71, 74, 75, 76], "excluded_lines": []}, "SingleAgentEnhancer.parser": {"executed_lines": [], "summary": {"covered_lines": 0, "num_statements": 5, "percent_covered": 0.0, "percent_covered_display": "0", "missing_lines": 5, "excluded_lines": 0, "percent_statements_covered": 0.0, "percent_statements_covered_display": "0"}, "missing_lines": [81, 82, 85, 86, 87], "excluded_lines": []}, "SingleAgentEnhancer.applier": {"executed_lines": [], "summary": {"covered_lines": 0, "num_statements": 5, "percent_covered": 0.0, "percent_covered_display": "0", "missing_lines": 5, "excluded_lines": 0, "percent_statements_covered": 0.0, "percent_statements_covered_display": "0"}, "missing_lines": [92, 93, 96, 97, 98], "excluded_lines": []}, "SingleAgentEnhancer.enhance": {"executed_lines": [], "summary": {"covered_lines": 0, "num_statements": 44, "percent_covered": 0.0, "percent_covered_display": "0", "missing_lines": 44, "excluded_lines": 0, "percent_statements_covered": 0.0, "percent_statements_covered_display": "0"}, "missing_lines": [133, 135, 137, 138, 140, 143, 144, 146, 151, 152, 155, 156, 158, 165, 166, 168, 171, 172, 174, 177, 178, 180, 181, 183, 184, 187, 188, 193, 194, 195, 198, 199, 201, 202, 203, 206, 207, 209, 211, 214, 217, 231, 232, 233], "excluded_lines": []}, "SingleAgentEnhancer._generate_enhancement": {"executed_lines": [], "summary": {"covered_lines": 0, "num_statements": 11, "percent_covered": 0.0, "percent_covered_display": "0", "missing_lines": 11, "excluded_lines": 0, "percent_statements_covered": 0.0, "percent_statements_covered_display": "0"}, "missing_lines": [256, 257, 258, 259, 260, 262, 263, 264, 265, 266, 268], "excluded_lines": []}, "SingleAgentEnhancer._ai_enhancement": {"executed_lines": [], "summary": {"covered_lines": 0, "num_statements": 77, "percent_covered": 0.0, "percent_covered_display": "0", "missing_lines": 77, "excluded_lines": 0, "percent_statements_covered": 0.0, "percent_statements_covered_display": "0"}, "missing_lines": [295, 297, 298, 301, 307, 308, 309, 310, 311, 313, 314, 317, 318, 319, 321, 327, 329, 330, 331, 337, 342, 344, 345, 346, 347, 352, 353, 354, 356, 357, 358, 361, 363, 364, 365, 367, 368, 370, 373, 374, 375, 376, 379, 380, 381, 382, 383, 385, 388, 391, 396, 398, 399, 400, 401, 403, 405, 406, 407, 408, 410, 411, 414, 415, 416, 417, 420, 428, 430, 431, 432, 433, 435, 436, 437, 438, 439], "excluded_lines": []}, "SingleAgentEnhancer._ai_enhancement_with_retry": {"executed_lines": [], "summary": {"covered_lines": 0, "num_statements": 25, "percent_covered": 0.0, "percent_covered_display": "0", "missing_lines": 25, "excluded_lines": 0, "percent_statements_covered": 0.0, "percent_statements_covered_display": "0"}, "missing_lines": [468, 470, 472, 473, 475, 476, 477, 478, 480, 483, 485, 487, 488, 490, 491, 492, 493, 495, 496, 498, 499, 500, 501, 503, 504], "excluded_lines": []}, "SingleAgentEnhancer._static_enhancement": {"executed_lines": [], "summary": {"covered_lines": 0, "num_statements": 11, "percent_covered": 0.0, "percent_covered_display": "0", "missing_lines": 11, "excluded_lines": 0, "percent_statements_covered": 0.0, "percent_statements_covered_display": "0"}, "missing_lines": [513, 516, 517, 518, 520, 521, 523, 524, 525, 528, 530], "excluded_lines": []}, "SingleAgentEnhancer._ensure_boundaries": {"executed_lines": [], "summary": {"covered_lines": 0, "num_statements": 14, "percent_covered": 0.0, "percent_covered_display": "0", "missing_lines": 14, "excluded_lines": 0, "percent_statements_covered": 0.0, "percent_statements_covered_display": "0"}, "missing_lines": [555, 556, 557, 560, 563, 564, 565, 568, 569, 570, 572, 573, 575, 577], "excluded_lines": []}, "SingleAgentEnhancer._load_agent_metadata": {"executed_lines": [], "summary": {"covered_lines": 0, "num_statements": 13, "percent_covered": 0.0, "percent_covered_display": "0", "missing_lines": 13, "excluded_lines": 0, "percent_statements_covered": 0.0, "percent_statements_covered_display": "0"}, "missing_lines": [589, 590, 591, 592, 595, 596, 598, 599, 601, 602, 603, 604, 605], "excluded_lines": []}, "SingleAgentEnhancer._discover_relevant_templates": {"executed_lines": [], "summary": {"covered_lines": 0, "num_statements": 4, "percent_covered": 0.0, "percent_covered_display": "0", "missing_lines": 4, "excluded_lines": 0, "percent_statements_covered": 0.0, "percent_statements_covered_display": "0"}, "missing_lines": [624, 625, 626, 628], "excluded_lines": []}, "SingleAgentEnhancer._post_process_metadata": {"executed_lines": [], "summary": {"covered_lines": 0, "num_statements": 18, "percent_covered": 0.0, "percent_covered_display": "0", "missing_lines": 18, "excluded_lines": 0, "percent_statements_covered": 0.0, "percent_statements_covered_display": "0"}, "missing_lines": [647, 648, 651, 652, 654, 655, 656, 659, 660, 661, 662, 665, 668, 669, 672, 674, 675, 677], "excluded_lines": []}, "SingleAgentEnhancer._validate_enhancement": {"executed_lines": [], "summary": {"covered_lines": 0, "num_statements": 6, "percent_covered": 0.0, "percent_covered_display": "0", "missing_lines": 6, "excluded_lines": 0, "percent_statements_covered": 0.0, "percent_statements_covered_display": "0"}, "missing_lines": [689, 690, 691, 692, 694, 695], "excluded_lines": []}, "SingleAgentEnhancer.reparse_enhanced_file": {"executed_lines": [], "summary": {"covered_lines": 0, "num_statements": 49, "percent_covered": 0.0, "percent_covered_display": "0", "missing_lines": 49, "excluded_lines": 0, "percent_statements_covered": 0.0, "percent_statements_covered_display": "0"}, "missing_lines": [722, 723, 724, 725, 728, 729, 730, 732, 733, 734, 735, 737, 739, 740, 741, 742, 743, 744, 745, 746, 747, 748, 749, 750, 752, 753, 754, 757, 759, 760, 761, 762, 763, 766, 767, 768, 769, 772, 773, 774, 775, 776, 779, 780, 782, 783, 788, 789, 791], "excluded_lines": []}, "SingleAgentEnhancer._normalize_section_key": {"executed_lines": [], "summary": {"covered_lines": 0, "num_statements": 1, "percent_covered": 0.0, "percent_covered_display": "0", "missing_lines": 1, "excluded_lines": 0, "percent_statements_covered": 0.0, "percent_statements_covered_display": "0"}, "missing_lines": [803], "excluded_lines": []}, "": {"executed_lines": [], "summary": {"covered_lines": 0, "num_statements": 33, "percent_covered": 0.0, "percent_covered_display": "0", "missing_lines": 33, "excluded_lines": 0, "percent_statements_covered": 0.0, "percent_statements_covered_display": "0"}, "missing_lines": [10, 11, 12, 13, 14, 17, 21, 22, 23, 24, 26, 29, 38, 41, 44, 67, 68, 78, 79, 89, 90, 100, 248, 270, 441, 506, 540, 579, 607, 630, 679, 697, 793], "excluded_lines": []}}, "classes": {"ValidationError": {"executed_lines": [], "summary": {"covered_lines": 0, "num_statements": 0, "percent_covered": 100.0, "percent_covered_display": "100", "missing_lines": 0, "excluded_lines": 0, "percent_statements_covered": 100.0, "percent_statements_covered_display": "100"}, "missing_lines": [], "excluded_lines": []}, "SingleAgentEnhancer": {"executed_lines": [], "summary": {"covered_lines": 0, "num_statements": 294, "percent_covered": 0.0, "percent_covered_display": "0", "missing_lines": 294, "excluded_lines": 0, "percent_statements_covered": 0.0, "percent_statements_covered_display": "0"}, "missing_lines": [58, 59, 60, 63, 64, 65, 70, 71, 74, 75, 76, 81, 82, 85, 86, 87, 92, 93, 96, 97, 98, 133, 135, 137, 138, 140, 143, 144, 146, 151, 152, 155, 156, 158, 165, 166, 168, 171, 172, 174, 177, 178, 180, 181, 183, 184, 187, 188, 193, 194, 195, 198, 199, 201, 202, 203, 206, 207, 209, 211, 214, 217, 231, 232, 233, 256, 257, 258, 259, 260, 262, 263, 264, 265, 266, 268, 295, 297, 298, 301, 307, 308, 309, 310, 311, 313, 314, 317, 318, 319, 321, 327, 329, 330, 331, 337, 342, 344, 345, 346, 347, 352, 353, 354, 356, 357, 358, 361, 363, 364, 365, 367, 368, 370, 373, 374, 375, 376, 379, 380, 381, 382, 383, 385, 388, 391, 396, 398, 399, 400, 401, 403, 405, 406, 407, 408, 410, 411, 414, 415, 416, 417, 420, 428, 430, 431, 432, 433, 435, 436, 437, 438, 439, 468, 470, 472, 473, 475, 476, 477, 478, 480, 483, 485, 487, 488, 490, 491, 492, 493, 495, 496, 498, 499, 500, 501, 503, 504, 513, 516, 517, 518, 520, 521, 523, 524, 525, 528, 530, 555, 556, 557, 560, 563, 564, 565, 568, 569, 570, 572, 573, 575, 577, 589, 590, 591, 592, 595, 596, 598, 599, 601, 602, 603, 604, 605, 624, 625, 626, 628, 647, 648, 651, 652, 654, 655, 656, 659, 660, 661, 662, 665, 668, 669, 672, 674, 675, 677, 689, 690, 691, 692, 694, 695, 722, 723, 724, 725, 728, 729, 730, 732, 733, 734, 735, 737, 739, 740, 741, 742, 743, 744, 745, 746, 747, 748, 749, 750, 752, 753, 754, 757, 759, 760, 761, 762, 763, 766, 767, 768, 769, 772, 773, 774, 775, 776, 779, 780, 782, 783, 788, 789, 791, 803], "excluded_lines": []}, "": {"executed_lines": [], "summary": {"covered_lines": 0, "num_statements": 33, "percent_covered": 0.0, "percent_covered_display": "0", "missing_lines": 33, "excluded_lines": 0, "percent_statements_covered": 0.0, "percent_statements_covered_display": "0"}, "missing_lines": [10, 11, 12, 13, 14, 17, 21, 22, 23, 24, 26, 29, 38, 41, 44, 67, 68, 78, 79, 89, 90, 100, 248, 270, 441, 506, 540, 579, 607, 630, 679, 697, 793], "excluded_lines": []}}}, "installer/core/lib/agent_enhancement/metadata_validator.py": {"executed_lines": [], "summary": {"covered_lines": 0, "num_statements": 69, "percent_covered": 0.0, "percent_covered_display": "0", "missing_lines": 69, "excluded_lines": 0, "percent_statements_covered": 0.0, "percent_statements_covered_display": "0"}, "missing_lines": [10, 11, 13, 16, 32, 48, 75, 94, 95, 97, 98, 99, 101, 102, 103, 104, 106, 109, 110, 111, 112, 115, 116, 117, 121, 122, 126, 127, 129, 132, 148, 149, 150, 153, 169, 170, 172, 174, 175, 177, 180, 196, 197, 199, 200, 201, 203, 205, 208, 231, 232, 234, 235, 238, 239, 242, 245, 246, 249, 252, 253, 254, 255, 257, 258, 259, 260, 262, 264], "excluded_lines": [], "functions": {"validate_stack": {"executed_lines": [], "summary": {"covered_lines": 0, "num_statements": 22, "percent_covered": 0.0, "percent_covered_display": "0", "missing_lines": 22, "excluded_lines": 0, "percent_statements_covered": 0.0, "percent_statements_covered_display": "0"}, "missing_lines": [94, 95, 97, 98, 99, 101, 102, 103, 104, 106, 109, 110, 111, 112, 115, 116, 117, 121, 122, 126, 127, 129], "excluded_lines": []}, "is_library": {"executed_lines": [], "summary": {"covered_lines": 0, "num_statements": 3, "percent_covered": 0.0, "percent_covered_display": "0", "missing_lines": 3, "excluded_lines": 0, "percent_statements_covered": 0.0, "percent_statements_covered_display": "0"}, "missing_lines": [148, 149, 150], "excluded_lines": []}, "normalize_stack_value": {"executed_lines": [], "summary": {"covered_lines": 0, "num_statements": 6, "percent_covered": 0.0, "percent_covered_display": "0", "missing_lines": 6, "excluded_lines": 0, "percent_statements_covered": 0.0, "percent_statements_covered_display": "0"}, "missing_lines": [169, 170, 172, 174, 175, 177], "excluded_lines": []}, "extract_libraries_from_stack": {"executed_lines": [], "summary": {"covered_lines": 0, "num_statements": 7, "percent_covered": 0.0, "percent_covered_display": "0", "missing_lines": 7, "excluded_lines": 0, "percent_statements_covered": 0.0, "percent_statements_covered_display": "0"}, "missing_lines": [196, 197, 199, 200, 201, 203, 205], "excluded_lines": []}, "post_process_metadata": {"executed_lines": [], "summary": {"covered_lines": 0, "num_statements": 20, "percent_covered": 0.0, "percent_covered_display": "0", "missing_lines": 20, "excluded_lines": 0, "percent_statements_covered": 0.0, "percent_statements_covered_display": "0"}, "missing_lines": [231, 232, 234, 235, 238, 239, 242, 245, 246, 249, 252, 253, 254, 255, 257, 258, 259, 260, 262, 264], "excluded_lines": []}, "": {"executed_lines": [], "summary": {"covered_lines": 0, "num_statements": 11, "percent_covered": 0.0, "percent_covered_display": "0", "missing_lines": 11, "excluded_lines": 0, "percent_statements_covered": 0.0, "percent_statements_covered_display": "0"}, "missing_lines": [10, 11, 13, 16, 32, 48, 75, 132, 153, 180, 208], "excluded_lines": []}}, "classes": {"": {"executed_lines": [], "summary": {"covered_lines": 0, "num_statements": 69, "percent_covered": 0.0, "percent_covered_display": "0", "missing_lines": 69, "excluded_lines": 0, "percent_statements_covered": 0.0, "percent_statements_covered_display": "0"}, "missing_lines": [10, 11, 13, 16, 32, 48, 75, 94, 95, 97, 98, 99, 101, 102, 103, 104, 106, 109, 110, 111, 112, 115, 116, 117, 121, 122, 126, 127, 129, 132, 148, 149, 150, 153, 169, 170, 172, 174, 175, 177, 180, 196, 197, 199, 200, 201, 203, 205, 208, 231, 232, 234, 235, 238, 239, 242, 245, 246, 249, 252, 253, 254, 255, 257, 258, 259, 260, 262, 264], "excluded_lines": []}}}, "installer/core/lib/agent_enhancement/models.py": {"executed_lines": [], "summary": {"covered_lines": 0, "num_statements": 47, "percent_covered": 0.0, "percent_covered_display": "0", "missing_lines": 47, "excluded_lines": 0, "percent_statements_covered": 0.0, "percent_statements_covered_display": "0"}, "missing_lines": [9, 11, 12, 13, 16, 40, 41, 42, 43, 44, 45, 46, 47, 48, 49, 50, 51, 52, 53, 54, 57, 58, 79, 80, 81, 82, 85, 86, 134, 135, 136, 137, 138, 139, 140, 141, 142, 143, 144, 145, 147, 148, 164, 165, 167, 168, 170], "excluded_lines": [], "functions": {"EnhancementResult.files": {"executed_lines": [], "summary": {"covered_lines": 0, "num_statements": 5, "percent_covered": 0.0, "percent_covered_display": "0", "missing_lines": 5, "excluded_lines": 0, "percent_statements_covered": 0.0, "percent_statements_covered_display": "0"}, "missing_lines": [164, 165, 167, 168, 170], "excluded_lines": []}, "": {"executed_lines": [], "summary": {"covered_lines": 0, "num_statements": 42, "percent_covered": 0.0, "percent_covered_display": "0", "missing_lines": 42, "excluded_lines": 0, "percent_statements_covered": 0.0, "percent_statements_covered_display": "0"}, "missing_lines": [9, 11, 12, 13, 16, 40, 41, 42, 43, 44, 45, 46, 47, 48, 49, 50, 51, 52, 53, 54, 57, 58, 79, 80, 81, 82, 85, 86, 134, 135, 136, 137, 138, 139, 140, 141, 142, 143, 144, 145, 147, 148], "excluded_lines": []}}, "classes": {"AgentEnhancement": {"executed_lines": [], "summary": {"covered_lines": 0, "num_statements": 0, "percent_covered": 100.0, "percent_covered_display": "100", "missing_lines": 0, "excluded_lines": 0, "percent_statements_covered": 100.0, "percent_statements_covered_display": "100"}, "missing_lines": [], "excluded_lines": []}, "SplitContent": {"executed_lines": [], "summary": {"covered_lines": 0, "num_statements": 0, "percent_covered": 100.0, "percent_covered_display": "100", "missing_lines": 0, "excluded_lines": 0, "percent_statements_covered": 100.0, "percent_statements_covered_display": "100"}, "missing_lines": [], "excluded_lines": []}, "EnhancementResult": {"executed_lines": [], "summary": {"covered_lines": 0, "num_statements": 5, "percent_covered": 0.0, "percent_covered_display": "0", "missing_lines": 5, "excluded_lines": 0, "percent_statements_covered": 0.0, "percent_statements_covered_display": "0"}, "missing_lines": [164, 165, 167, 168, 170], "excluded_lines": []}, "": {"executed_lines": [], "summary": {"covered_lines": 0, "num_statements": 42, "percent_covered": 0.0, "percent_covered_display": "0", "missing_lines": 42, "excluded_lines": 0, "percent_statements_covered": 0.0, "percent_statements_covered_display": "0"}, "missing_lines": [9, 11, 12, 13, 16, 40, 41, 42, 43, 44, 45, 46, 47, 48, 49, 50, 51, 52, 53, 54, 57, 58, 79, 80, 81, 82, 85, 86, 134, 135, 136, 137, 138, 139, 140, 141, 142, 143, 144, 145, 147, 148], "excluded_lines": []}}}, "installer/core/lib/agent_enhancement/orchestrator.py": {"executed_lines": [], "summary": {"covered_lines": 0, "num_statements": 127, "percent_covered": 0.0, "percent_covered_display": "0", "missing_lines": 127, "excluded_lines": 0, "percent_statements_covered": 0.0, "percent_statements_covered_display": "0"}, "missing_lines": [14, 15, 16, 17, 18, 19, 23, 25, 28, 29, 31, 32, 33, 34, 35, 36, 39, 60, 76, 77, 78, 79, 82, 87, 88, 89, 90, 91, 95, 96, 97, 99, 126, 127, 128, 129, 131, 133, 152, 154, 155, 160, 163, 172, 173, 174, 175, 178, 179, 181, 182, 185, 186, 187, 190, 191, 193, 214, 215, 221, 222, 223, 224, 230, 231, 232, 233, 236, 237, 244, 246, 254, 255, 256, 257, 260, 261, 263, 265, 266, 267, 269, 282, 292, 296, 304, 305, 307, 314, 315, 316, 317, 320, 321, 322, 324, 325, 326, 327, 329, 330, 331, 332, 338, 354, 361, 382, 384, 386, 387, 390, 395, 396, 397, 400, 401, 402, 404, 405, 406, 407, 409, 411, 412, 413, 415, 416], "excluded_lines": [], "functions": {"AgentEnhanceOrchestrator.__init__": {"executed_lines": [], "summary": {"covered_lines": 0, "num_statements": 13, "percent_covered": 0.0, "percent_covered_display": "0", "missing_lines": 13, "excluded_lines": 0, "percent_statements_covered": 0.0, "percent_statements_covered_display": "0"}, "missing_lines": [76, 77, 78, 79, 82, 87, 88, 89, 90, 91, 95, 96, 97], "excluded_lines": []}, "AgentEnhanceOrchestrator.run": {"executed_lines": [], "summary": {"covered_lines": 0, "num_statements": 5, "percent_covered": 0.0, "percent_covered_display": "0", "missing_lines": 5, "excluded_lines": 0, "percent_statements_covered": 0.0, "percent_statements_covered_display": "0"}, "missing_lines": [126, 127, 128, 129, 131], "excluded_lines": []}, "AgentEnhanceOrchestrator._run_initial": {"executed_lines": [], "summary": {"covered_lines": 0, "num_statements": 18, "percent_covered": 0.0, "percent_covered_display": "0", "missing_lines": 18, "excluded_lines": 0, "percent_statements_covered": 0.0, "percent_statements_covered_display": "0"}, "missing_lines": [152, 154, 155, 160, 163, 172, 173, 174, 175, 178, 179, 181, 182, 185, 186, 187, 190, 191], "excluded_lines": []}, "AgentEnhanceOrchestrator._run_with_resume": {"executed_lines": [], "summary": {"covered_lines": 0, "num_statements": 24, "percent_covered": 0.0, "percent_covered_display": "0", "missing_lines": 24, "excluded_lines": 0, "percent_statements_covered": 0.0, "percent_statements_covered_display": "0"}, "missing_lines": [214, 215, 221, 222, 223, 224, 230, 231, 232, 233, 236, 237, 244, 246, 254, 255, 256, 257, 260, 261, 263, 265, 266, 267], "excluded_lines": []}, "AgentEnhanceOrchestrator._save_state": {"executed_lines": [], "summary": {"covered_lines": 0, "num_statements": 2, "percent_covered": 0.0, "percent_covered_display": "0", "missing_lines": 2, "excluded_lines": 0, "percent_statements_covered": 0.0, "percent_statements_covered_display": "0"}, "missing_lines": [282, 292], "excluded_lines": []}, "AgentEnhanceOrchestrator._load_state": {"executed_lines": [], "summary": {"covered_lines": 0, "num_statements": 2, "percent_covered": 0.0, "percent_covered_display": "0", "missing_lines": 2, "excluded_lines": 0, "percent_statements_covered": 0.0, "percent_statements_covered_display": "0"}, "missing_lines": [304, 305], "excluded_lines": []}, "AgentEnhanceOrchestrator._cleanup_state": {"executed_lines": [], "summary": {"covered_lines": 0, "num_statements": 15, "percent_covered": 0.0, "percent_covered_display": "0", "missing_lines": 15, "excluded_lines": 0, "percent_statements_covered": 0.0, "percent_statements_covered_display": "0"}, "missing_lines": [314, 315, 316, 317, 320, 321, 322, 324, 325, 326, 327, 329, 330, 331, 332], "excluded_lines": []}, "AgentEnhanceOrchestrator._should_apply_split": {"executed_lines": [], "summary": {"covered_lines": 0, "num_statements": 1, "percent_covered": 0.0, "percent_covered_display": "0", "missing_lines": 1, "excluded_lines": 0, "percent_statements_covered": 0.0, "percent_statements_covered_display": "0"}, "missing_lines": [354], "excluded_lines": []}, "AgentEnhanceOrchestrator._apply_post_ai_split": {"executed_lines": [], "summary": {"covered_lines": 0, "num_statements": 21, "percent_covered": 0.0, "percent_covered_display": "0", "missing_lines": 21, "excluded_lines": 0, "percent_statements_covered": 0.0, "percent_statements_covered_display": "0"}, "missing_lines": [382, 384, 386, 387, 390, 395, 396, 397, 400, 401, 402, 404, 405, 406, 407, 409, 411, 412, 413, 415, 416], "excluded_lines": []}, "": {"executed_lines": [], "summary": {"covered_lines": 0, "num_statements": 26, "percent_covered": 0.0, "percent_covered_display": "0", "missing_lines": 26, "excluded_lines": 0, "percent_statements_covered": 0.0, "percent_statements_covered_display": "0"}, "missing_lines": [14, 15, 16, 17, 18, 19, 23, 25, 28, 29, 31, 32, 33, 34, 35, 36, 39, 60, 99, 133, 193, 269, 296, 307, 338, 361], "excluded_lines": []}}, "classes": {"OrchestrationState": {"executed_lines": [], "summary": {"covered_lines": 0, "num_statements": 0, "percent_covered": 100.0, "percent_covered_display": "100", "missing_lines": 0, "excluded_lines": 0, "percent_statements_covered": 100.0, "percent_statements_covered_display": "100"}, "missing_lines": [], "excluded_lines": []}, "AgentEnhanceOrchestrator": {"executed_lines": [], "summary": {"covered_lines": 0, "num_statements": 101, "percent_covered": 0.0, "percent_covered_display": "0", "missing_lines": 101, "excluded_lines": 0, "percent_statements_covered": 0.0, "percent_statements_covered_display": "0"}, "missing_lines": [76, 77, 78, 79, 82, 87, 88, 89, 90, 91, 95, 96, 97, 126, 127, 128, 129, 131, 152, 154, 155, 160, 163, 172, 173, 174, 175, 178, 179, 181, 182, 185, 186, 187, 190, 191, 214, 215, 221, 222, 223, 224, 230, 231, 232, 233, 236, 237, 244, 246, 254, 255, 256, 257, 260, 261, 263, 265, 266, 267, 282, 292, 304, 305, 314, 315, 316, 317, 320, 321, 322, 324, 325, 326, 327, 329, 330, 331, 332, 354, 382, 384, 386, 387, 390, 395, 396, 397, 400, 401, 402, 404, 405, 406, 407, 409, 411, 412, 413, 415, 416], "excluded_lines": []}, "": {"executed_lines": [], "summary": {"covered_lines": 0, "num_statements": 26, "percent_covered": 0.0, "percent_covered_display": "0", "missing_lines": 26, "excluded_lines": 0, "percent_statements_covered": 0.0, "percent_statements_covered_display": "0"}, "missing_lines": [14, 15, 16, 17, 18, 19, 23, 25, 28, 29, 31, 32, 33, 34, 35, 36, 39, 60, 99, 133, 193, 269, 296, 307, 338, 361], "excluded_lines": []}}}, "installer/core/lib/agent_enhancement/parser.py": {"executed_lines": [], "summary": {"covered_lines": 0, "num_statements": 83, "percent_covered": 0.0, "percent_covered_display": "0", "missing_lines": 83, "excluded_lines": 0, "percent_statements_covered": 0.0, "percent_statements_covered_display": "0"}, "missing_lines": [9, 11, 12, 13, 14, 18, 19, 20, 21, 23, 26, 29, 60, 62, 64, 65, 66, 67, 68, 69, 73, 74, 75, 76, 77, 79, 82, 83, 85, 86, 87, 88, 89, 90, 91, 94, 99, 121, 122, 124, 125, 128, 129, 131, 132, 134, 135, 137, 139, 152, 153, 155, 156, 158, 159, 167, 168, 171, 172, 178, 179, 183, 188, 191, 193, 202, 204, 205, 209, 211, 212, 216, 219, 220, 221, 222, 224, 241, 243, 245, 248, 254, 267], "excluded_lines": [], "functions": {"EnhancementParser.parse": {"executed_lines": [], "summary": {"covered_lines": 0, "num_statements": 24, "percent_covered": 0.0, "percent_covered_display": "0", "missing_lines": 24, "excluded_lines": 0, "percent_statements_covered": 0.0, "percent_statements_covered_display": "0"}, "missing_lines": [60, 62, 64, 65, 66, 67, 68, 69, 73, 74, 75, 76, 77, 79, 82, 83, 85, 86, 87, 88, 89, 90, 91, 94], "excluded_lines": []}, "EnhancementParser._extract_json_from_markdown": {"executed_lines": [], "summary": {"covered_lines": 0, "num_statements": 11, "percent_covered": 0.0, "percent_covered_display": "0", "missing_lines": 11, "excluded_lines": 0, "percent_statements_covered": 0.0, "percent_statements_covered_display": "0"}, "missing_lines": [121, 122, 124, 125, 128, 129, 131, 132, 134, 135, 137], "excluded_lines": []}, "EnhancementParser._validate_basic_structure": {"executed_lines": [], "summary": {"covered_lines": 0, "num_statements": 15, "percent_covered": 0.0, "percent_covered_display": "0", "missing_lines": 15, "excluded_lines": 0, "percent_statements_covered": 0.0, "percent_statements_covered_display": "0"}, "missing_lines": [152, 153, 155, 156, 158, 159, 167, 168, 171, 172, 178, 179, 183, 188, 191], "excluded_lines": []}, "EnhancementParser._validate_metadata": {"executed_lines": [], "summary": {"covered_lines": 0, "num_statements": 11, "percent_covered": 0.0, "percent_covered_display": "0", "missing_lines": 11, "excluded_lines": 0, "percent_statements_covered": 0.0, "percent_statements_covered_display": "0"}, "missing_lines": [202, 204, 205, 209, 211, 212, 216, 219, 220, 221, 222], "excluded_lines": []}, "EnhancementParser._validate_boundaries": {"executed_lines": [], "summary": {"covered_lines": 0, "num_statements": 4, "percent_covered": 0.0, "percent_covered_display": "0", "missing_lines": 4, "excluded_lines": 0, "percent_statements_covered": 0.0, "percent_statements_covered_display": "0"}, "missing_lines": [241, 243, 245, 248], "excluded_lines": []}, "EnhancementParser.parse_simple": {"executed_lines": [], "summary": {"covered_lines": 0, "num_statements": 1, "percent_covered": 0.0, "percent_covered_display": "0", "missing_lines": 1, "excluded_lines": 0, "percent_statements_covered": 0.0, "percent_statements_covered_display": "0"}, "missing_lines": [267], "excluded_lines": []}, "": {"executed_lines": [], "summary": {"covered_lines": 0, "num_statements": 17, "percent_covered": 0.0, "percent_covered_display": "0", "missing_lines": 17, "excluded_lines": 0, "percent_statements_covered": 0.0, "percent_statements_covered_display": "0"}, "missing_lines": [9, 11, 12, 13, 14, 18, 19, 20, 21, 23, 26, 29, 99, 139, 193, 224, 254], "excluded_lines": []}}, "classes": {"EnhancementParser": {"executed_lines": [], "summary": {"covered_lines": 0, "num_statements": 66, "percent_covered": 0.0, "percent_covered_display": "0", "missing_lines": 66, "excluded_lines": 0, "percent_statements_covered": 0.0, "percent_statements_covered_display": "0"}, "missing_lines": [60, 62, 64, 65, 66, 67, 68, 69, 73, 74, 75, 76, 77, 79, 82, 83, 85, 86, 87, 88, 89, 90, 91, 94, 121, 122, 124, 125, 128, 129, 131, 132, 134, 135, 137, 152, 153, 155, 156, 158, 159, 167, 168, 171, 172, 178, 179, 183, 188, 191, 202, 204, 205, 209, 211, 212, 216, 219, 220, 221, 222, 241, 243, 245, 248, 267], "excluded_lines": []}, "": {"executed_lines": [], "summary": {"covered_lines": 0, "num_statements": 17, "percent_covered": 0.0, "percent_covered_display": "0", "missing_lines": 17, "excluded_lines": 0, "percent_statements_covered": 0.0, "percent_statements_covered_display": "0"}, "missing_lines": [9, 11, 12, 13, 14, 18, 19, 20, 21, 23, 26, 29, 99, 139, 193, 224, 254], "excluded_lines": []}}}, "installer/core/lib/agent_enhancement/prompt_builder.py": {"executed_lines": [], "summary": {"covered_lines": 0, "num_statements": 18, "percent_covered": 0.0, "percent_covered_display": "0", "missing_lines": 18, "excluded_lines": 1, "percent_statements_covered": 0.0, "percent_statements_covered_display": "0"}, "missing_lines": [9, 10, 11, 13, 16, 19, 57, 58, 61, 62, 63, 64, 66, 67, 69, 185, 187, 198], "excluded_lines": [25], "functions": {"EnhancementPromptBuilder.build": {"executed_lines": [], "summary": {"covered_lines": 0, "num_statements": 10, "percent_covered": 0.0, "percent_covered_display": "0", "missing_lines": 10, "excluded_lines": 1, "percent_statements_covered": 0.0, "percent_statements_covered_display": "0"}, "missing_lines": [57, 58, 61, 62, 63, 64, 66, 67, 69, 185], "excluded_lines": [25]}, "EnhancementPromptBuilder.build_minimal": {"executed_lines": [], "summary": {"covered_lines": 0, "num_statements": 1, "percent_covered": 0.0, "percent_covered_display": "0", "missing_lines": 1, "excluded_lines": 0, "percent_statements_covered": 0.0, "percent_statements_covered_display": "0"}, "missing_lines": [198], "excluded_lines": []}, "": {"executed_lines": [], "summary": {"covered_lines": 0, "num_statements": 7, "percent_covered": 0.0, "percent_covered_display": "0", "missing_lines": 7, "excluded_lines": 0, "percent_statements_covered": 0.0, "percent_statements_covered_display": "0"}, "missing_lines": [9, 10, 11, 13, 16, 19, 187], "excluded_lines": []}}, "classes": {"EnhancementPromptBuilder": {"executed_lines": [], "summary": {"covered_lines": 0, "num_statements": 11, "percent_covered": 0.0, "percent_covered_display": "0", "missing_lines": 11, "excluded_lines": 1, "percent_statements_covered": 0.0, "percent_statements_covered_display": "0"}, "missing_lines": [57, 58, 61, 62, 63, 64, 66, 67, 69, 185, 198], "excluded_lines": [25]}, "": {"executed_lines": [], "summary": {"covered_lines": 0, "num_statements": 7, "percent_covered": 0.0, "percent_covered_display": "0", "missing_lines": 7, "excluded_lines": 0, "percent_statements_covered": 0.0, "percent_statements_covered_display": "0"}, "missing_lines": [9, 10, 11, 13, 16, 19, 187], "excluded_lines": []}}}, "installer/core/lib/agent_formatting/__init__.py": {"executed_lines": [], "summary": {"covered_lines": 0, "num_statements": 6, "percent_covered": 0.0, "percent_covered_display": "0", "missing_lines": 6, "excluded_lines": 0, "percent_statements_covered": 0.0, "percent_statements_covered_display": "0"}, "missing_lines": [7, 16, 26, 27, 28, 30], "excluded_lines": [], "functions": {"": {"executed_lines": [], "summary": {"covered_lines": 0, "num_statements": 6, "percent_covered": 0.0, "percent_covered_display": "0", "missing_lines": 6, "excluded_lines": 0, "percent_statements_covered": 0.0, "percent_statements_covered_display": "0"}, "missing_lines": [7, 16, 26, 27, 28, 30], "excluded_lines": []}}, "classes": {"": {"executed_lines": [], "summary": {"covered_lines": 0, "num_statements": 6, "percent_covered": 0.0, "percent_covered_display": "0", "missing_lines": 6, "excluded_lines": 0, "percent_statements_covered": 0.0, "percent_statements_covered_display": "0"}, "missing_lines": [7, 16, 26, 27, 28, 30], "excluded_lines": []}}}, "installer/core/lib/agent_formatting/metrics.py": {"executed_lines": [], "summary": {"covered_lines": 0, "num_statements": 82, "percent_covered": 0.0, "percent_covered_display": "0", "missing_lines": 82, "excluded_lines": 0, "percent_statements_covered": 0.0, "percent_statements_covered_display": "0"}, "missing_lines": [7, 8, 10, 13, 14, 17, 18, 19, 20, 21, 22, 24, 26, 35, 43, 53, 54, 57, 61, 64, 74, 75, 78, 81, 84, 94, 97, 103, 104, 107, 108, 110, 111, 113, 114, 117, 127, 129, 136, 147, 153, 154, 157, 160, 163, 173, 176, 179, 180, 181, 183, 184, 185, 188, 189, 190, 191, 194, 195, 198, 207, 208, 209, 210, 212, 214, 217, 227, 228, 230, 233, 245, 246, 249, 260, 261, 264, 265, 266, 268, 271, 281], "excluded_lines": [], "functions": {"QualityMetrics.passes_threshold": {"executed_lines": [], "summary": {"covered_lines": 0, "num_statements": 1, "percent_covered": 0.0, "percent_covered_display": "0", "missing_lines": 1, "excluded_lines": 0, "percent_statements_covered": 0.0, "percent_statements_covered_display": "0"}, "missing_lines": [26], "excluded_lines": []}, "QualityMetrics.get_status": {"executed_lines": [], "summary": {"covered_lines": 0, "num_statements": 5, "percent_covered": 0.0, "percent_covered_display": "0", "missing_lines": 5, "excluded_lines": 0, "percent_statements_covered": 0.0, "percent_statements_covered_display": "0"}, "missing_lines": [43, 53, 54, 57, 61], "excluded_lines": []}, "check_time_to_first_example": {"executed_lines": [], "summary": {"covered_lines": 0, "num_statements": 4, "percent_covered": 0.0, "percent_covered_display": "0", "missing_lines": 4, "excluded_lines": 0, "percent_statements_covered": 0.0, "percent_statements_covered_display": "0"}, "missing_lines": [74, 75, 78, 81], "excluded_lines": []}, "calculate_example_density": {"executed_lines": [], "summary": {"covered_lines": 0, "num_statements": 10, "percent_covered": 0.0, "percent_covered_display": "0", "missing_lines": 10, "excluded_lines": 0, "percent_statements_covered": 0.0, "percent_statements_covered_display": "0"}, "missing_lines": [94, 97, 103, 104, 107, 108, 110, 111, 113, 114], "excluded_lines": []}, "check_boundary_sections": {"executed_lines": [], "summary": {"covered_lines": 0, "num_statements": 2, "percent_covered": 0.0, "percent_covered_display": "0", "missing_lines": 2, "excluded_lines": 0, "percent_statements_covered": 0.0, "percent_statements_covered_display": "0"}, "missing_lines": [127, 129], "excluded_lines": []}, "check_commands_first": {"executed_lines": [], "summary": {"covered_lines": 0, "num_statements": 5, "percent_covered": 0.0, "percent_covered_display": "0", "missing_lines": 5, "excluded_lines": 0, "percent_statements_covered": 0.0, "percent_statements_covered_display": "0"}, "missing_lines": [147, 153, 154, 157, 160], "excluded_lines": []}, "calculate_code_to_text_ratio": {"executed_lines": [], "summary": {"covered_lines": 0, "num_statements": 21, "percent_covered": 0.0, "percent_covered_display": "0", "missing_lines": 21, "excluded_lines": 0, "percent_statements_covered": 0.0, "percent_statements_covered_display": "0"}, "missing_lines": [173, 176, 179, 180, 181, 183, 184, 185, 188, 189, 190, 191, 194, 195, 198, 207, 208, 209, 210, 212, 214], "excluded_lines": []}, "calculate_specificity_score": {"executed_lines": [], "summary": {"covered_lines": 0, "num_statements": 13, "percent_covered": 0.0, "percent_covered_display": "0", "missing_lines": 13, "excluded_lines": 0, "percent_statements_covered": 0.0, "percent_statements_covered_display": "0"}, "missing_lines": [227, 228, 230, 233, 245, 246, 249, 260, 261, 264, 265, 266, 268], "excluded_lines": []}, "calculate_metrics": {"executed_lines": [], "summary": {"covered_lines": 0, "num_statements": 1, "percent_covered": 0.0, "percent_covered_display": "0", "missing_lines": 1, "excluded_lines": 0, "percent_statements_covered": 0.0, "percent_statements_covered_display": "0"}, "missing_lines": [281], "excluded_lines": []}, "": {"executed_lines": [], "summary": {"covered_lines": 0, "num_statements": 20, "percent_covered": 0.0, "percent_covered_display": "0", "missing_lines": 20, "excluded_lines": 0, "percent_statements_covered": 0.0, "percent_statements_covered_display": "0"}, "missing_lines": [7, 8, 10, 13, 14, 17, 18, 19, 20, 21, 22, 24, 35, 64, 84, 117, 136, 163, 217, 271], "excluded_lines": []}}, "classes": {"QualityMetrics": {"executed_lines": [], "summary": {"covered_lines": 0, "num_statements": 6, "percent_covered": 0.0, "percent_covered_display": "0", "missing_lines": 6, "excluded_lines": 0, "percent_statements_covered": 0.0, "percent_statements_covered_display": "0"}, "missing_lines": [26, 43, 53, 54, 57, 61], "excluded_lines": []}, "": {"executed_lines": [], "summary": {"covered_lines": 0, "num_statements": 76, "percent_covered": 0.0, "percent_covered_display": "0", "missing_lines": 76, "excluded_lines": 0, "percent_statements_covered": 0.0, "percent_statements_covered_display": "0"}, "missing_lines": [7, 8, 10, 13, 14, 17, 18, 19, 20, 21, 22, 24, 35, 64, 74, 75, 78, 81, 84, 94, 97, 103, 104, 107, 108, 110, 111, 113, 114, 117, 127, 129, 136, 147, 153, 154, 157, 160, 163, 173, 176, 179, 180, 181, 183, 184, 185, 188, 189, 190, 191, 194, 195, 198, 207, 208, 209, 210, 212, 214, 217, 227, 228, 230, 233, 245, 246, 249, 260, 261, 264, 265, 266, 268, 271, 281], "excluded_lines": []}}}, "installer/core/lib/agent_formatting/parser.py": {"executed_lines": [], "summary": {"covered_lines": 0, "num_statements": 101, "percent_covered": 0.0, "percent_covered_display": "0", "missing_lines": 101, "excluded_lines": 0, "percent_statements_covered": 0.0, "percent_statements_covered_display": "0"}, "missing_lines": [7, 8, 9, 10, 11, 14, 17, 18, 21, 22, 23, 24, 27, 28, 31, 32, 33, 34, 35, 38, 39, 42, 43, 44, 45, 46, 49, 59, 62, 63, 64, 66, 67, 68, 69, 70, 72, 73, 75, 76, 79, 81, 82, 83, 84, 85, 88, 99, 100, 103, 105, 107, 108, 109, 111, 113, 114, 115, 118, 121, 122, 123, 132, 133, 134, 137, 139, 142, 153, 154, 157, 159, 160, 162, 163, 165, 166, 167, 168, 169, 170, 178, 179, 180, 182, 185, 186, 187, 189, 192, 206, 207, 209, 210, 213, 214, 216, 219, 220, 221, 223], "excluded_lines": [], "functions": {"extract_frontmatter": {"executed_lines": [], "summary": {"covered_lines": 0, "num_statements": 19, "percent_covered": 0.0, "percent_covered_display": "0", "missing_lines": 19, "excluded_lines": 0, "percent_statements_covered": 0.0, "percent_statements_covered_display": "0"}, "missing_lines": [59, 62, 63, 64, 66, 67, 68, 69, 70, 72, 73, 75, 76, 79, 81, 82, 83, 84, 85], "excluded_lines": []}, "find_sections": {"executed_lines": [], "summary": {"covered_lines": 0, "num_statements": 20, "percent_covered": 0.0, "percent_covered_display": "0", "missing_lines": 20, "excluded_lines": 0, "percent_statements_covered": 0.0, "percent_statements_covered_display": "0"}, "missing_lines": [99, 100, 103, 105, 107, 108, 109, 111, 113, 114, 115, 118, 121, 122, 123, 132, 133, 134, 137, 139], "excluded_lines": []}, "find_code_blocks": {"executed_lines": [], "summary": {"covered_lines": 0, "num_statements": 21, "percent_covered": 0.0, "percent_covered_display": "0", "missing_lines": 21, "excluded_lines": 0, "percent_statements_covered": 0.0, "percent_statements_covered_display": "0"}, "missing_lines": [153, 154, 157, 159, 160, 162, 163, 165, 166, 167, 168, 169, 170, 178, 179, 180, 182, 185, 186, 187, 189], "excluded_lines": []}, "parse_agent": {"executed_lines": [], "summary": {"covered_lines": 0, "num_statements": 11, "percent_covered": 0.0, "percent_covered_display": "0", "missing_lines": 11, "excluded_lines": 0, "percent_statements_covered": 0.0, "percent_statements_covered_display": "0"}, "missing_lines": [206, 207, 209, 210, 213, 214, 216, 219, 220, 221, 223], "excluded_lines": []}, "": {"executed_lines": [], "summary": {"covered_lines": 0, "num_statements": 30, "percent_covered": 0.0, "percent_covered_display": "0", "missing_lines": 30, "excluded_lines": 0, "percent_statements_covered": 0.0, "percent_statements_covered_display": "0"}, "missing_lines": [7, 8, 9, 10, 11, 14, 17, 18, 21, 22, 23, 24, 27, 28, 31, 32, 33, 34, 35, 38, 39, 42, 43, 44, 45, 46, 49, 88, 142, 192], "excluded_lines": []}}, "classes": {"CodeBlock": {"executed_lines": [], "summary": {"covered_lines": 0, "num_statements": 0, "percent_covered": 100.0, "percent_covered_display": "100", "missing_lines": 0, "excluded_lines": 0, "percent_statements_covered": 100.0, "percent_statements_covered_display": "100"}, "missing_lines": [], "excluded_lines": []}, "Section": {"executed_lines": [], "summary": {"covered_lines": 0, "num_statements": 0, "percent_covered": 100.0, "percent_covered_display": "100", "missing_lines": 0, "excluded_lines": 0, "percent_statements_covered": 100.0, "percent_statements_covered_display": "100"}, "missing_lines": [], "excluded_lines": []}, "AgentStructure": {"executed_lines": [], "summary": {"covered_lines": 0, "num_statements": 0, "percent_covered": 100.0, "percent_covered_display": "100", "missing_lines": 0, "excluded_lines": 0, "percent_statements_covered": 100.0, "percent_statements_covered_display": "100"}, "missing_lines": [], "excluded_lines": []}, "": {"executed_lines": [], "summary": {"covered_lines": 0, "num_statements": 101, "percent_covered": 0.0, "percent_covered_display": "0", "missing_lines": 101, "excluded_lines": 0, "percent_statements_covered": 0.0, "percent_statements_covered_display": "0"}, "missing_lines": [7, 8, 9, 10, 11, 14, 17, 18, 21, 22, 23, 24, 27, 28, 31, 32, 33, 34, 35, 38, 39, 42, 43, 44, 45, 46, 49, 59, 62, 63, 64, 66, 67, 68, 69, 70, 72, 73, 75, 76, 79, 81, 82, 83, 84, 85, 88, 99, 100, 103, 105, 107, 108, 109, 111, 113, 114, 115, 118, 121, 122, 123, 132, 133, 134, 137, 139, 142, 153, 154, 157, 159, 160, 162, 163, 165, 166, 167, 168, 169, 170, 178, 179, 180, 182, 185, 186, 187, 189, 192, 206, 207, 209, 210, 213, 214, 216, 219, 220, 221, 223], "excluded_lines": []}}}, "installer/core/lib/agent_formatting/reporter.py": {"executed_lines": [], "summary": {"covered_lines": 0, "num_statements": 91, "percent_covered": 0.0, "percent_covered_display": "0", "missing_lines": 91, "excluded_lines": 0, "percent_statements_covered": 0.0, "percent_statements_covered_display": "0"}, "missing_lines": [7, 8, 10, 11, 14, 17, 23, 37, 38, 40, 41, 44, 51, 52, 54, 57, 60, 65, 66, 67, 68, 69, 70, 75, 76, 77, 82, 87, 88, 89, 90, 95, 96, 97, 98, 99, 100, 105, 106, 107, 112, 117, 118, 119, 120, 125, 126, 127, 128, 130, 133, 134, 135, 136, 137, 139, 141, 143, 153, 156, 157, 162, 163, 166, 167, 172, 177, 178, 183, 184, 189, 190, 193, 194, 199, 200, 204, 206, 216, 219, 222, 225, 229, 230, 231, 233, 249, 250, 251, 252, 254], "excluded_lines": [], "functions": {"ValidationReporter.generate_report": {"executed_lines": [], "summary": {"covered_lines": 0, "num_statements": 50, "percent_covered": 0.0, "percent_covered_display": "0", "missing_lines": 50, "excluded_lines": 0, "percent_statements_covered": 0.0, "percent_statements_covered_display": "0"}, "missing_lines": [37, 38, 40, 41, 44, 51, 52, 54, 57, 60, 65, 66, 67, 68, 69, 70, 75, 76, 77, 82, 87, 88, 89, 90, 95, 96, 97, 98, 99, 100, 105, 106, 107, 112, 117, 118, 119, 120, 125, 126, 127, 128, 130, 133, 134, 135, 136, 137, 139, 141], "excluded_lines": []}, "ValidationReporter._generate_recommendations": {"executed_lines": [], "summary": {"covered_lines": 0, "num_statements": 19, "percent_covered": 0.0, "percent_covered_display": "0", "missing_lines": 19, "excluded_lines": 0, "percent_statements_covered": 0.0, "percent_statements_covered_display": "0"}, "missing_lines": [153, 156, 157, 162, 163, 166, 167, 172, 177, 178, 183, 184, 189, 190, 193, 194, 199, 200, 204], "excluded_lines": []}, "ValidationReporter.generate_summary": {"executed_lines": [], "summary": {"covered_lines": 0, "num_statements": 13, "percent_covered": 0.0, "percent_covered_display": "0", "missing_lines": 13, "excluded_lines": 0, "percent_statements_covered": 0.0, "percent_statements_covered_display": "0"}, "missing_lines": [216, 219, 222, 225, 229, 230, 231, 233, 249, 250, 251, 252, 254], "excluded_lines": []}, "": {"executed_lines": [], "summary": {"covered_lines": 0, "num_statements": 9, "percent_covered": 0.0, "percent_covered_display": "0", "missing_lines": 9, "excluded_lines": 0, "percent_statements_covered": 0.0, "percent_statements_covered_display": "0"}, "missing_l
[...]
rcent_covered_display": "0", "missing_lines": 18, "excluded_lines": 0, "percent_statements_covered": 0.0, "percent_statements_covered_display": "0"}, "missing_lines": [7, 8, 9, 11, 14, 17, 18, 19, 21, 22, 23, 25, 26, 27, 29, 30, 32, 40], "excluded_lines": [], "functions": {"TestingRecommendationsSection.section_num": {"executed_lines": [], "summary": {"covered_lines": 0, "num_statements": 1, "percent_covered": 0.0, "percent_covered_display": "0", "missing_lines": 1, "excluded_lines": 0, "percent_statements_covered": 0.0, "percent_statements_covered_display": "0"}, "missing_lines": [19], "excluded_lines": []}, "TestingRecommendationsSection.title": {"executed_lines": [], "summary": {"covered_lines": 0, "num_statements": 1, "percent_covered": 0.0, "percent_covered_display": "0", "missing_lines": 1, "excluded_lines": 0, "percent_statements_covered": 0.0, "percent_statements_covered_display": "0"}, "missing_lines": [23], "excluded_lines": []}, "TestingRecommendationsSection.description": {"executed_lines": [], "summary": {"covered_lines": 0, "num_statements": 1, "percent_covered": 0.0, "percent_covered_display": "0", "missing_lines": 1, "excluded_lines": 0, "percent_statements_covered": 0.0, "percent_statements_covered_display": "0"}, "missing_lines": [27], "excluded_lines": []}, "TestingRecommendationsSection.execute": {"executed_lines": [], "summary": {"covered_lines": 0, "num_statements": 3, "percent_covered": 0.0, "percent_covered_display": "0", "missing_lines": 3, "excluded_lines": 0, "percent_statements_covered": 0.0, "percent_statements_covered_display": "0"}, "missing_lines": [30, 32, 40], "excluded_lines": []}, "": {"executed_lines": [], "summary": {"covered_lines": 0, "num_statements": 12, "percent_covered": 0.0, "percent_covered_display": "0", "missing_lines": 12, "excluded_lines": 0, "percent_statements_covered": 0.0, "percent_statements_covered_display": "0"}, "missing_lines": [7, 8, 9, 11, 14, 17, 18, 21, 22, 25, 26, 29], "excluded_lines": []}}, "classes": {"TestingRecommendationsSection": {"executed_lines": [], "summary": {"covered_lines": 0, "num_statements": 6, "percent_covered": 0.0, "percent_covered_display": "0", "missing_lines": 6, "excluded_lines": 0, "percent_statements_covered": 0.0, "percent_statements_covered_display": "0"}, "missing_lines": [19, 23, 27, 30, 32, 40], "excluded_lines": []}, "": {"executed_lines": [], "summary": {"covered_lines": 0, "num_statements": 12, "percent_covered": 0.0, "percent_covered_display": "0", "missing_lines": 12, "excluded_lines": 0, "percent_statements_covered": 0.0, "percent_statements_covered_display": "0"}, "missing_lines": [7, 8, 9, 11, 14, 17, 18, 21, 22, 25, 26, 29], "excluded_lines": []}}}, "installer/core/lib/template_validation/sections/section_16_summary.py": {"executed_lines": [], "summary": {"covered_lines": 0, "num_statements": 18, "percent_covered": 0.0, "percent_covered_display": "0", "missing_lines": 18, "excluded_lines": 0, "percent_statements_covered": 0.0, "percent_statements_covered_display": "0"}, "missing_lines": [7, 8, 9, 11, 14, 17, 18, 19, 21, 22, 23, 25, 26, 27, 29, 30, 32, 39], "excluded_lines": [], "functions": {"SummaryReportSection.section_num": {"executed_lines": [], "summary": {"covered_lines": 0, "num_statements": 1, "percent_covered": 0.0, "percent_covered_display": "0", "missing_lines": 1, "excluded_lines": 0, "percent_statements_covered": 0.0, "percent_statements_covered_display": "0"}, "missing_lines": [19], "excluded_lines": []}, "SummaryReportSection.title": {"executed_lines": [], "summary": {"covered_lines": 0, "num_statements": 1, "percent_covered": 0.0, "percent_covered_display": "0", "missing_lines": 1, "excluded_lines": 0, "percent_statements_covered": 0.0, "percent_statements_covered_display": "0"}, "missing_lines": [23], "excluded_lines": []}, "SummaryReportSection.description": {"executed_lines": [], "summary": {"covered_lines": 0, "num_statements": 1, "percent_covered": 0.0, "percent_covered_display": "0", "missing_lines": 1, "excluded_lines": 0, "percent_statements_covered": 0.0, "percent_statements_covered_display": "0"}, "missing_lines": [27], "excluded_lines": []}, "SummaryReportSection.execute": {"executed_lines": [], "summary": {"covered_lines": 0, "num_statements": 3, "percent_covered": 0.0, "percent_covered_display": "0", "missing_lines": 3, "excluded_lines": 0, "percent_statements_covered": 0.0, "percent_statements_covered_display": "0"}, "missing_lines": [30, 32, 39], "excluded_lines": []}, "": {"executed_lines": [], "summary": {"covered_lines": 0, "num_statements": 12, "percent_covered": 0.0, "percent_covered_display": "0", "missing_lines": 12, "excluded_lines": 0, "percent_statements_covered": 0.0, "percent_statements_covered_display": "0"}, "missing_lines": [7, 8, 9, 11, 14, 17, 18, 21, 22, 25, 26, 29], "excluded_lines": []}}, "classes": {"SummaryReportSection": {"executed_lines": [], "summary": {"covered_lines": 0, "num_statements": 6, "percent_covered": 0.0, "percent_covered_display": "0", "missing_lines": 6, "excluded_lines": 0, "percent_statements_covered": 0.0, "percent_statements_covered_display": "0"}, "missing_lines": [19, 23, 27, 30, 32, 39], "excluded_lines": []}, "": {"executed_lines": [], "summary": {"covered_lines": 0, "num_statements": 12, "percent_covered": 0.0, "percent_covered_display": "0", "missing_lines": 12, "excluded_lines": 0, "percent_statements_covered": 0.0, "percent_statements_covered_display": "0"}, "missing_lines": [7, 8, 9, 11, 14, 17, 18, 21, 22, 25, 26, 29], "excluded_lines": []}}}, "installer/core/lib/utils/__init__.py": {"executed_lines": [], "summary": {"covered_lines": 0, "num_statements": 5, "percent_covered": 0.0, "percent_covered_display": "0", "missing_lines": 5, "excluded_lines": 0, "percent_statements_covered": 0.0, "percent_statements_covered_display": "0"}, "missing_lines": [2, 3, 4, 5, 7], "excluded_lines": [], "functions": {"": {"executed_lines": [], "summary": {"covered_lines": 0, "num_statements": 5, "percent_covered": 0.0, "percent_covered_display": "0", "missing_lines": 5, "excluded_lines": 0, "percent_statements_covered": 0.0, "percent_statements_covered_display": "0"}, "missing_lines": [2, 3, 4, 5, 7], "excluded_lines": []}}, "classes": {"": {"executed_lines": [], "summary": {"covered_lines": 0, "num_statements": 5, "percent_covered": 0.0, "percent_covered_display": "0", "missing_lines": 5, "excluded_lines": 0, "percent_statements_covered": 0.0, "percent_statements_covered_display": "0"}, "missing_lines": [2, 3, 4, 5, 7], "excluded_lines": []}}}, "installer/core/lib/utils/feature_utils.py": {"executed_lines": [], "summary": {"covered_lines": 0, "num_statements": 22, "percent_covered": 0.0, "percent_covered_display": "0", "missing_lines": 22, "excluded_lines": 0, "percent_statements_covered": 0.0, "percent_statements_covered_display": "0"}, "missing_lines": [2, 5, 36, 37, 39, 40, 43, 44, 46, 47, 48, 49, 52, 55, 58, 61, 63, 64, 65, 66, 68, 70], "excluded_lines": [], "functions": {"extract_feature_slug": {"executed_lines": [], "summary": {"covered_lines": 0, "num_statements": 20, "percent_covered": 0.0, "percent_covered_display": "0", "missing_lines": 20, "excluded_lines": 0, "percent_statements_covered": 0.0, "percent_statements_covered_display": "0"}, "missing_lines": [36, 37, 39, 40, 43, 44, 46, 47, 48, 49, 52, 55, 58, 61, 63, 64, 65, 66, 68, 70], "excluded_lines": []}, "": {"executed_lines": [], "summary": {"covered_lines": 0, "num_statements": 2, "percent_covered": 0.0, "percent_covered_display": "0", "missing_lines": 2, "excluded_lines": 0, "percent_statements_covered": 0.0, "percent_statements_covered_display": "0"}, "missing_lines": [2, 5], "excluded_lines": []}}, "classes": {"": {"executed_lines": [], "summary": {"covered_lines": 0, "num_statements": 22, "percent_covered": 0.0, "percent_covered_display": "0", "missing_lines": 22, "excluded_lines": 0, "percent_statements_covered": 0.0, "percent_statements_covered_display": "0"}, "missing_lines": [2, 5, 36, 37, 39, 40, 43, 44, 46, 47, 48, 49, 52, 55, 58, 61, 63, 64, 65, 66, 68, 70], "excluded_lines": []}}}, "installer/core/lib/utils/file_io.py": {"executed_lines": [], "summary": {"covered_lines": 0, "num_statements": 48, "percent_covered": 0.0, "percent_covered_display": "0", "missing_lines": 48, "excluded_lines": 0, "percent_statements_covered": 0.0, "percent_statements_covered_display": "0"}, "missing_lines": [23, 24, 25, 27, 30, 52, 53, 54, 56, 57, 58, 59, 61, 62, 63, 64, 66, 67, 68, 69, 71, 72, 73, 74, 76, 77, 78, 79, 82, 107, 108, 109, 111, 112, 113, 114, 116, 117, 118, 119, 121, 123, 124, 125, 127, 128, 129, 130], "excluded_lines": [], "functions": {"safe_read_file": {"executed_lines": [], "summary": {"covered_lines": 0, "num_statements": 23, "percent_covered": 0.0, "percent_covered_display": "0", "missing_lines": 23, "excluded_lines": 0, "percent_statements_covered": 0.0, "percent_statements_covered_display": "0"}, "missing_lines": [52, 53, 54, 56, 57, 58, 59, 61, 62, 63, 64, 66, 67, 68, 69, 71, 72, 73, 74, 76, 77, 78, 79], "excluded_lines": []}, "safe_write_file": {"executed_lines": [], "summary": {"covered_lines": 0, "num_statements": 19, "percent_covered": 0.0, "percent_covered_display": "0", "missing_lines": 19, "excluded_lines": 0, "percent_statements_covered": 0.0, "percent_statements_covered_display": "0"}, "missing_lines": [107, 108, 109, 111, 112, 113, 114, 116, 117, 118, 119, 121, 123, 124, 125, 127, 128, 129, 130], "excluded_lines": []}, "": {"executed_lines": [], "summary": {"covered_lines": 0, "num_statements": 6, "percent_covered": 0.0, "percent_covered_display": "0", "missing_lines": 6, "excluded_lines": 0, "percent_statements_covered": 0.0, "percent_statements_covered_display": "0"}, "missing_lines": [23, 24, 25, 27, 30, 82], "excluded_lines": []}}, "classes": {"": {"executed_lines": [], "summary": {"covered_lines": 0, "num_statements": 48, "percent_covered": 0.0, "percent_covered_display": "0", "missing_lines": 48, "excluded_lines": 0, "percent_statements_covered": 0.0, "percent_statements_covered_display": "0"}, "missing_lines": [23, 24, 25, 27, 30, 52, 53, 54, 56, 57, 58, 59, 61, 62, 63, 64, 66, 67, 68, 69, 71, 72, 73, 74, 76, 77, 78, 79, 82, 107, 108, 109, 111, 112, 113, 114, 116, 117, 118, 119, 121, 123, 124, 125, 127, 128, 129, 130], "excluded_lines": []}}}, "installer/core/lib/utils/file_operations.py": {"executed_lines": [], "summary": {"covered_lines": 0, "num_statements": 51, "percent_covered": 0.0, "percent_covered_display": "0", "missing_lines": 51, "excluded_lines": 0, "percent_statements_covered": 0.0, "percent_statements_covered_display": "0"}, "missing_lines": [2, 3, 4, 5, 8, 11, 12, 27, 29, 32, 38, 40, 41, 44, 45, 46, 48, 49, 50, 51, 52, 53, 54, 55, 57, 58, 69, 70, 71, 72, 73, 74, 75, 77, 78, 88, 89, 90, 91, 92, 93, 95, 96, 108, 110, 112, 113, 114, 115, 116, 117], "excluded_lines": [], "functions": {"FileOperations.atomic_write": {"executed_lines": [], "summary": {"covered_lines": 0, "num_statements": 17, "percent_covered": 0.0, "percent_covered_display": "0", "missing_lines": 17, "excluded_lines": 0, "percent_statements_covered": 0.0, "percent_statements_covered_display": "0"}, "missing_lines": [27, 29, 32, 38, 40, 41, 44, 45, 46, 48, 49, 50, 51, 52, 53, 54, 55], "excluded_lines": []}, "FileOperations.safe_read": {"executed_lines": [], "summary": {"covered_lines": 0, "num_statements": 7, "percent_covered": 0.0, "percent_covered_display": "0", "missing_lines": 7, "excluded_lines": 0, "percent_statements_covered": 0.0, "percent_statements_covered_display": "0"}, "missing_lines": [69, 70, 71, 72, 73, 74, 75], "excluded_lines": []}, "FileOperations.ensure_directory": {"executed_lines": [], "summary": {"covered_lines": 0, "num_statements": 6, "percent_covered": 0.0, "percent_covered_display": "0", "missing_lines": 6, "excluded_lines": 0, "percent_statements_covered": 0.0, "percent_statements_covered_display": "0"}, "missing_lines": [88, 89, 90, 91, 92, 93], "excluded_lines": []}, "FileOperations.safe_append": {"executed_lines": [], "summary": {"covered_lines": 0, "num_statements": 8, "percent_covered": 0.0, "percent_covered_display": "0", "missing_lines": 8, "excluded_lines": 0, "percent_statements_covered": 0.0, "percent_statements_covered_display": "0"}, "missing_lines": [108, 110, 112, 113, 114, 115, 116, 117], "excluded_lines": []}, "": {"executed_lines": [], "summary": {"covered_lines": 0, "num_statements": 13, "percent_covered": 0.0, "percent_covered_display": "0", "missing_lines": 13, "excluded_lines": 0, "percent_statements_covered": 0.0, "percent_statements_covered_display": "0"}, "missing_lines": [2, 3, 4, 5, 8, 11, 12, 57, 58, 77, 78, 95, 96], "excluded_lines": []}}, "classes": {"FileOperations": {"executed_lines": [], "summary": {"covered_lines": 0, "num_statements": 38, "percent_covered": 0.0, "percent_covered_display": "0", "missing_lines": 38, "excluded_lines": 0, "percent_statements_covered": 0.0, "percent_statements_covered_display": "0"}, "missing_lines": [27, 29, 32, 38, 40, 41, 44, 45, 46, 48, 49, 50, 51, 52, 53, 54, 55, 69, 70, 71, 72, 73, 74, 75, 88, 89, 90, 91, 92, 93, 108, 110, 112, 113, 114, 115, 116, 117], "excluded_lines": []}, "": {"executed_lines": [], "summary": {"covered_lines": 0, "num_statements": 13, "percent_covered": 0.0, "percent_covered_display": "0", "missing_lines": 13, "excluded_lines": 0, "percent_statements_covered": 0.0, "percent_statements_covered_display": "0"}, "missing_lines": [2, 3, 4, 5, 8, 11, 12, 57, 58, 77, 78, 95, 96], "excluded_lines": []}}}, "installer/core/lib/utils/json_serializer.py": {"executed_lines": [], "summary": {"covered_lines": 0, "num_statements": 36, "percent_covered": 0.0, "percent_covered_display": "0", "missing_lines": 36, "excluded_lines": 0, "percent_statements_covered": 0.0, "percent_statements_covered_display": "0"}, "missing_lines": [2, 3, 4, 7, 10, 11, 25, 26, 27, 28, 30, 31, 44, 45, 46, 47, 49, 50, 63, 64, 65, 67, 68, 69, 71, 72, 74, 75, 88, 90, 92, 93, 94, 95, 96, 97], "excluded_lines": [], "functions": {"JsonSerializer.serialize": {"executed_lines": [], "summary": {"covered_lines": 0, "num_statements": 4, "percent_covered": 0.0, "percent_covered_display": "0", "missing_lines": 4, "excluded_lines": 0, "percent_statements_covered": 0.0, "percent_statements_covered_display": "0"}, "missing_lines": [25, 26, 27, 28], "excluded_lines": []}, "JsonSerializer.deserialize": {"executed_lines": [], "summary": {"covered_lines": 0, "num_statements": 4, "percent_covered": 0.0, "percent_covered_display": "0", "missing_lines": 4, "excluded_lines": 0, "percent_statements_covered": 0.0, "percent_statements_covered_display": "0"}, "missing_lines": [44, 45, 46, 47], "excluded_lines": []}, "JsonSerializer.safe_load_file": {"executed_lines": [], "summary": {"covered_lines": 0, "num_statements": 8, "percent_covered": 0.0, "percent_covered_display": "0", "missing_lines": 8, "excluded_lines": 0, "percent_statements_covered": 0.0, "percent_statements_covered_display": "0"}, "missing_lines": [63, 64, 65, 67, 68, 69, 71, 72], "excluded_lines": []}, "JsonSerializer.safe_save_file": {"executed_lines": [], "summary": {"covered_lines": 0, "num_statements": 8, "percent_covered": 0.0, "percent_covered_display": "0", "missing_lines": 8, "excluded_lines": 0, "percent_statements_covered": 0.0, "percent_statements_covered_display": "0"}, "missing_lines": [88, 90, 92, 93, 94, 95, 96, 97], "excluded_lines": []}, "": {"executed_lines": [], "summary": {"covered_lines": 0, "num_statements": 12, "percent_covered": 0.0, "percent_covered_display": "0", "missing_lines": 12, "excluded_lines": 0, "percent_statements_covered": 0.0, "percent_statements_covered_display": "0"}, "missing_lines": [2, 3, 4, 7, 10, 11, 30, 31, 49, 50, 74, 75], "excluded_lines": []}}, "classes": {"JsonSerializer": {"executed_lines": [], "summary": {"covered_lines": 0, "num_statements": 24, "percent_covered": 0.0, "percent_covered_display": "0", "missing_lines": 24, "excluded_lines": 0, "percent_statements_covered": 0.0, "percent_statements_covered_display": "0"}, "missing_lines": [25, 26, 27, 28, 44, 45, 46, 47, 63, 64, 65, 67, 68, 69, 71, 72, 88, 90, 92, 93, 94, 95, 96, 97], "excluded_lines": []}, "": {"executed_lines": [], "summary": {"covered_lines": 0, "num_statements": 12, "percent_covered": 0.0, "percent_covered_display": "0", "missing_lines": 12, "excluded_lines": 0, "percent_statements_covered": 0.0, "percent_statements_covered_display": "0"}, "missing_lines": [2, 3, 4, 7, 10, 11, 30, 31, 49, 50, 74, 75], "excluded_lines": []}}}, "installer/core/lib/utils/path_resolver.py": {"executed_lines": [], "summary": {"covered_lines": 0, "num_statements": 28, "percent_covered": 0.0, "percent_covered_display": "0", "missing_lines": 28, "excluded_lines": 0, "percent_statements_covered": 0.0, "percent_statements_covered_display": "0"}, "missing_lines": [2, 3, 4, 7, 10, 11, 21, 24, 25, 26, 29, 31, 32, 39, 40, 42, 43, 50, 51, 53, 54, 64, 66, 67, 78, 79, 80, 81], "excluded_lines": [], "functions": {"PathResolver.resolve_project_root": {"executed_lines": [], "summary": {"covered_lines": 0, "num_statements": 5, "percent_covered": 0.0, "percent_covered_display": "0", "missing_lines": 5, "excluded_lines": 0, "percent_statements_covered": 0.0, "percent_statements_covered_display": "0"}, "missing_lines": [21, 24, 25, 26, 29], "excluded_lines": []}, "PathResolver.get_settings_path": {"executed_lines": [], "summary": {"covered_lines": 0, "num_statements": 2, "percent_covered": 0.0, "percent_covered_display": "0", "missing_lines": 2, "excluded_lines": 0, "percent_statements_covered": 0.0, "percent_statements_covered_display": "0"}, "missing_lines": [39, 40], "excluded_lines": []}, "PathResolver.get_metrics_dir": {"executed_lines": [], "summary": {"covered_lines": 0, "num_statements": 2, "percent_covered": 0.0, "percent_covered_display": "0", "missing_lines": 2, "excluded_lines": 0, "percent_statements_covered": 0.0, "percent_statements_covered_display": "0"}, "missing_lines": [50, 51], "excluded_lines": []}, "PathResolver.get_metrics_file": {"executed_lines": [], "summary": {"covered_lines": 0, "num_statements": 1, "percent_covered": 0.0, "percent_covered_display": "0", "missing_lines": 1, "excluded_lines": 0, "percent_statements_covered": 0.0, "percent_statements_covered_display": "0"}, "missing_lines": [64], "excluded_lines": []}, "PathResolver.from_env_or_default": {"executed_lines": [], "summary": {"covered_lines": 0, "num_statements": 4, "percent_covered": 0.0, "percent_covered_display": "0", "missing_lines": 4, "excluded_lines": 0, "percent_statements_covered": 0.0, "percent_statements_covered_display": "0"}, "missing_lines": [78, 79, 80, 81], "excluded_lines": []}, "": {"executed_lines": [], "summary": {"covered_lines": 0, "num_statements": 14, "percent_covered": 0.0, "percent_covered_display": "0", "missing_lines": 14, "excluded_lines": 0, "percent_statements_covered": 0.0, "percent_statements_covered_display": "0"}, "missing_lines": [2, 3, 4, 7, 10, 11, 31, 32, 42, 43, 53, 54, 66, 67], "excluded_lines": []}}, "classes": {"PathResolver": {"executed_lines": [], "summary": {"covered_lines": 0, "num_statements": 14, "percent_covered": 0.0, "percent_covered_display": "0", "missing_lines": 14, "excluded_lines": 0, "percent_statements_covered": 0.0, "percent_statements_covered_display": "0"}, "missing_lines": [21, 24, 25, 26, 29, 39, 40, 50, 51, 64, 78, 79, 80, 81], "excluded_lines": []}, "": {"executed_lines": [], "summary": {"covered_lines": 0, "num_statements": 14, "percent_covered": 0.0, "percent_covered_display": "0", "missing_lines": 14, "excluded_lines": 0, "percent_statements_covered": 0.0, "percent_statements_covered_display": "0"}, "missing_lines": [2, 3, 4, 7, 10, 11, 31, 32, 42, 43, 53, 54, 66, 67], "excluded_lines": []}}}}, "totals": {"covered_lines": 0, "num_statements": 11766, "percent_covered": 0.0, "percent_covered_display": "0", "missing_lines": 11766, "excluded_lines": 31, "percent_statements_covered": 0.0, "percent_statements_covered_display": "0"}}