{"meta": {"format": 3, "version": "7.11.0", "timestamp": "2025-11-06T12:01:02.864369", "branch_coverage": true, "show_contexts": false}, "files": {"installer/global/lib/__init__.py": {"executed_lines": [1], "summary": {"covered_lines": 0, "num_statements": 0, "percent_covered": 100.0, "percent_covered_display": "100", "missing_lines": 0, "excluded_lines": 0, "num_branches": 0, "num_partial_branches": 0, "covered_branches": 0, "missing_branches": 0}, "missing_lines": [], "excluded_lines": [], "executed_branches": [], "missing_branches": [], "functions": {"": {"executed_lines": [1], "summary": {"covered_lines": 0, "num_statements": 0, "percent_covered": 100.0, "percent_covered_display": "100", "missing_lines": 0, "excluded_lines": 0, "num_branches": 0, "num_partial_branches": 0, "covered_branches": 0, "missing_branches": 0}, "missing_lines": [], "excluded_lines": [], "executed_branches": [], "missing_branches": []}}, "classes": {"": {"executed_lines": [1], "summary": {"covered_lines": 0, "num_statements": 0, "percent_covered": 100.0, "percent_covered_display": "100", "missing_lines": 0, "excluded_lines": 0, "num_branches": 0, "num_partial_branches": 0, "covered_branches": 0, "missing_branches": 0}, "missing_lines": [], "excluded_lines": [], "executed_branches": [], "missing_branches": []}}}, "installer/global/lib/codebase_analyzer/__init__.py": {"executed_lines": [1, 32, 33, 42, 44, 57], "summary": {"covered_lines": 5, "num_statements": 5, "percent_covered": 100.0, "percent_covered_display": "100", "missing_lines": 0, "excluded_lines": 0, "num_branches": 0, "num_partial_branches": 0, "covered_branches": 0, "missing_branches": 0}, "missing_lines": [], "excluded_lines": [], "executed_branches": [], "missing_branches": [], "functions": {"": {"executed_lines": [1, 32, 33, 42, 44, 57], "summary": {"covered_lines": 5, "num_statements": 5, "percent_covered": 100.0, "percent_covered_display": "100", "missing_lines": 0, "excluded_lines": 0, "num_branches": 0, "num_partial_branches": 0, "covered_branches": 0, "missing_branches": 0}, "missing_lines": [], "excluded_lines": [], "executed_branches": [], "missing_branches": []}}, "classes": {"": {"executed_lines": [1, 32, 33, 42, 44, 57], "summary": {"covered_lines": 5, "num_statements": 5, "percent_covered": 100.0, "percent_covered_display": "100", "missing_lines": 0, "excluded_lines": 0, "num_branches": 0, "num_partial_branches": 0, "covered_branches": 0, "missing_branches": 0}, "missing_lines": [], "excluded_lines": [], "executed_branches": [], "missing_branches": []}}}, "installer/global/lib/codebase_analyzer/agent_invoker.py": {"executed_lines": [1, 14, 15, 16, 17, 19, 22, 23, 25, 42, 43, 51, 64, 66, 70, 72, 79, 81, 100, 106, 123, 127, 131, 135, 136, 140, 178, 179, 187, 194, 196, 204, 207, 210, 213, 216, 218, 264, 266, 267, 279, 280, 281, 282, 284, 287, 289, 291, 294, 295, 296, 297, 298, 299, 301, 305, 306, 307, 308, 309, 311, 312, 313, 314, 315, 317, 323, 324, 325, 327, 328, 329, 330, 331, 334, 336, 338, 340, 341, 343, 344, 345, 346, 347, 349, 350, 351, 352, 354, 356, 358, 360, 361, 362, 363, 364, 366, 369, 371, 373, 375, 377, 379, 381, 383, 386, 388, 390, 394, 395, 396, 399, 400, 401, 404, 405, 406, 408, 410, 413, 415, 417, 420, 423, 424, 426, 428, 430, 433, 434, 441, 449, 451, 453, 458, 460, 462, 465, 466, 467, 468, 469, 477], "summary": {"covered_lines": 139, "num_statements": 171, "percent_covered": 77.56653992395437, "percent_covered_display": "78", "missing_lines": 32, "excluded_lines": 3, "num_branches": 92, "num_partial_branches": 23, "covered_branches": 65, "missing_branches": 27}, "missing_lines": [68, 101, 128, 132, 152, 158, 159, 160, 162, 163, 164, 166, 168, 171, 172, 173, 175, 285, 300, 302, 316, 318, 319, 320, 332, 348, 365, 367, 382, 384, 421, 442], "excluded_lines": [39, 40, 41], "executed_branches": [[64, 66], [100, 106], [279, 280], [279, 284], [281, 279], [281, 282], [284, 287], [294, 295], [294, 305], [295, 296], [295, 334], [297, 298], [297, 299], [299, 301], [301, 334], [305, 306], [305, 323], [306, 307], [311, 312], [313, 314], [315, 317], [317, 334], [323, 324], [324, 325], [327, 328], [327, 334], [329, 330], [329, 331], [331, 327], [340, 341], [340, 344], [341, 343], [341, 354], [344, 345], [344, 351], [345, 346], [347, 349], [349, 350], [351, 352], [360, 361], [360, 362], [362, 363], [362, 364], [364, 366], [366, 369], [381, 383], [383, 386], [395, 396], [395, 399], [400, 401], [400, 404], [405, 406], [405, 408], [420, 423], [423, 424], [423, 426], [433, 434], [433, 441], [441, 449], [465, 466], [465, 477], [467, 468], [467, 477], [468, 467], [468, 469]], "missing_branches": [[64, 68], [100, 101], [158, 159], [158, 162], [162, 163], [162, 166], [284, 285], [299, 300], [301, 302], [306, 334], [311, 313], [313, 315], [315, 316], [317, 318], [323, 334], [324, 334], [331, 332], [345, 347], [347, 348], [349, 354], [351, 354], [364, 365], [366, 367], [381, 382], [383, 384], [420, 421], [441, 442]], "functions": {"AgentCommunicator.invoke_agent": {"executed_lines": [], "summary": {"covered_lines": 0, "num_statements": 0, "percent_covered": 100.0, "percent_covered_display": "100", "missing_lines": 0, "excluded_lines": 1, "num_branches": 0, "num_partial_branches": 0, "covered_branches": 0, "missing_branches": 0}, "missing_lines": [], "excluded_lines": [39], "executed_branches": [], "missing_branches": []}, "ArchitecturalReviewerInvoker.__init__": {"executed_lines": [64, 66, 70], "summary": {"covered_lines": 3, "num_statements": 4, "percent_covered": 66.66666666666667, "percent_covered_display": "67", "missing_lines": 1, "excluded_lines": 0, "num_branches": 2, "num_partial_branches": 1, "covered_branches": 1, "missing_branches": 1}, "missing_lines": [68], "excluded_lines": [], "executed_branches": [[64, 66]], "missing_branches": [[64, 68]]}, "ArchitecturalReviewerInvoker.is_available": {"executed_lines": [79], "summary": {"covered_lines": 1, "num_statements": 1, "percent_covered": 100.0, "percent_covered_display": "100", "missing_lines": 0, "excluded_lines": 0, "num_branches": 0, "num_partial_branches": 0, "covered_branches": 0, "missing_branches": 0}, "missing_lines": [], "excluded_lines": [], "executed_branches": [], "missing_branches": []}, "ArchitecturalReviewerInvoker.invoke_agent": {"executed_lines": [100, 106, 123, 127, 131, 135, 136], "summary": {"covered_lines": 7, "num_statements": 10, "percent_covered": 66.66666666666667, "percent_covered_display": "67", "missing_lines": 3, "excluded_lines": 0, "num_branches": 2, "num_partial_branches": 1, "covered_branches": 1, "missing_branches": 1}, "missing_lines": [101, 128, 132], "excluded_lines": [], "executed_branches": [[100, 106]], "missing_branches": [[100, 101]]}, "ArchitecturalReviewerInvoker.test_connection": {"executed_lines": [], "summary": {"covered_lines": 0, "num_statements": 13, "percent_covered": 0.0, "percent_covered_display": "0", "missing_lines": 13, "excluded_lines": 0, "num_branches": 4, "num_partial_branches": 0, "covered_branches": 0, "missing_branches": 4}, "missing_lines": [152, 158, 159, 160, 162, 163, 164, 166, 168, 171, 172, 173, 175], "excluded_lines": [], "executed_branches": [], "missing_branches": [[158, 159], [158, 162], [162, 163], [162, 166]]}, "HeuristicAnalyzer.__init__": {"executed_lines": [194], "summary": {"covered_lines": 1, "num_statements": 1, "percent_covered": 100.0, "percent_covered_display": "100", "missing_lines": 0, "excluded_lines": 0, "num_branches": 0, "num_partial_branches": 0, "covered_branches": 0, "missing_branches": 0}, "missing_lines": [], "excluded_lines": [], "executed_branches": [], "missing_branches": []}, "HeuristicAnalyzer.analyze": {"executed_lines": [204, 207, 210, 213, 216, 218], "summary": {"covered_lines": 6, "num_statements": 6, "percent_covered": 100.0, "percent_covered_display": "100", "missing_lines": 0, "excluded_lines": 0, "num_branches": 0, "num_partial_branches": 0, "covered_branches": 0, "missing_branches": 0}, "missing_lines": [], "excluded_lines": [], "executed_branches": [], "missing_branches": []}, "HeuristicAnalyzer._detect_language": {"executed_lines": [266, 267, 279, 280, 281, 282, 284, 287], "summary": {"covered_lines": 8, "num_statements": 9, "percent_covered": 86.66666666666667, "percent_covered_display": "87", "missing_lines": 1, "excluded_lines": 0, "num_branches": 6, "num_partial_branches": 1, "covered_branches": 5, "missing_branches": 1}, "missing_lines": [285], "excluded_lines": [], "executed_branches": [[279, 280], [279, 284], [281, 279], [281, 282], [284, 287]], "missing_branches": [[284, 285]]}, "HeuristicAnalyzer._detect_frameworks": {"executed_lines": [291, 294, 295, 296, 297, 298, 299, 301, 305, 306, 307, 308, 309, 311, 312, 313, 314, 315, 317, 323, 324, 325, 327, 328, 329, 330, 331, 334], "summary": {"covered_lines": 28, "num_statements": 35, "percent_covered": 74.6268656716418, "percent_covered_display": "75", "missing_lines": 7, "excluded_lines": 0, "num_branches": 32, "num_partial_branches": 10, "covered_branches": 22, "missing_branches": 10}, "missing_lines": [300, 302, 316, 318, 319, 320, 332], "excluded_lines": [], "executed_branches": [[294, 295], [294, 305], [295, 296], [295, 334], [297, 298], [297, 299], [299, 301], [301, 334], [305, 306], [305, 323], [306, 307], [311, 312], [313, 314], [315, 317], [317, 334], [323, 324], [324, 325], [327, 328], [327, 334], [329, 330], [329, 331], [331, 327]], "missing_branches": [[299, 300], [301, 302], [306, 334], [311, 313], [313, 315], [315, 316], [317, 318], [323, 334], [324, 334], [331, 332]]}, "HeuristicAnalyzer._detect_testing_frameworks": {"executed_lines": [338, 340, 341, 343, 344, 345, 346, 347, 349, 350, 351, 352, 354], "summary": {"covered_lines": 13, "num_statements": 14, "percent_covered": 82.14285714285714, "percent_covered_display": "82", "missing_lines": 1, "excluded_lines": 0, "num_branches": 14, "num_partial_branches": 4, "covered_branches": 10, "missing_branches": 4}, "missing_lines": [348], "excluded_lines": [], "executed_branches": [[340, 341], [340, 344], [341, 343], [341, 354], [344, 345], [344, 351], [345, 346], [347, 349], [349, 350], [351, 352]], "missing_branches": [[345, 347], [347, 348], [349, 354], [351, 354]]}, "HeuristicAnalyzer._detect_build_tools": {"executed_lines": [358, 360, 361, 362, 363, 364, 366, 369], "summary": {"covered_lines": 8, "num_statements": 10, "percent_covered": 77.77777777777777, "percent_covered_display": "78", "missing_lines": 2, "excluded_lines": 0, "num_branches": 8, "num_partial_branches": 2, "covered_branches": 6, "missing_branches": 2}, "missing_lines": [365, 367], "excluded_lines": [], "executed_branches": [[360, 361], [360, 362], [362, 363], [362, 364], [364, 366], [366, 369]], "missing_branches": [[364, 365], [366, 367]]}, "HeuristicAnalyzer._detect_databases": {"executed_lines": [373, 375], "summary": {"covered_lines": 2, "num_statements": 2, "percent_covered": 100.0, "percent_covered_display": "100", "missing_lines": 0, "excluded_lines": 0, "num_branches": 0, "num_partial_branches": 0, "covered_branches": 0, "missing_branches": 0}, "missing_lines": [], "excluded_lines": [], "executed_branches": [], "missing_branches": []}, "HeuristicAnalyzer._detect_infrastructure": {"executed_lines": [379, 381, 383, 386], "summary": {"covered_lines": 4, "num_statements": 6, "percent_covered": 60.0, "percent_covered_display": "60", "missing_lines": 2, "excluded_lines": 0, "num_branches": 4, "num_partial_branches": 2, "covered_branches": 2, "missing_branches": 2}, "missing_lines": [382, 384], "excluded_lines": [], "executed_branches": [[381, 383], [383, 386]], "missing_branches": [[381, 382], [383, 384]]}, "HeuristicAnalyzer._detect_patterns": {"executed_lines": [390, 394, 395, 396, 399, 400, 401, 404, 405, 406, 408], "summary": {"covered_lines": 11, "num_statements": 11, "percent_covered": 100.0, "percent_covered_display": "100", "missing_lines": 0, "excluded_lines": 0, "num_branches": 6, "num_partial_branches": 0, "covered_branches": 6, "missing_branches": 0}, "missing_lines": [], "excluded_lines": [], "executed_branches": [[395, 396], [395, 399], [400, 401], [400, 404], [405, 406], [405, 408]], "missing_branches": []}, "HeuristicAnalyzer._detect_architecture_style": {"executed_lines": [413, 415, 417, 420, 423, 424, 426], "summary": {"covered_lines": 7, "num_statements": 8, "percent_covered": 83.33333333333333, "percent_covered_display": "83", "missing_lines": 1, "excluded_lines": 0, "num_branches": 4, "num_partial_branches": 1, "covered_branches": 3, "missing_branches": 1}, "missing_lines": [421], "excluded_lines": [], "executed_branches": [[420, 423], [423, 424], [423, 426]], "missing_branches": [[420, 421]]}, "HeuristicAnalyzer._detect_layers": {"executed_lines": [430, 433, 434, 441, 449], "summary": {"covered_lines": 5, "num_statements": 6, "percent_covered": 80.0, "percent_covered_display": "80", "missing_lines": 1, "excluded_lines": 0, "num_branches": 4, "num_partial_branches": 1, "covered_branches": 3, "missing_branches": 1}, "missing_lines": [442], "excluded_lines": [], "executed_branches": [[433, 434], [433, 441], [441, 449]], "missing_branches": [[441, 442]]}, "HeuristicAnalyzer._detect_abstractions": {"executed_lines": [453, 458], "summary": {"covered_lines": 2, "num_statements": 2, "percent_covered": 100.0, "percent_covered_display": "100", "missing_lines": 0, "excluded_lines": 0, "num_branches": 0, "num_partial_branches": 0, "covered_branches": 0, "missing_branches": 0}, "missing_lines": [], "excluded_lines": [], "executed_branches": [], "missing_branches": []}, "HeuristicAnalyzer._find_example_files": {"executed_lines": [462, 465, 466, 467, 468, 469, 477], "summary": {"covered_lines": 7, "num_statements": 7, "percent_covered": 100.0, "percent_covered_display": "100", "missing_lines": 0, "excluded_lines": 0, "num_branches": 6, "num_partial_branches": 0, "covered_branches": 6, "missing_branches": 0}, "missing_lines": [], "excluded_lines": [], "executed_branches": [[465, 466], [465, 477], [467, 468], [467, 477], [468, 467], [468, 469]], "missing_branches": []}, "": {"executed_lines": [1, 14, 15, 16, 17, 19, 22, 23, 25, 42, 43, 51, 72, 81, 140, 178, 179, 187, 196, 264, 289, 336, 356, 371, 377, 388, 410, 428, 451, 460], "summary": {"covered_lines": 26, "num_statements": 26, "percent_covered": 100.0, "percent_covered_display": "100", "missing_lines": 0, "excluded_lines": 2, "num_branches": 0, "num_partial_branches": 0, "covered_branches": 0, "missing_branches": 0}, "missing_lines": [], "excluded_lines": [40, 41], "executed_branches": [], "missing_branches": []}}, "classes": {"AgentCommunicator": {"executed_lines": [], "summary": {"covered_lines": 0, "num_statements": 0, "percent_covered": 100.0, "percent_covered_display": "100", "missing_lines": 0, "excluded_lines": 1, "num_branches": 0, "num_partial_branches": 0, "covered_branches": 0, "missing_branches": 0}, "missing_lines": [], "excluded_lines": [39], "executed_branches": [], "missing_branches": []}, "ArchitecturalReviewerInvoker": {"executed_lines": [64, 66, 70, 79, 100, 106, 123, 127, 131, 135, 136], "summary": {"covered_lines": 11, "num_statements": 28, "percent_covered": 36.111111111111114, "percent_covered_display": "36", "missing_lines": 17, "excluded_lines": 0, "num_branches": 8, "num_partial_branches": 2, "covered_branches": 2, "missing_branches": 6}, "missing_lines": [68, 101, 128, 132, 152, 158, 159, 160, 162, 163, 164, 166, 168, 171, 172, 173, 175], "excluded_lines": [], "executed_branches": [[64, 66], [100, 106]], "missing_branches": [[64, 68], [100, 101], [158, 159], [158, 162], [162, 163], [162, 166]]}, "HeuristicAnalyzer": {"executed_lines": [194, 204, 207, 210, 213, 216, 218, 266, 267, 279, 280, 281, 282, 284, 287, 291, 294, 295, 296, 297, 298, 299, 301, 305, 306, 307, 308, 309, 311, 312, 313, 314, 315, 317, 323, 324, 325, 327, 328, 329, 330, 331, 334, 338, 340, 341, 343, 344, 345, 346, 347, 349, 350, 351, 352, 354, 358, 360, 361, 362, 363, 364, 366, 369, 373, 375, 379, 381, 383, 386, 390, 394, 395, 396, 399, 400, 401, 404, 405, 406, 408, 413, 415, 417, 420, 423, 424, 426, 430, 433, 434, 441, 449, 453, 458, 462, 465, 466, 467, 468, 469, 477], "summary": {"covered_lines": 102, "num_statements": 117, "percent_covered": 82.08955223880596, "percent_covered_display": "82", "missing_lines": 15, "excluded_lines": 0, "num_branches": 84, "num_partial_branches": 21, "covered_branches": 63, "missing_branches": 21}, "missing_lines": [285, 300, 302, 316, 318, 319, 320, 332, 348, 365, 367, 382, 384, 421, 442], "excluded_lines": [], "executed_branches": [[279, 280], [279, 284], [281, 279], [281, 282], [284, 287], [294, 295], [294, 305], [295, 296], [295, 334], [297, 298], [297, 299], [299, 301], [301, 334], [305, 306], [305, 323], [306, 307], [311, 312], [313, 314], [315, 317], [317, 334], [323, 324], [324, 325], [327, 328], [327, 334], [329, 330], [329, 331], [331, 327], [340, 341], [340, 344], [341, 343], [341, 354], [344, 345], [344, 351], [345, 346], [347, 349], [349, 350], [351, 352], [360, 361], [360, 362], [362, 363], [362, 364], [364, 366], [366, 369], [381, 383], [383, 386], [395, 396], [395, 399], [400, 401], [400, 404], [405, 406], [405, 408], [420, 423], [423, 424], [423, 426], [433, 434], [433, 441], [441, 449], [465, 466], [465, 477], [467, 468], [467, 477], [468, 467], [468, 469]], "missing_branches": [[284, 285], [299, 300], [301, 302], [306, 334], [311, 313], [313, 315], [315, 316], [317, 318], [323, 334], [324, 334], [331, 332], [345, 347], [347, 348], [349, 354], [351, 354], [364, 365], [366, 367], [381, 382], [383, 384], [420, 421], [441, 442]]}, "": {"executed_lines": [1, 14, 15, 16, 17, 19, 22, 23, 25, 42, 43, 51, 72, 81, 140, 178, 179, 187, 196, 264, 289, 336, 356, 371, 377, 388, 410, 428, 451, 460], "summary": {"covered_lines": 26, "num_statements": 26, "percent_covered": 100.0, "percent_covered_display": "100", "missing_lines": 0, "excluded_lines": 2, "num_branches": 0, "num_partial_branches": 0, "covered_branches": 0, "missing_branches": 0}, "missing_lines": [], "excluded_lines": [40, 41], "executed_branches": [], "missing_branches": []}}}, "installer/global/lib/codebase_analyzer/ai_analyzer.py": {"executed_lines": [1, 15, 16, 17, 19, 24, 28, 29, 30, 33, 36, 37, 55, 75, 76, 77, 78, 79, 82, 84, 107, 110, 111, 112, 115, 118, 119, 120, 121, 123, 126, 127, 128, 136, 138, 139, 140, 141, 147, 148, 154, 156, 157, 158, 163, 164, 166, 169, 170, 171, 177, 178, 179, 181, 184, 185, 188, 189, 191, 193, 209, 210, 213, 214, 220, 222, 239, 241, 244, 245, 248, 249, 252, 253, 260, 262, 264, 293, 320, 335, 337, 351, 375, 376], "summary": {"covered_lines": 82, "num_statements": 100, "percent_covered": 77.41935483870968, "percent_covered_display": "77", "missing_lines": 18, "excluded_lines": 0, "num_branches": 24, "num_partial_branches": 2, "covered_branches": 14, "missing_branches": 10}, "missing_lines": [113, 159, 160, 161, 186, 283, 289, 291, 308, 309, 310, 311, 313, 314, 315, 316, 318, 347], "excluded_lines": [], "executed_branches": [[110, 111], [110, 112], [112, 115], [138, 139], [138, 163], [163, 164], [163, 166], [169, 170], [169, 177], [178, 179], [178, 181], [184, 185], [184, 191], [185, 188]], "missing_branches": [[112, 113], [185, 186], [308, 309], [308, 313], [309, 310], [309, 311], [313, 314], [313, 318], [315, 316], [315, 318]], "functions": {"CodebaseAnalyzer.__init__": {"executed_lines": [75, 76, 77, 78, 79, 82], "summary": {"covered_lines": 6, "num_statements": 6, "percent_covered": 100.0, "percent_covered_display": "100", "missing_lines": 0, "excluded_lines": 0, "num_branches": 0, "num_partial_branches": 0, "covered_branches": 0, "missing_branches": 0}, "missing_lines": [], "excluded_lines": [], "executed_branches": [], "missing_branches": []}, "CodebaseAnalyzer.analyze_codebase": {"executed_lines": [107, 110, 111, 112, 115, 118, 119, 120, 121, 123, 126, 127, 128, 136, 138, 139, 140, 141, 147, 148, 154, 156, 157, 158, 163, 164, 166, 169, 170, 171, 177, 178, 179, 181, 184, 185, 188, 189, 191], "summary": {"covered_lines": 39, "num_statements": 44, "percent_covered": 88.33333333333333, "percent_covered_display": "88", "missing_lines": 5, "excluded_lines": 0, "num_branches": 16, "num_partial_branches": 2, "covered_branches": 14, "missing_branches": 2}, "missing_lines": [113, 159, 160, 161, 186], "excluded_lines": [], "executed_branches": [[110, 111], [110, 112], [112, 115], [138, 139], [138, 163], [163, 164], [163, 166], [169, 170], [169, 177], [178, 179], [178, 181], [184, 185], [184, 191], [185, 188]], "missing_branches": [[112, 113], [185, 186]]}, "CodebaseAnalyzer._fallback_analysis": {"executed_lines": [209, 210, 213, 214, 220], "summary": {"covered_lines": 5, "num_statements": 5, "percent_covered": 100.0, "percent_covered_display": "100", "missing_lines": 0, "excluded_lines": 0, "num_branches": 0, "num_partial_branches": 0, "covered_branches": 0, "missing_branches": 0}, "missing_lines": [], "excluded_lines": [], "executed_branches": [], "missing_branches": []}, "CodebaseAnalyzer.quick_analyze": {"executed_lines": [239, 241, 244, 245, 248, 249, 252, 253, 260, 262], "summary": {"covered_lines": 10, "num_statements": 10, "percent_covered": 100.0, "percent_covered_display": "100", "missing_lines": 0, "excluded_lines": 0, "num_branches": 0, "num_partial_branches": 0, "covered_branches": 0, "missing_branches": 0}, "missing_lines": [], "excluded_lines": [], "executed_branches": [], "missing_branches": []}, "CodebaseAnalyzer.analyze_and_save": {"executed_lines": [], "summary": {"covered_lines": 0, "num_statements": 3, "percent_covered": 0.0, "percent_covered_display": "0", "missing_lines": 3, "excluded_lines": 0, "num_branches": 0, "num_partial_branches": 0, "covered_branches": 0, "missing_branches": 0}, "missing_lines": [283, 289, 291], "excluded_lines": [], "executed_branches": [], "missing_branches": []}, "CodebaseAnalyzer.load_cached_analysis": {"executed_lines": [], "summary": {"covered_lines": 0, "num_statements": 9, "percent_covered": 0.0, "percent_covered_display": "0", "missing_lines": 9, "excluded_lines": 0, "num_branches": 8, "num_partial_branches": 0, "covered_branches": 0, "missing_branches": 8}, "missing_lines": [308, 309, 310, 311, 313, 314, 315, 316, 318], "excluded_lines": [], "executed_branches": [], "missing_branches": [[308, 309], [308, 313], [309, 310], [309, 311], [313, 314], [313, 318], [315, 316], [315, 318]]}, "CodebaseAnalyzer.export_markdown_report": {"executed_lines": [335], "summary": {"covered_lines": 1, "num_statements": 1, "percent_covered": 100.0, "percent_covered_display": "100", "missing_lines": 0, "excluded_lines": 0, "num_branches": 0, "num_partial_branches": 0, "covered_branches": 0, "missing_branches": 0}, "missing_lines": [], "excluded_lines": [], "executed_branches": [], "missing_branches": []}, "CodebaseAnalyzer.get_analysis_summary": {"executed_lines": [], "summary": {"covered_lines": 0, "num_statements": 1, "percent_covered": 0.0, "percent_covered_display": "0", "missing_lines": 1, "excluded_lines": 0, "num_branches": 0, "num_partial_branches": 0, "covered_branches": 0, "missing_branches": 0}, "missing_lines": [347], "excluded_lines": [], "executed_branches": [], "missing_branches": []}, "analyze_codebase": {"executed_lines": [375, 376], "summary": {"covered_lines": 2, "num_statements": 2, "percent_covered": 100.0, "percent_covered_display": "100", "missing_lines": 0, "excluded_lines": 0, "num_branches": 0, "num_partial_branches": 0, "covered_branches": 0, "missing_branches": 0}, "missing_lines": [], "excluded_lines": [], "executed_branches": [], "missing_branches": []}, "": {"executed_lines": [1, 15, 16, 17, 19, 24, 28, 29, 30, 33, 36, 37, 55, 84, 193, 222, 264, 293, 320, 337, 351], "summary": {"covered_lines": 19, "num_statements": 19, "percent_covered": 100.0, "percent_covered_display": "100", "missing_lines": 0, "excluded_lines": 0, "num_branches": 0, "num_partial_branches": 0, "covered_branches": 0, "missing_branches": 0}, "missing_lines": [], "excluded_lines": [], "executed_branches": [], "missing_branches": []}}, "classes": {"CodebaseAnalyzer": {"executed_lines": [75, 76, 77, 78, 79, 82, 107, 110, 111, 112, 115, 118, 119, 120, 121, 123, 126, 127, 128, 136, 138, 139, 140, 141, 147, 148, 154, 156, 157, 158, 163, 164, 166, 169, 170, 171, 177, 178, 179, 181, 184, 185, 188, 189, 191, 209, 210, 213, 214, 220, 239, 241, 244, 245, 248, 249, 252, 253, 260, 262, 335], "summary": {"covered_lines": 61, "num_statements": 79, "percent_covered": 72.81553398058253, "percent_covered_display": "73", "missing_lines": 18, "excluded_lines": 0, "num_branches": 24, "num_partial_branches": 2, "covered_branches": 14, "missing_branches": 10}, "missing_lines": [113, 159, 160, 161, 186, 283, 289, 291, 308, 309, 310, 311, 313, 314, 315, 316, 318, 347], "excluded_lines": [], "executed_branches": [[110, 111], [110, 112], [112, 115], [138, 139], [138, 163], [163, 164], [163, 166], [169, 170], [169, 177], [178, 179], [178, 181], [184, 185], [184, 191], [185, 188]], "missing_branches": [[112, 113], [185, 186], [308, 309], [308, 313], [309, 310], [309, 311], [313, 314], [313, 318], [315, 316], [315, 318]]}, "": {"executed_lines": [1, 15, 16, 17, 19, 24, 28, 29, 30, 33, 36, 37, 55, 84, 193, 222, 264, 293, 320, 337, 351, 375, 376], "summary": {"covered_lines": 21, "num_statements": 21, "percent_covered": 100.0, "percent_covered_display": "100", "missing_lines": 0, "excluded_lines": 0, "num_branches": 0, "num_partial_branches": 0, "covered_branches": 0, "missing_branches": 0}, "missing_lines": [], "excluded_lines": [], "executed_branches": [], "missing_branches": []}}}, "installer/global/lib/codebase_analyzer/models.py": {"executed_lines": [1, 14, 15, 16, 17, 19, 22, 23, 24, 25, 26, 27, 30, 31, 32, 33, 34, 36, 37, 39, 40, 42, 43, 44, 46, 48, 51, 54, 55, 56, 57, 58, 59, 60, 61, 62, 65, 66, 67, 68, 69, 70, 73, 74, 75, 76, 77, 78, 79, 80, 83, 84, 85, 86, 87, 88, 89, 90, 91, 92, 93, 96, 97, 98, 99, 100, 101, 102, 105, 106, 111, 112, 115, 116, 117, 120, 121, 122, 123, 126, 128, 129, 131, 137, 138, 139, 140, 141, 142, 146, 152, 154, 181, 182, 183, 186, 187, 188, 191, 192, 193], "summary": {"covered_lines": 82, "num_statements": 86, "percent_covered": 92.0, "percent_covered_display": "92", "missing_lines": 4, "excluded_lines": 0, "num_branches": 14, "num_partial_branches": 4, "covered_branches": 10, "missing_branches": 4}, "missing_lines": [45, 47, 49, 144], "excluded_lines": [], "executed_branches": [[42, 43], [42, 44], [44, 46], [46, 48], [48, 51], [137, 138], [137, 139], [139, 140], [139, 141], [141, 142]], "missing_branches": [[44, 45], [46, 47], [48, 49], [141, 144]], "functions": {"ConfidenceScore.validate_level_matches_percentage": {"executed_lines": [39, 40, 42, 43, 44, 46, 48, 51], "summary": {"covered_lines": 8, "num_statements": 11, "percent_covered": 68.42105263157895, "percent_covered_display": "68", "missing_lines": 3, "excluded_lines": 0, "num_branches": 8, "num_partial_branches": 3, "covered_branches": 5, "missing_branches": 3}, "missing_lines": [45, 47, 49], "excluded_lines": [], "executed_branches": [[42, 43], [42, 44], [44, 46], [46, 48], [48, 51]], "missing_branches": [[44, 45], [46, 47], [48, 49]]}, "CodebaseAnalysis.overall_confidence": {"executed_lines": [131, 137, 138, 139, 140, 141, 142, 146], "summary": {"covered_lines": 8, "num_statements": 9, "percent_covered": 86.66666666666667, "percent_covered_display": "87", "missing_lines": 1, "excluded_lines": 0, "num_branches": 6, "num_partial_branches": 1, "covered_branches": 5, "missing_branches": 1}, "missing_lines": [144], "excluded_lines": [], "executed_branches": [[137, 138], [137, 139], [139, 140], [139, 141], [141, 142]], "missing_branches": [[141, 144]]}, "CodebaseAnalysis.get_summary": {"executed_lines": [154], "summary": {"covered_lines": 1, "num_statements": 1, "percent_covered": 100.0, "percent_covered_display": "100", "missing_lines": 0, "excluded_lines": 0, "num_branches": 0, "num_partial_branches": 0, "covered_branches": 0, "missing_branches": 0}, "missing_lines": [], "excluded_lines": [], "executed_branches": [], "missing_branches": []}, "": {"executed_lines": [1, 14, 15, 16, 17, 19, 22, 23, 24, 25, 26, 27, 30, 31, 32, 33, 34, 36, 37, 54, 55, 56, 57, 58, 59, 60, 61, 62, 65, 66, 67, 68, 69, 70, 73, 74, 75, 76, 77, 78, 79, 80, 83, 84, 85, 86, 87, 88, 89, 90, 91, 92, 93, 96, 97, 98, 99, 100, 101, 102, 105, 106, 111, 112, 115, 116, 117, 120, 121, 122, 123, 126, 128, 129, 152, 181, 182, 183, 186, 187, 188, 191, 192, 193], "summary": {"covered_lines": 65, "num_statements": 65, "percent_covered": 100.0, "percent_covered_display": "100", "missing_lines": 0, "excluded_lines": 0, "num_branches": 0, "num_partial_branches": 0, "covered_branches": 0, "missing_branches": 0}, "missing_lines": [], "excluded_lines": [], "executed_branches": [], "missing_branches": []}}, "classes": {"ConfidenceLevel": {"executed_lines": [], "summary": {"covered_lines": 0, "num_statements": 0, "percent_covered": 100.0, "percent_covered_display": "100", "missing_lines": 0, "excluded_lines": 0, "num_branches": 0, "num_partial_branches": 0, "covered_branches": 0, "missing_branches": 0}, "missing_lines": [], "excluded_lines": [], "executed_branches": [], "missing_branches": []}, "ConfidenceScore": {"executed_lines": [39, 40, 42, 43, 44, 46, 48, 51], "summary": {"covered_lines": 8, "num_statements": 11, "percent_covered": 68.42105263157895, "percent_covered_display": "68", "missing_lines": 3, "excluded_lines": 0, "num_branches": 8, "num_partial_branches": 3, "covered_branches": 5, "missing_branches": 3}, "missing_lines": [45, 47, 49], "excluded_lines": [], "executed_branches": [[42, 43], [42, 44], [44, 46], [46, 48], [48, 51]], "missing_branches": [[44, 45], [46, 47], [48, 49]]}, "TechnologyInfo": {"executed_lines": [], "summary": {"covered_lines": 0, "num_statements": 0, "percent_covered": 100.0, "percent_covered_display": "100", "missing_lines": 0, "excluded_lines": 0, "num_branches": 0, "num_partial_branches": 0, "covered_branches": 0, "missing_branches": 0}, "missing_lines": [], "excluded_lines": [], "executed_branches": [], "missing_branches": []}, "LayerInfo": {"executed_lines": [], "summary": {"covered_lines": 0, "num_statements": 0, "percent_covered": 100.0, "percent_covered_display": "100", "missing_lines": 0, "excluded_lines": 0, "num_branches": 0, "num_partial_branches": 0, "covered_branches": 0, "missing_branches": 0}, "missing_lines": [], "excluded_lines": [], "executed_branches": [], "missing_branches": []}, "ArchitectureInfo": {"executed_lines": [], "summary": {"covered_lines": 0, "num_statements": 0, "percent_covered": 100.0, "percent_covered_display": "100", "missing_lines": 0, "excluded_lines": 0, "num_branches": 0, "num_partial_branches": 0, "covered_branches": 0, "missing_branches": 0}, "missing_lines": [], "excluded_lines": [], "executed_branches": [], "missing_branches": []}, "QualityInfo": {"executed_lines": [], "summary": {"covered_lines": 0, "num_statements": 0, "percent_covered": 100.0, "percent_covered_display": "100", "missing_lines": 0, "excluded_lines": 0, "num_branches": 0, "num_partial_branches": 0, "covered_branches": 0, "missing_branches": 0}, "missing_lines": [], "excluded_lines": [], "executed_branches": [], "missing_branches": []}, "ExampleFile": {"executed_lines": [], "summary": {"covered_lines": 0, "num_statements": 0, "percent_covered": 100.0, "percent_covered_display": "100", "missing_lines": 0, "excluded_lines": 0, "num_branches": 0, "num_partial_branches": 0, "covered_branches": 0, "missing_branches": 0}, "missing_lines": [], "excluded_lines": [], "executed_branches": [], "missing_branches": []}, "CodebaseAnalysis": {"executed_lines": [131, 137, 138, 139, 140, 141, 142, 146, 154], "summary": {"covered_lines": 9, "num_statements": 10, "percent_covered": 87.5, "percent_covered_display": "88", "missing_lines": 1, "excluded_lines": 0, "num_branches": 6, "num_partial_branches": 1, "covered_branches": 5, "missing_branches": 1}, "missing_lines": [144], "excluded_lines": [], "executed_branches": [[137, 138], [137, 139], [139, 140], [139, 141], [141, 142]], "missing_branches": [[141, 144]]}, "AnalysisError": {"executed_lines": [], "summary": {"covered_lines": 0, "num_statements": 0, "percent_covered": 100.0, "percent_covered_display": "100", "missing_lines": 0, "excluded_lines": 0, "num_branches": 0, "num_partial_branches": 0, "covered_branches": 0, "missing_branches": 0}, "missing_lines": [], "excluded_lines": [], "executed_branches": [], "missing_branches": []}, "AgentInvocationError": {"executed_lines": [], "summary": {"covered_lines": 0, "num_statements": 0, "percent_covered": 100.0, "percent_covered_display": "100", "missing_lines": 0, "excluded_lines": 0, "num_branches": 0, "num_partial_branches": 0, "covered_branches": 0, "missing_branches": 0}, "missing_lines": [], "excluded_lines": [], "executed_branches": [], "missing_branches": []}, "ParseError": {"executed_lines": [], "summary": {"covered_lines": 0, "num_statements": 0, "percent_covered": 100.0, "percent_covered_display": "100", "missing_lines": 0, "excluded_lines": 0, "num_branches": 0, "num_partial_branches": 0, "covered_branches": 0, "missing_branches": 0}, "missing_lines": [], "excluded_lines": [], "executed_branches": [], "missing_branches": []}, "": {"executed_lines": [1, 14, 15, 16, 17, 19, 22, 23, 24, 25, 26, 27, 30, 31, 32, 33, 34, 36, 37, 54, 55, 56, 57, 58, 59, 60, 61, 62, 65, 66, 67, 68, 69, 70, 73, 74, 75, 76, 77, 78, 79, 80, 83, 84, 85, 86, 87, 88, 89, 90, 91, 92, 93, 96, 97, 98, 99, 100, 101, 102, 105, 106, 111, 112, 115, 116, 117, 120, 121, 122, 123, 126, 128, 129, 152, 181, 182, 183, 186, 187, 188, 191, 192, 193], "summary": {"covered_lines": 65, "num_statements": 65, "percent_covered": 100.0, "percent_covered_display": "100", "missing_lines": 0, "excluded_lines": 0, "num_branches": 0, "num_partial_branches": 0, "covered_branches": 0, "missing_branches": 0}, "missing_lines": [], "excluded_lines": [], "executed_branches": [], "missing_branches": []}}}, "installer/global/lib/codebase_analyzer/prompt_builder.py": {"executed_lines": [1, 13, 14, 17, 18, 26, 34, 36, 57, 60, 63, 66, 69, 79, 81, 83, 89, 90, 91, 92, 93, 95, 96, 97, 98, 99, 100, 101, 102, 104, 106, 108, 116, 118, 121, 128, 129, 130, 131, 133, 134, 135, 136, 137, 138, 140, 142, 144, 222, 224, 246, 247, 249, 260, 262, 283, 284, 290, 298, 299, 302, 308, 315, 316, 319, 327, 328, 331, 332, 335, 336, 337, 338, 342, 345, 346, 347, 348, 350, 351, 352, 354, 358, 359, 360, 364, 366, 368, 378, 379, 380, 382, 391, 392, 394, 395, 396, 398, 399, 400, 401, 403, 404, 405, 409, 411, 412, 415, 416, 420, 421, 424, 425, 426, 430, 432, 434, 436, 437, 438, 440, 442, 453, 454, 455, 456, 457, 458, 459, 460, 461], "summary": {"covered_lines": 128, "num_statements": 138, "percent_covered": 92.0, "percent_covered_display": "92", "missing_lines": 10, "excluded_lines": 0, "num_branches": 62, "num_partial_branches": 6, "covered_branches": 56, "missing_branches": 6}, "missing_lines": [119, 329, 333, 406, 407, 417, 427, 428, 462, 463], "excluded_lines": [], "executed_branches": [[89, 90], [89, 104], [95, 96], [97, 98], [97, 99], [99, 100], [99, 101], [101, 102], [101, 104], [118, 121], [128, 129], [128, 140], [327, 328], [327, 345], [328, 331], [331, 327], [331, 332], [332, 335], [335, 336], [337, 331], [337, 338], [345, 346], [345, 366], [346, 347], [346, 366], [347, 348], [347, 350], [350, 346], [350, 351], [351, 352], [351, 354], [354, 350], [354, 358], [359, 350], [359, 360], [391, 392], [391, 394], [398, -382], [398, 399], [403, 398], [403, 404], [411, 412], [411, 415], [416, 420], [420, 421], [420, 424], [425, 426], [425, 430], [436, 437], [436, 440], [437, 436], [437, 438], [456, 457], [456, 461], [457, 458], [457, 460]], "missing_branches": [[95, 97], [118, 119], [328, 329], [332, 333], [335, 331], [416, 417]], "functions": {"PromptBuilder.__init__": {"executed_lines": [34], "summary": {"covered_lines": 1, "num_statements": 1, "percent_covered": 100.0, "percent_covered_display": "100", "missing_lines": 0, "excluded_lines": 0, "num_branches": 0, "num_partial_branches": 0, "covered_branches": 0, "missing_branches": 0}, "missing_lines": [], "excluded_lines": [], "executed_branches": [], "missing_branches": []}, "PromptBuilder.build_analysis_prompt": {"executed_lines": [57, 60, 63, 66, 69, 79], "summary": {"covered_lines": 6, "num_statements": 6, "percent_covered": 100.0, "percent_covered_display": "100", "missing_lines": 0, "excluded_lines": 0, "num_branches": 0, "num_partial_branches": 0, "covered_branches": 0, "missing_branches": 0}, "missing_lines": [], "excluded_lines": [], "executed_branches": [], "missing_branches": []}, "PromptBuilder._build_context_section": {"executed_lines": [83, 89, 90, 91, 92, 93, 95, 96, 97, 98, 99, 100, 101, 102, 104], "summary": {"covered_lines": 15, "num_statements": 15, "percent_covered": 96.0, "percent_covered_display": "96", "missing_lines": 0, "excluded_lines": 0, "num_branches": 10, "num_partial_branches": 1, "covered_branches": 9, "missing_branches": 1}, "missing_lines": [], "excluded_lines": [], "executed_branches": [[89, 90], [89, 104], [95, 96], [97, 98], [97, 99], [99, 100], [99, 101], [101, 102], [101, 104]], "missing_branches": [[95, 97]]}, "PromptBuilder._build_structure_section": {"executed_lines": [108], "summary": {"covered_lines": 1, "num_statements": 1, "percent_covered": 100.0, "percent_covered_display": "100", "missing_lines": 0, "excluded_lines": 0, "num_branches": 0, "num_partial_branches": 0, "covered_branches": 0, "missing_branches": 0}, "missing_lines": [], "excluded_lines": [], "executed_branches": [], "missing_branches": []}, "PromptBuilder._build_samples_section": {"executed_lines": [118, 121, 128, 129, 130, 131, 133, 134, 135, 136, 137, 138, 140], "summary": {"covered_lines": 13, "num_statements": 14, "percent_covered": 88.88888888888889, "percent_covered_display": "89", "missing_lines": 1, "excluded_lines": 0, "num_branches": 4, "num_partial_branches": 1, "covered_branches": 3, "missing_branches": 1}, "missing_lines": [119], "excluded_lines": [], "executed_branches": [[118, 121], [128, 129], [128, 140]], "missing_branches": [[118, 119]]}, "PromptBuilder._build_request_section": {"executed_lines": [144], "summary": {"covered_lines": 1, "num_statements": 1, "percent_covered": 100.0, "percent_covered_display": "100", "missing_lines": 0, "excluded_lines": 0, "num_branches": 0, "num_partial_branches": 0, "covered_branches": 0, "missing_branches": 0}, "missing_lines": [], "excluded_lines": [], "executed_branches": [], "missing_branches": []}, "PromptBuilder._detect_language_from_path": {"executed_lines": [224, 246, 247], "summary": {"covered_lines": 3, "num_statements": 3, "percent_covered": 100.0, "percent_covered_display": "100", "missing_lines": 0, "excluded_lines": 0, "num_branches": 0, "num_partial_branches": 0, "covered_branches": 0, "missing_branches": 0}, "missing_lines": [], "excluded_lines": [], "executed_branches": [], "missing_branches": []}, "PromptBuilder.build_quick_analysis_prompt": {"executed_lines": [260, 262], "summary": {"covered_lines": 2, "num_statements": 2, "percent_covered": 100.0, "percent_covered_display": "100", "missing_lines": 0, "excluded_lines": 0, "num_branches": 0, "num_partial_branches": 0, "covered_branches": 0, "missing_branches": 0}, "missing_lines": [], "excluded_lines": [], "executed_branches": [], "missing_branches": []}, "FileCollector.__init__": {"executed_lines": [298, 299, 302], "summary": {"covered_lines": 3, "num_statements": 3, "percent_covered": 100.0, "percent_covered_display": "100", "missing_lines": 0, "excluded_lines": 0, "num_branches": 0, "num_partial_branches": 0, "covered_branches": 0, "missing_branches": 0}, "missing_lines": [], "excluded_lines": [], "executed_branches": [], "missing_branches": []}, "FileCollector.collect_samples": {"executed_lines": [315, 316, 319, 327, 328, 331, 332, 335, 336, 337, 338, 342, 345, 346, 347, 348, 350, 351, 352, 354, 358, 359, 360, 364, 366], "summary": {"covered_lines": 25, "num_statements": 27, "percent_covered": 90.56603773584905, "percent_covered_display": "91", "missing_lines": 2, "excluded_lines": 0, "num_branches": 26, "num_partial_branches": 3, "covered_branches": 23, "missing_branches": 3}, "missing_lines": [329, 333], "excluded_lines": [], "executed_branches": [[327, 328], [327, 345], [328, 331], [331, 327], [331, 332], [332, 335], [335, 336], [337, 331], [337, 338], [345, 346], [345, 366], [346, 347], [346, 366], [347, 348], [347, 350], [350, 346], [350, 351], [351, 352], [351, 354], [354, 350], [354, 358], [359, 350], [359, 360]], "missing_branches": [[328, 329], [332, 333], [335, 331]]}, "FileCollector.get_directory_tree": {"executed_lines": [378, 379, 380], "summary": {"covered_lines": 3, "num_statements": 3, "percent_covered": 100.0, "percent_covered_display": "100", "missing_lines": 0, "excluded_lines": 0, "num_branches": 0, "num_partial_branches": 0, "covered_branches": 0, "missing_branches": 0}, "missing_lines": [], "excluded_lines": [], "executed_branches": [], "missing_branches": []}, "FileCollector._build_tree": {"executed_lines": [391, 392, 394, 395, 396, 398, 399, 400, 401, 403, 404, 405], "summary": {"covered_lines": 12, "num_statements": 14, "percent_covered": 90.0, "percent_covered_display": "90", "missing_lines": 2, "excluded_lines": 0, "num_branches": 6, "num_partial_branches": 0, "covered_branches": 6, "missing_branches": 0}, "missing_lines": [406, 407], "excluded_lines": [], "executed_branches": [[391, 392], [391, 394], [398, -382], [398, 399], [403, 398], [403, 404]], "missing_branches": []}, "FileCollector._should_include": {"executed_lines": [411, 412, 415, 416, 420, 421, 424, 425, 426, 430], "summary": {"covered_lines": 10, "num_statements": 13, "percent_covered": 80.95238095238095, "percent_covered_display": "81", "missing_lines": 3, "excluded_lines": 0, "num_branches": 8, "num_partial_branches": 1, "covered_branches": 7, "missing_branches": 1}, "missing_lines": [417, 427, 428], "excluded_lines": [], "executed_branches": [[411, 412], [411, 415], [416, 420], [420, 421], [420, 424], [425, 426], [425, 430]], "missing_branches": [[416, 417]]}, "FileCollector._should_ignore": {"executed_lines": [434, 436, 437, 438, 440], "summary": {"covered_lines": 5, "num_statements": 5, "percent_covered": 100.0, "percent_covered_display": "100", "missing_lines": 0, "excluded_lines": 0, "num_branches": 4, "num_partial_branches": 0, "covered_branches": 4, "missing_branches": 0}, "missing_lines": [], "excluded_lines": [], "executed_branches": [[436, 437], [436, 440], [437, 436], [437, 438]], "missing_branches": []}, "FileCollector._read_file_safely": {"executed_lines": [453, 454, 455, 456, 457, 458, 459, 460, 461], "summary": {"covered_lines": 9, "num_statements": 11, "percent_covered": 86.66666666666667, "percent_covered_display": "87", "missing_lines": 2, "excluded_lines": 0, "num_branches": 4, "num_partial_branches": 0, "covered_branches": 4, "missing_branches": 0}, "missing_lines": [462, 463], "excluded_lines": [], "executed_branches": [[456, 457], [456, 461], [457, 458], [457, 460]], "missing_branches": []}, "": {"executed_lines": [1, 13, 14, 17, 18, 26, 36, 81, 106, 116, 142, 222, 249, 283, 284, 290, 308, 368, 382, 409, 432, 442], "summary": {"covered_lines": 19, "num_statements": 19, "percent_covered": 100.0, "percent_covered_display": "100", "missing_lines": 0, "excluded_lines": 0, "num_branches": 0, "num_partial_branches": 0, "covered_branches": 0, "missing_branches": 0}, "missing_lines": [], "excluded_lines": [], "executed_branches": [], "missing_branches": []}}, "classes": {"PromptBuilder": {"executed_lines": [34, 57, 60, 63, 66, 69, 79, 83, 89, 90, 91, 92, 93, 95, 96, 97, 98, 99, 100, 101, 102, 104, 108, 118, 121, 128, 129, 130, 131, 133, 134, 135, 136, 137, 138, 140, 144, 224, 246, 247, 260, 262], "summary": {"covered_lines": 42, "num_statements": 43, "percent_covered": 94.73684210526316, "percent_covered_display": "95", "missing_lines": 1, "excluded_lines": 0, "num_branches": 14, "num_partial_branches": 2, "covered_branches": 12, "missing_branches": 2}, "missing_lines": [119], "excluded_lines": [], "executed_branches": [[89, 90], [89, 104], [95, 96], [97, 98], [97, 99], [99, 100], [99, 101], [101, 102], [101, 104], [118, 121], [128, 129], [128, 140]], "missing_branches": [[95, 97], [118, 119]]}, "FileCollector": {"executed_lines": [298, 299, 302, 315, 316, 319, 327, 328, 331, 332, 335, 336, 337, 338, 342, 345, 346, 347, 348, 350, 351, 352, 354, 358, 359, 360, 364, 366, 378, 379, 380, 391, 392, 394, 395, 396, 398, 399, 400, 401, 403, 404, 405, 411, 412, 415, 416, 420, 421, 424, 425, 426, 430, 434, 436, 437, 438, 440, 453, 454, 455, 456, 457, 458, 459, 460, 461], "summary": {"covered_lines": 67, "num_statements": 76, "percent_covered": 89.51612903225806, "percent_covered_display": "90", "missing_lines": 9, "excluded_lines": 0, "num_branches": 48, "num_partial_branches": 4, "covered_branches": 44, "missing_branches": 4}, "missing_lines": [329, 333, 406, 407, 417, 427, 428, 462, 463], "excluded_lines": [], "executed_branches": [[327, 328], [327, 345], [328, 331], [331, 327], [331, 332], [332, 335], [335, 336], [337, 331], [337, 338], [345, 346], [345, 366], [346, 347], [346, 366], [347, 348], [347, 350], [350, 346], [350, 351], [351, 352], [351, 354], [354, 350], [354, 358], [359, 350], [359, 360], [391, 392], [391, 394], [398, -382], [398, 399], [403, 398], [403, 404], [411, 412], [411, 415], [416, 420], [420, 421], [420, 424], [425, 426], [425, 430], [436, 437], [436, 440], [437, 436], [437, 438], [456, 457], [456, 461], [457, 458], [457, 460]], "missing_branches": [[328, 329], [332, 333], [335, 331], [416, 417]]}, "": {"executed_lines": [1, 13, 14, 17, 18, 26, 36, 81, 106, 116, 142, 222, 249, 283, 284, 290, 308, 368, 382, 409, 432, 442], "summary": {"covered_lines": 19, "num_statements": 19, "percent_covered": 100.0, "percent_covered_display": "100", "missing_lines": 0, "excluded_lines": 0, "num_branches": 0, "num_partial_branches": 0, "covered_branches": 0, "missing_branches": 0}, "missing_lines": [], "excluded_lines": [], "executed_branches": [], "missing_branches": []}}}, "installer/global/lib/codebase_analyzer/response_parser.py": {"executed_lines": [1, 13, 14, 15, 17, 19, 32, 33, 39, 60, 62, 63, 66, 67, 68, 76, 92, 93, 95, 96, 97, 98, 103, 104, 105, 106, 109, 110, 112, 118, 120, 138, 139, 150, 151, 161, 162, 175, 176, 179, 190, 192, 194, 202, 203, 209, 211, 212, 214, 220, 222, 224, 225, 226, 232, 234, 236, 238, 246, 256, 259, 262, 263, 266, 269, 273, 277, 278, 281, 285, 288, 289, 296, 313, 316, 319, 320, 325], "summary": {"covered_lines": 75, "num_statements": 92, "percent_covered": 78.8135593220339, "percent_covered_display": "79", "missing_lines": 17, "excluded_lines": 0, "num_branches": 26, "num_partial_branches": 8, "covered_branches": 18, "missing_branches": 8}, "missing_lines": [69, 70, 71, 72, 73, 74, 99, 100, 113, 114, 115, 116, 196, 260, 267, 270, 274], "excluded_lines": [], "executed_branches": [[62, 63], [62, 66], [95, 96], [95, 103], [96, 97], [112, 118], [194, 202], [224, 225], [224, 234], [225, 226], [259, 262], [262, 263], [262, 266], [266, 269], [269, 273], [273, 277], [277, 278], [277, 281]], "missing_branches": [[96, 103], [112, 113], [194, 196], [225, 224], [259, 260], [266, 267], [269, 270], [273, 274]], "functions": {"ResponseParser.parse_analysis_response": {"executed_lines": [60, 62, 63, 66, 67, 68], "summary": {"covered_lines": 6, "num_statements": 12, "percent_covered": 57.142857142857146, "percent_covered_display": "57", "missing_lines": 6, "excluded_lines": 0, "num_branches": 2, "num_partial_branches": 0, "covered_branches": 2, "missing_branches": 0}, "missing_lines": [69, 70, 71, 72, 73, 74], "excluded_lines": [], "executed_branches": [[62, 63], [62, 66]], "missing_branches": []}, "ResponseParser._extract_json": {"executed_lines": [92, 93, 95, 96, 97, 98, 103, 104, 105, 106, 109, 110, 112, 118], "summary": {"covered_lines": 14, "num_statements": 20, "percent_covered": 69.23076923076923, "percent_covered_display": "69", "missing_lines": 6, "excluded_lines": 0, "num_branches": 6, "num_partial_branches": 2, "covered_branches": 4, "missing_branches": 2}, "missing_lines": [99, 100, 113, 114, 115, 116], "excluded_lines": [], "executed_branches": [[95, 96], [95, 103], [96, 97], [112, 118]], "missing_branches": [[96, 103], [112, 113]]}, "ResponseParser._build_analysis": {"executed_lines": [138, 139, 150, 151, 161, 162, 175, 176, 179, 190], "summary": {"covered_lines": 10, "num_statements": 10, "percent_covered": 100.0, "percent_covered_display": "100", "missing_lines": 0, "excluded_lines": 0, "num_branches": 0, "num_partial_branches": 0, "covered_branches": 0, "missing_branches": 0}, "missing_lines": [], "excluded_lines": [], "executed_branches": [], "missing_branches": []}, "ResponseParser._parse_confidence": {"executed_lines": [194, 202, 203, 209, 211, 212, 214], "summary": {"covered_lines": 7, "num_statements": 8, "percent_covered": 80.0, "percent_covered_display": "80", "missing_lines": 1, "excluded_lines": 0, "num_branches": 2, "num_partial_branches": 1, "covered_branches": 1, "missing_branches": 1}, "missing_lines": [196], "excluded_lines": [], "executed_branches": [[194, 202]], "missing_branches": [[194, 196]]}, "ResponseParser._parse_layers": {"executed_lines": [222, 224, 225, 226, 232, 234], "summary": {"covered_lines": 6, "num_statements": 6, "percent_covered": 90.0, "percent_covered_display": "90", "missing_lines": 0, "excluded_lines": 0, "num_branches": 4, "num_partial_branches": 1, "covered_branches": 3, "missing_branches": 1}, "missing_lines": [], "excluded_lines": [], "executed_branches": [[224, 225], [224, 234], [225, 226]], "missing_branches": [[225, 224]]}, "ResponseParser._parse_example_file": {"executed_lines": [238], "summary": {"covered_lines": 1, "num_statements": 1, "percent_covered": 100.0, "percent_covered_display": "100", "missing_lines": 0, "excluded_lines": 0, "num_branches": 0, "num_partial_branches": 0, "covered_branches": 0, "missing_branches": 0}, "missing_lines": [], "excluded_lines": [], "executed_branches": [], "missing_branches": []}, "ResponseParser.validate_analysis": {"executed_lines": [256, 259, 262, 263, 266, 269, 273, 277, 278, 281, 285], "summary": {"covered_lines": 11, "num_statements": 15, "percent_covered": 70.37037037037037, "percent_covered_display": "70", "missing_lines": 4, "excluded_lines": 0, "num_branches": 12, "num_partial_branches": 4, "covered_branches": 8, "missing_branches": 4}, "missing_lines": [260, 267, 270, 274], "excluded_lines": [], "executed_branches": [[259, 262], [262, 263], [262, 266], [266, 269], [269, 273], [273, 277], [277, 278], [277, 281]], "missing_branches": [[259, 260], [266, 267], [269, 270], [273, 274]]}, "FallbackResponseBuilder.build_from_heuristics": {"executed_lines": [313, 316, 319, 320, 325], "summary": {"covered_lines": 5, "num_statements": 5, "percent_covered": 100.0, "percent_covered_display": "100", "missing_lines": 0, "excluded_lines": 0, "num_branches": 0, "num_partial_branches": 0, "covered_branches": 0, "missing_branches": 0}, "missing_lines": [], "excluded_lines": [], "executed_branches": [], "missing_branches": []}, "": {"executed_lines": [1, 13, 14, 15, 17, 19, 32, 33, 39, 76, 120, 192, 220, 236, 246, 288, 289, 296], "summary": {"covered_lines": 15, "num_statements": 15, "percent_covered": 100.0, "percent_covered_display": "100", "missing_lines": 0, "excluded_lines": 0, "num_branches": 0, "num_partial_branches": 0, "covered_branches": 0, "missing_branches": 0}, "missing_lines": [], "excluded_lines": [], "executed_branches": [], "missing_branches": []}}, "classes": {"ResponseParser": {"executed_lines": [60, 62, 63, 66, 67, 68, 92, 93, 95, 96, 97, 98, 103, 104, 105, 106, 109, 110, 112, 118, 138, 139, 150, 151, 161, 162, 175, 176, 179, 190, 194, 202, 203, 209, 211, 212, 214, 222, 224, 225, 226, 232, 234, 238, 256, 259, 262, 263, 266, 269, 273, 277, 278, 281, 285], "summary": {"covered_lines": 55, "num_statements": 72, "percent_covered": 74.48979591836735, "percent_covered_display": "74", "missing_lines": 17, "excluded_lines": 0, "num_branches": 26, "num_partial_branches": 8, "covered_branches": 18, "missing_branches": 8}, "missing_lines": [69, 70, 71, 72, 73, 74, 99, 100, 113, 114, 115, 116, 196, 260, 267, 270, 274], "excluded_lines": [], "executed_branches": [[62, 63], [62, 66], [95, 96], [95, 103], [96, 97], [112, 118], [194, 202], [224, 225], [224, 234], [225, 226], [259, 262], [262, 263], [262, 266], [266, 269], [269, 273], [273, 277], [277, 278], [277, 281]], "missing_branches": [[96, 103], [112, 113], [194, 196], [225, 224], [259, 260], [266, 267], [269, 270], [273, 274]]}, "FallbackResponseBuilder": {"executed_lines": [313, 316, 319, 320, 325], "summary": {"covered_lines": 5, "num_statements": 5, "percent_covered": 100.0, "percent_covered_display": "100", "missing_lines": 0, "excluded_lines": 0, "num_branches": 0, "num_partial_branches": 0, "covered_branches": 0, "missing_branches": 0}, "missing_lines": [], "excluded_lines": [], "executed_branches": [], "missing_branches": []}, "": {"executed_lines": [1, 13, 14, 15, 17, 19, 32, 33, 39, 76, 120, 192, 220, 236, 246, 288, 289, 296], "summary": {"covered_lines": 15, "num_statements": 15, "percent_covered": 100.0, "percent_covered_display": "100", "missing_lines": 0, "excluded_lines": 0, "num_branches": 0, "num_partial_branches": 0, "covered_branches": 0, "missing_branches": 0}, "missing_lines": [], "excluded_lines": [], "executed_branches": [], "missing_branches": []}}}, "installer/global/lib/codebase_analyzer/serializer.py": {"executed_lines": [1, 13, 14, 15, 16, 18, 21, 22, 28, 36, 37, 39, 42, 44, 58, 64, 66, 68, 71, 72, 74, 81, 94, 97, 98, 99, 102, 103, 106, 107, 114, 124, 125, 127, 131, 132, 134, 151, 173, 209, 223, 225, 228, 229, 231, 236, 238, 253, 254, 255, 256, 257, 258, 260, 271, 272, 273, 275, 276, 277, 278, 279, 280, 282, 297, 301, 302, 303, 304, 305, 306, 308, 309, 310, 311, 312, 313, 315, 322, 328, 343, 351, 352, 354, 355, 362], "summary": {"covered_lines": 84, "num_statements": 137, "percent_covered": 59.35828877005348, "percent_covered_display": "59", "missing_lines": 53, "excluded_lines": 0, "num_branches": 50, "num_partial_branches": 11, "covered_branches": 27, "missing_branches": 23}, "missing_lines": [60, 61, 62, 76, 77, 78, 79, 95, 109, 110, 111, 112, 128, 144, 145, 148, 149, 164, 165, 167, 168, 169, 170, 171, 186, 187, 189, 190, 191, 193, 204, 205, 206, 207, 233, 234, 298, 299, 316, 317, 318, 319, 320, 329, 333, 334, 335, 336, 337, 338, 339, 340, 341], "excluded_lines": [], "executed_branches": [[36, 37], [36, 39], [58, 64], [94, 97], [102, 103], [127, 131], [253, 254], [255, 256], [257, 258], [271, 272], [275, 276], [275, 282], [278, 279], [278, 280], [297, 301], [301, 302], [301, 308], [304, 305], [304, 306], [308, 309], [308, 315], [311, 312], [311, 313], [315, 322], [328, 343], [351, 352], [351, 354]], "missing_branches": [[58, 60], [94, 95], [102, 106], [127, 128], [164, 165], [164, 167], [186, 187], [186, 189], [253, 255], [255, 257], [257, 260], [271, 275], [297, 298], [315, 316], [318, 319], [318, 320], [328, 329], [333, 334], [333, 343], [337, 338], [337, 339], [339, 340], [339, 341]], "functions": {"AnalysisSerializer.__init__": {"executed_lines": [36, 37, 39, 42], "summary": {"covered_lines": 4, "num_statements": 4, "percent_covered": 100.0, "percent_covered_display": "100", "missing_lines": 0, "excluded_lines": 0, "num_branches": 2, "num_partial_branches": 0, "covered_branches": 2, "missing_branches": 0}, "missing_lines": [], "excluded_lines": [], "executed_branches": [[36, 37], [36, 39]], "missing_branches": []}, "AnalysisSerializer.save": {"executed_lines": [58, 64, 66, 68, 71, 72, 74], "summary": {"covered_lines": 7, "num_statements": 14, "percent_covered": 50.0, "percent_covered_display": "50", "missing_lines": 7, "excluded_lines": 0, "num_branches": 2, "num_partial_branches": 1, "covered_branches": 1, "missing_branches": 1}, "missing_lines": [60, 61, 62, 76, 77, 78, 79], "excluded_lines": [], "executed_branches": [[58, 64]], "missing_branches": [[58, 60]]}, "AnalysisSerializer.load": {"executed_lines": [94, 97, 98, 99, 102, 103, 106, 107], "summary": {"covered_lines": 8, "num_statements": 13, "percent_covered": 58.8235294117647, "percent_covered_display": "59", "missing_lines": 5, "excluded_lines": 0, "num_branches": 4, "num_partial_branches": 2, "covered_branches": 2, "missing_branches": 2}, "missing_lines": [95, 109, 110, 111, 112], "excluded_lines": [], "executed_branches": [[94, 97], [102, 103]], "missing_branches": [[94, 95], [102, 106]]}, "AnalysisSerializer.find_latest": {"executed_lines": [124, 125, 127, 131, 132], "summary": {"covered_lines": 5, "num_statements": 6, "percent_covered": 75.0, "percent_covered_display": "75", "missing_lines": 1, "excluded_lines": 0, "num_branches": 2, "num_partial_branches": 1, "covered_branches": 1, "missing_branches": 1}, "missing_lines": [128], "excluded_lines": [], "executed_branches": [[127, 131]], "missing_branches": [[127, 128]]}, "AnalysisSerializer.list_analyses": {"executed_lines": [], "summary": {"covered_lines": 0, "num_statements": 4, "percent_covered": 0.0, "percent_covered_display": "0", "missing_lines": 4, "excluded_lines": 0, "num_branches": 0, "num_partial_branches": 0, "covered_branches": 0, "missing_branches": 0}, "missing_lines": [144, 145, 148, 149], "excluded_lines": [], "executed_branches": [], "missing_branches": []}, "AnalysisSerializer.delete": {"executed_lines": [], "summary": {"covered_lines": 0, "num_statements": 7, "percent_covered": 0.0, "percent_covered_display": "0", "missing_lines": 7, "excluded_lines": 0, "num_branches": 2, "num_partial_branches": 0, "covered_branches": 0, "missing_branches": 2}, "missing_lines": [164, 165, 167, 168, 169, 170, 171], "excluded_lines": [], "executed_branches": [], "missing_branches": [[164, 165], [164, 167]]}, "AnalysisSerializer.get_summary": {"executed_lines": [], "summary": {"covered_lines": 0, "num_statements": 10, "percent_covered": 0.0, "percent_covered_display": "0", "missing_lines": 10, "excluded_lines": 0, "num_branches": 2, "num_partial_branches": 0, "covered_branches": 0, "missing_branches": 2}, "missing_lines": [186, 187, 189, 190, 191, 193, 204, 205, 206, 207], "excluded_lines": [], "executed_branches": [], "missing_branches": [[186, 187], [186, 189]]}, "AnalysisSerializer.export_markdown": {"executed_lines": [223, 225, 228, 229, 231], "summary": {"covered_lines": 5, "num_statements": 7, "percent_covered": 71.42857142857143, "percent_covered_display": "71", "missing_lines": 2, "excluded_lines": 0, "num_branches": 0, "num_partial_branches": 0, "covered_branches": 0, "missing_branches": 0}, "missing_lines": [233, 234], "excluded_lines": [], "executed_branches": [], "missing_branches": []}, "AnalysisSerializer._build_markdown_report": {"executed_lines": [238, 253, 254, 255, 256, 257, 258, 260, 271, 272, 273, 275, 276, 277, 278, 279, 280, 282, 297, 301, 302, 303, 304, 305, 306, 308, 309, 310, 311, 312, 313, 315, 322, 328, 343, 351, 352, 354, 355, 362], "summary": {"covered_lines": 40, "num_statements": 57, "percent_covered": 65.59139784946237, "percent_covered_display": "66", "missing_lines": 17, "excluded_lines": 0, "num_branches": 36, "num_partial_branches": 7, "covered_branches": 21, "missing_branches": 15}, "missing_lines": [298, 299, 316, 317, 318, 319, 320, 329, 333, 334, 335, 336, 337, 338, 339, 340, 341], "excluded_lines": [], "executed_branches": [[253, 254], [255, 256], [257, 258], [271, 272], [275, 276], [275, 282], [278, 279], [278, 280], [297, 301], [301, 302], [301, 308], [304, 305], [304, 306], [308, 309], [308, 315], [311, 312], [311, 313], [315, 322], [328, 343], [351, 352], [351, 354]], "missing_branches": [[253, 255], [255, 257], [257, 260], [271, 275], [297, 298], [315, 316], [318, 319], [318, 320], [328, 329], [333, 334], [333, 343], [337, 338], [337, 339], [339, 340], [339, 341]]}, "": {"executed_lines": [1, 13, 14, 15, 16, 18, 21, 22, 28, 44, 81, 114, 134, 151, 173, 209, 236], "summary": {"covered_lines": 15, "num_statements": 15, "percent_covered": 100.0, "percent_covered_display": "100", "missing_lines": 0, "excluded_lines": 0, "num_branches": 0, "num_partial_branches": 0, "covered_branches": 0, "missing_branches": 0}, "missing_lines": [], "excluded_lines": [], "executed_branches": [], "missing_branches": []}}, "classes": {"AnalysisSerializer": {"executed_lines": [36, 37, 39, 42, 58, 64, 66, 68, 71, 72, 74, 94, 97, 98, 99, 102, 103, 106, 107, 124, 125, 127, 131, 132, 223, 225, 228, 229, 231, 238, 253, 254, 255, 256, 257, 258, 260, 271, 272, 273, 275, 276, 277, 278, 279, 280, 282, 297, 301, 302, 303, 304, 305, 306, 308, 309, 310, 311, 312, 313, 315, 322, 328, 343, 351, 352, 354, 355, 362], "summary": {"covered_lines": 69, "num_statements": 122, "percent_covered": 55.81395348837209, "percent_covered_display": "56", "missing_lines": 53, "excluded_lines": 0, "num_branches": 50, "num_partial_branches": 11, "covered_branches": 27, "missing_branches": 23}, "missing_lines": [60, 61, 62, 76, 77, 78, 79, 95, 109, 110, 111, 112, 128, 144, 145, 148, 149, 164, 165, 167, 168, 169, 170, 171, 186, 187, 189, 190, 191, 193, 204, 205, 206, 207, 233, 234, 298, 299, 316, 317, 318, 319, 320, 329, 333, 334, 335, 336, 337, 338, 339, 340, 341], "excluded_lines": [], "executed_branches": [[36, 37], [36, 39], [58, 64], [94, 97], [102, 103], [127, 131], [253, 254], [255, 256], [257, 258], [271, 272], [275, 276], [275, 282], [278, 279], [278, 280], [297, 301], [301, 302], [301, 308], [304, 305], [304, 306], [308, 309], [308, 315], [311, 312], [311, 313], [315, 322], [328, 343], [351, 352], [351, 354]], "missing_branches": [[58, 60], [94, 95], [102, 106], [127, 128], [164, 165], [164, 167], [186, 187], [186, 189], [253, 255], [255, 257], [257, 260], [271, 275], [297, 298], [315, 316], [318, 319], [318, 320], [328, 329], [333, 334], [333, 343], [337, 338], [337, 339], [339, 340], [339, 341]]}, "": {"executed_lines": [1, 13, 14, 15, 16, 18, 21, 22, 28, 44, 81, 114, 134, 151, 173, 209, 236], "summary": {"covered_lines": 15, "num_statements": 15, "percent_covered": 100.0, "percent_covered_display": "100", "missing_lines": 0, "excluded_lines": 0, "num_branches": 0, "num_partial_branches": 0, "covered_branches": 0, "missing_branches": 0}, "missing_lines": [], "excluded_lines": [], "executed_branches": [], "missing_branches": []}}}, "installer/global/lib/config/__init__.py": {"executed_lines": [], "summary": {"covered_lines": 0, "num_statements": 4, "percent_covered": 0.0, "percent_covered_display": "0", "missing_lines": 4, "excluded_lines": 0, "num_branches": 0, "num_partial_branches": 0, "covered_branches": 0, "missing_branches": 0}, "missing_lines": [2, 3, 4, 6], "excluded_lines": [], "executed_branches": [], "missing_branches": [], "functions": {"": {"executed_lines": [], "summary": {"covered_lines": 0, "num_statements": 4, "percent_covered": 0.0, "percent_covered_display": "0", "missing_lines": 4, "excluded_lines": 0, "num_branches": 0, "num_partial_branches": 0, "covered_branches": 0, "missing_branches": 0}, "missing_lines": [2, 3, 4, 6], "excluded_lines": [], "executed_branches": [], "missing_branches": []}}, "classes": {"": {"executed_lines": [], "summary": {"covered_lines": 0, "num_statements": 4, "percent_covered": 0.0, "percent_covered_display": "0", "missing_lines": 4, "excluded_lines": 0, "num_branches": 0, "num_partial_branches": 0, "covered_branches": 0, "missing_branches": 0}, "missing_lines": [2, 3, 4, 6], "excluded_lines": [], "executed_branches": [], "missing_branches": []}}}, "installer/global/lib/config/config_schema.py": {"executed_lines": [], "summary": {"covered_lines": 0, "num_statements": 58, "percent_covered": 0.0, "percent_covered_display": "0", "missing_lines": 58, "excluded_lines": 0, "num_branches": 8, "num_partial_branches": 0, "covered_branches": 0, "missing_branches": 8}, "missing_lines": [2, 3, 6, 9, 10, 11, 13, 14, 15, 19, 21, 23, 24, 31, 34, 35, 38, 41, 42, 45, 48, 49, 50, 51, 53, 54, 55, 58, 59, 60, 61, 63, 64, 65, 67, 70, 73, 74, 75, 78, 81, 82, 84, 94, 95, 96, 99, 102, 103, 104, 105, 106, 107, 108, 110, 113, 116, 117], "excluded_lines": [], "executed_branches": [], "missing_branches": [[23, -21], [23, 24], [64, 65], [64, 67], [94, 95], [94, 96], [116, -110], [116, 117]], "functions": {"ThresholdConfig.validate_threshold_ordering": {"executed_lines": [], "summary": {"covered_lines": 0, "num_statements": 1, "percent_covered": 0.0, "percent_covered_display": "0", "missing_lines": 1, "excluded_lines": 0, "num_branches": 0, "num_partial_branches": 0, "covered_branches": 0, "missing_branches": 0}, "missing_lines": [19], "excluded_lines": [], "executed_branches": [], "missing_branches": []}, "ThresholdConfig.validate_ordering": {"executed_lines": [], "summary": {"covered_lines": 0, "num_statements": 2, "percent_covered": 0.0, "percent_covered_display": "0", "missing_lines": 2, "excluded_lines": 0, "num_branches": 2, "num_partial_branches": 0, "covered_branches": 0, "missing_branches": 2}, "missing_lines": [23, 24], "excluded_lines": [], "executed_branches": [], "missing_branches": [[23, -21], [23, 24]]}, "Weights.validate_weights_sum": {"executed_lines": [], "summary": {"covered_lines": 0, "num_statements": 8, "percent_covered": 0.0, "percent_covered_display": "0", "missing_lines": 8, "excluded_lines": 0, "num_branches": 2, "num_partial_branches": 0, "covered_branches": 0, "missing_branches": 2}, "missing_lines": [58, 59, 60, 61, 63, 64, 65, 67], "excluded_lines": [], "executed_branches": [], "missing_branches": [[64, 65], [64, 67]]}, "ThresholdsConfig.get_for_stack": {"executed_lines": [], "summary": {"covered_lines": 0, "num_statements": 3, "percent_covered": 0.0, "percent_covered_display": "0", "missing_lines": 3, "excluded_lines": 0, "num_branches": 2, "num_partial_branches": 0, "covered_branches": 0, "missing_branches": 2}, "missing_lines": [94, 95, 96], "excluded_lines": [], "executed_branches": [], "missing_branches": [[94, 95], [94, 96]]}, "ConfigSchema.model_post_init": {"executed_lines": [], "summary": {"covered_lines": 0, "num_statements": 3, "percent_covered": 0.0, "percent_covered_display": "0", "missing_lines": 3, "excluded_lines": 0, "num_branches": 2, "num_partial_branches": 0, "covered_branches": 0, "missing_branches": 2}, "missing_lines": [113, 116, 117], "excluded_lines": [], "executed_branches": [], "missing_branches": [[116, -110], [116, 117]]}, "": {"executed_lines": [], "summary": {"covered_lines": 0, "num_statements": 41, "percent_covered": 0.0, "percent_covered_display": "0", "missing_lines": 41, "excluded_lines": 0, "num_branches": 0, "num_partial_branches": 0, "covered_branches": 0, "missing_branches": 0}, "missing_lines": [2, 3, 6, 9, 10, 11, 13, 14, 15, 21, 31, 34, 35, 38, 41, 42, 45, 48, 49, 50, 51, 53, 54, 55, 70, 73, 74, 75, 78, 81, 82, 84, 99, 102, 103, 104, 105, 106, 107, 108, 110], "excluded_lines": [], "executed_branches": [], "missing_branches": []}}, "classes": {"ThresholdConfig": {"executed_lines": [], "summary": {"covered_lines": 0, "num_statements": 3, "percent_covered": 0.0, "percent_covered_display": "0", "missing_lines": 3, "excluded_lines": 0, "num_branches": 2, "num_partial_branches": 0, "covered_branches": 0, "missing_branches": 2}, "missing_lines": [19, 23, 24], "excluded_lines": [], "executed_branches": [], "missing_branches": [[23, -21], [23, 24]]}, "ForceTriggers": {"executed_lines": [], "summary": {"covered_lines": 0, "num_statements": 0, "percent_covered": 100.0, "percent_covered_display": "100", "missing_lines": 0, "excluded_lines": 0, "num_branches": 0, "num_partial_branches": 0, "covered_branches": 0, "missing_branches": 0}, "missing_lines": [], "excluded_lines": [], "executed_branches": [], "missing_branches": []}, "Timeouts": {"executed_lines": [], "summary": {"covered_lines": 0, "num_statements": 0, "percent_covered": 100.0, "percent_covered_display": "100", "missing_lines": 0, "excluded_lines": 0, "num_branches": 0, "num_partial_branches": 0, "covered_branches": 0, "missing_branches": 0}, "missing_lines": [], "excluded_lines": [], "executed_branches": [], "missing_branches": []}, "Weights": {"executed_lines": [], "summary": {"covered_lines": 0, "num_statements": 8, "percent_covered": 0.0, "percent_covered_display": "0", "missing_lines": 8, "excluded_lines": 0, "num_branches": 2, "num_partial_branches": 0, "covered_branches": 0, "missing_branches": 2}, "missing_lines": [58, 59, 60, 61, 63, 64, 65, 67], "excluded_lines": [], "executed_branches": [], "missing_branches": [[64, 65], [64, 67]]}, "MetricsConfig": {"executed_lines": [], "summary": {"covered_lines": 0, "num_statements": 0, "percent_covered": 100.0, "percent_covered_display": "100", "missing_lines": 0, "excluded_lines": 0, "num_branches": 0, "num_partial_branches": 0, "covered_branches": 0, "missing_branches": 0}, "missing_lines": [], "excluded_lines": [], "executed_branches": [], "missing_branches": []}, "ThresholdsConfig": {"executed_lines": [], "summary": {"covered_lines": 0, "num_statements": 3, "percent_covered": 0.0, "percent_covered_display": "0", "missing_lines": 3, "excluded_lines": 0, "num_branches": 2, "num_partial_branches": 0, "covered_branches": 0, "missing_branches": 2}, "missing_lines": [94, 95, 96], "excluded_lines": [], "executed_branches": [], "missing_branches": [[94, 95], [94, 96]]}, "ConfigSchema": {"executed_lines": [], "summary": {"covered_lines": 0, "num_statements": 3, "percent_covered": 0.0, "percent_covered_display": "0", "missing_lines": 3, "excluded_lines": 0, "num_branches": 2, "num_partial_branches": 0, "covered_branches": 0, "missing_branches": 2}, "missing_lines": [113, 116, 117], "excluded_lines": [], "executed_branches": [], "missing_branches": [[116, -110], [116, 117]]}, "": {"executed_lines": [], "summary": {"covered_lines": 0, "num_statements": 41, "percent_covered": 0.0, "percent_covered_display": "0", "missing_lines": 41, "excluded_lines": 0, "num_branches": 0, "num_partial_branches": 0, "covered_branches": 0, "missing_branches": 0}, "missing_lines": [2, 3, 6, 9, 10, 11, 13, 14, 15, 21, 31, 34, 35, 38, 41, 42, 45, 48, 49, 50, 51, 53, 54, 55, 70, 73, 74, 75, 78, 81, 82, 84, 99, 102, 103, 104, 105, 106, 107, 108, 110], "excluded_lines": [], "executed_branches": [], "missing_branches": []}}}, "installer/global/lib/config/defaults.py": {"executed_lines": [], "summary": {"covered_lines": 0, "num_statements": 2, "percent_covered": 0.0, "percent_covered_display": "0", "missing_lines": 2, "excluded_lines": 0, "num_branches": 0, "num_partial_branches": 0, "covered_branches": 0, "missing_branches": 0}, "missing_lines": [2, 5], "excluded_lines": [], "executed_branches": [], "missing_branches": [], "functions": {"": {"executed_lines": [], "summary": {"covered_lines": 0, "num_statements": 2, "percent_covered": 0.0, "percent_covered_display": "0", "missing_lines": 2, "excluded_lines": 0, "num_branches": 0, "num_partial_branches": 0, "covered_branches": 0, "missing_branches": 0}, "missing_lines": [2, 5], "excluded_lines": [], "executed_branches": [], "missing_branches": []}}, "classes": {"": {"executed_lines": [], "summary": {"covered_lines": 0, "num_statements": 2, "percent_covered": 0.0, "percent_covered_display": "0", "missing_lines": 2, "excluded_lines": 0, "num_branches": 0, "num_partial_branches": 0, "covered_branches": 0, "missing_branches": 0}, "missing_lines": [2, 5], "excluded_lines": [], "executed_branches": [], "missing_branches": []}}}, "installer/global/lib/config/plan_review_config.py": {"executed_lines": [], "summary": {"covered_lines": 0, "num_statements": 120, "percent_covered": 0.0, "percent_covered_display": "0", "missing_lines": 120, "excluded_lines": 0, "num_branches": 50, "num_partial_branches": 0, "covered_branches": 0, "missing_branches": 50}, "missing_lines": [2, 3, 4, 6, 7, 8, 11, 22, 23, 24, 26, 28, 29, 30, 32, 34, 35, 37, 40, 43, 44, 45, 46, 47, 48, 51, 52, 53, 59, 60, 61, 62, 63, 65, 72, 75, 76, 77, 80, 81, 82, 83, 86, 87, 88, 89, 90, 91, 92, 93, 96, 97, 98, 99, 100, 102, 104, 115, 117, 118, 119, 121, 123, 125, 133, 135, 145, 147, 154, 155, 156, 157, 159, 166, 167, 168, 169, 171, 183, 184, 187, 189, 190, 192, 193, 194, 195, 197, 199, 211, 212, 215, 216, 217, 218, 219, 221, 223, 233, 234, 235, 236, 238, 240, 247, 254, 261, 262, 263, 264, 266, 273, 275, 282, 284, 286, 287, 288, 290, 297], "excluded_lines": [], "executed_branches": [], "missing_branches": [[28, 29], [28, 30], [34, -32], [34, 35], [44, 45], [44, 51], [47, 48], [47, 51], [52, 53], [52, 59], [75, 76], [75, 80], [80, 81], [80, 86], [82, 83], [82, 86], [86, 87], [86, 96], [89, 90], [89, 91], [96, 97], [96, 102], [98, 99], [98, 100], [117, 118], [117, 123], [118, 119], [118, 121], [155, 156], [155, 157], [167, 168], [167, 169], [192, 193], [192, 194], [194, 195], [194, 197], [211, 212], [211, 215], [215, 216], [215, 221], [217, 218], [217, 221], [218, 217], [218, 219], [233, 234], [233, 235], [235, 236], [235, 238], [262, 263], [262, 264]], "functions": {"PlanReviewConfig.__new__": {"executed_lines": [], "summary": {"covered_lines": 0, "num_statements": 3, "percent_covered": 0.0, "percent_covered_display": "0", "missing_lines": 3, "excluded_lines": 0, "num_branches": 2, "num_partial_branches": 0, "covered_branches": 0, "missing_branches": 2}, "missing_lines": [28, 29, 30], "excluded_lines": [], "executed_branches": [], "missing_branches": [[28, 29], [28, 30]]}, "PlanReviewConfig.__init__": {"executed_lines": [], "summary": {"covered_lines": 0, "num_statements": 2, "percent_covered": 0.0, "percent_covered_display": "0", "missing_lines": 2, "excluded_lines": 0, "num_branches": 2, "num_partial_branches": 0, "covered_branches": 0, "missing_branches": 2}, "missing_lines": [34, 35], "excluded_lines": [], "executed_branches": [], "missing_branches": [[34, -32], [34, 35]]}, "PlanReviewConfig._load_config": {"executed_lines": [], "summary": {"covered_lines": 0, "num_statements": 15, "percent_covered": 0.0, "percent_covered_display": "0", "missing_lines": 15, "excluded_lines": 0, "num_branches": 6, "num_partial_branches": 0, "covered_branches": 0, "missing_branches": 6}, "missing_lines": [40, 43, 44, 45, 46, 47, 48, 51, 52, 53, 59, 60, 61, 62, 63], "excluded_lines": [], "executed_branches": [], "missing_branches": [[44, 45], [44, 51], [47, 48], [47, 51], [52, 53], [52, 59]]}, "PlanReviewConfig._load_env_overrides": {"executed_lines": [], "summary": {"covered_lines": 0, "num_statements": 22, "percent_covered": 0.0, "percent_covered_display": "0", "missing_lines": 22, "excluded_lines": 0, "num_branches": 14, "num_partial_branches": 0, "covered_branches": 0, "missing_branches": 14}, "missing_lines": [72, 75, 76, 77, 80, 81, 82, 83, 86, 87, 88, 89, 90, 91, 92, 93, 96, 97, 98, 99, 100, 102], "excluded_lines": [], "executed_branches": [], "missing_branches": [[75, 76], [75, 80], [80, 81], [80, 86], [82, 83], [82, 86], [86, 87], [86, 96], [89, 90], [89, 91], [96, 97], [96, 102], [98, 99], [98, 100]]}, "PlanReviewConfig._merge_configs": {"executed_lines": [], "summary": {"covered_lines": 0, "num_statements": 6, "percent_covered": 0.0, "percent_covered_display": "0", "missing_lines": 6, "excluded_lines": 0, "num_branches": 4, "num_partial_branches": 0, "covered_branches": 0, "missing_branches": 4}, "missing_lines": [115, 117, 118, 119, 121, 123], "excluded_lines": [], "executed_branches": [], "missing_branches": [[117, 118], [117, 123], [118, 119], [118, 121]]}, "PlanReviewConfig.set_cli_override": {"executed_lines": [], "summary": {"covered_lines": 0, "num_statements": 1, "percent_covered": 0.0, "percent_covered_display": "0", "missing_lines": 1, "excluded_lines": 0, "num_branches": 0, "num_partial_branches": 0, "covered_branches": 0, "missing_branches": 0}, "missing_lines": [133], "excluded_lines": [], "executed_branches": [], "missing_branches": []}, "PlanReviewConfig._get_cli_override": {"executed_lines": [], "summary": {"covered_lines": 0, "num_statements": 1, "percent_covered": 0.0, "percent_covered_display": "0", "missing_lines": 1, "excluded_lines": 0, "num_branches": 0, "num_partial_branches": 0, "covered_branches": 0, "missing_branches": 0}, "missing_lines": [145], "excluded_lines": [], "executed_branches": [], "missing_branches": []}, "PlanReviewConfig.is_enabled": {"executed_lines": [], "summary": {"covered_lines": 0, "num_statements": 4, "percent_covered": 0.0, "percent_covered_display": "0", "missing_lines": 4, "excluded_lines": 0, "num_branches": 2, "num_partial_branches": 0, "covered_branches": 0, "missing_branches": 2}, "missing_lines": [154, 155, 156, 157], "excluded_lines": [], "executed_branches": [], "missing_branches": [[155, 156], [155, 157]]}, "PlanReviewConfig.get_mode": {"executed_lines": [], "summary": {"covered_lines": 0, "num_statements": 4, "percent_covered": 0.0, "percent_covered_display": "0", "missing_lines": 4, "excluded_lines": 0, "num_branches": 2, "num_partial_branches": 0, "covered_branches": 0, "missing_branches": 2}, "missing_lines": [166, 167, 168, 169], "excluded_lines": [], "executed_branches": [], "missing_branches": [[167, 168], [167, 169]]}, "PlanReviewConfig.get_threshold": {"executed_lines": [], "summary": {"covered_lines": 0, "num_statements": 10, "percent_covered": 0.0, "percent_covered_display": "0", "missing_lines": 10, "excluded_lines": 0, "num_branches": 4, "num_partial_branches": 0, "covered_branches": 0, "missing_branches": 4}, "missing_lines": [183, 184, 187, 189, 190, 192, 193, 194, 195, 197], "excluded_lines": [], "executed_branches": [], "missing_branches": [[192, 193], [192, 194], [194, 195], [194, 197]]}, "PlanReviewConfig.should_force_review": {"executed_lines": [], "summary": {"covered_lines": 0, "num_statements": 8, "percent_covered": 0.0, "percent_covered_display": "0", "missing_lines": 8, "excluded_lines": 0, "num_branches": 8, "num_partial_branches": 0, "covered_branches": 0, "missing_branches": 8}, "missing_lines": [211, 212, 215, 216, 217, 218, 219, 221], "excluded_lines": [], "executed_branches": [], "missing_branches": [[211, 212], [211, 215], [215, 216], [215, 221], [217, 218], [217, 221], [218, 217], [218, 219]]}, "PlanReviewConfig.get_timeout": {"executed_lines": [], "summary": {"covered_lines": 0, "num_statements": 5, "percent_covered": 0.0, "percent_covered_display": "0", "missing_lines": 5, "excluded_lines": 0, "num_branches": 4, "num_partial_branches": 0, "covered_branches": 0, "missing_branches": 4}, "missing_lines": [233, 234, 235, 236, 238], "excluded_lines": [], "executed_branches": [], "missing_branches": [[233, 234], [233, 235], [235, 236], [235, 238]]}, "PlanReviewConfig.get_weights": {"executed_lines": [], "summary": {"covered_lines": 0, "num_statements": 1, "percent_covered": 0.0, "percent_covered_display": "0", "missing_lines": 1, "excluded_lines": 0, "num_branches": 0, "num_partial_branches": 0, "covered_branches": 0, "missing_branches": 0}, "missing_lines": [247], "excluded_lines": [], "executed_branches": [], "missing_branches": []}, "PlanReviewConfig.is_metrics_enabled": {"executed_lines": [], "summary": {"covered_lines": 0, "num_statements": 4, "percent_covered": 0.0, "percent_covered_display": "0", "missing_lines": 4, "excluded_lines": 0, "num_branches": 2, "num_partial_branches": 0, "covered_branches": 0, "missing_branches": 2}, "missing_lines": [261, 262, 263, 264], "excluded_lines": [], "executed_branches": [], "missing_branches": [[262, 263], [262, 264]]}, "PlanReviewConfig.get_metrics_retention_days": {"executed_lines": [], "summary": {"covered_lines": 0, "num_statements": 1, "percent_covered": 0.0, "percent_covered_display": "0", "missing_lines": 1, "excluded_lines": 0, "num_branches": 0, "num_partial_branches": 0, "covered_branches": 0, "missing_branches": 0}, "missing_lines": [273], "excluded_lines": [], "executed_branches": [], "missing_branches": []}, "PlanReviewConfig.get_metrics_output_format": {"executed_lines": [], "summary": {"covered_lines": 0, "num_statements": 1, "percent_covered": 0.0, "percent_covered_display": "0", "missing_lines": 1
[...]
d_lines": 0, "num_branches": 0, "num_partial_branches": 0, "covered_branches": 0, "missing_branches": 0}, "missing_lines": [2, 3, 4, 6, 7, 10, 17, 28, 51, 140, 235, 256], "excluded_lines": [], "executed_branches": [], "missing_branches": []}}, "classes": {"PlanReviewDashboard": {"executed_lines": [], "summary": {"covered_lines": 0, "num_statements": 121, "percent_covered": 0.0, "percent_covered_display": "0", "missing_lines": 121, "excluded_lines": 0, "num_branches": 52, "num_partial_branches": 0, "covered_branches": 0, "missing_branches": 52}, "missing_lines": [25, 26, 43, 44, 46, 47, 49, 61, 74, 75, 76, 78, 79, 81, 82, 83, 84, 86, 87, 89, 90, 93, 94, 95, 96, 97, 98, 99, 100, 102, 103, 105, 106, 109, 110, 111, 113, 114, 115, 117, 118, 120, 121, 124, 125, 127, 128, 130, 131, 134, 135, 136, 138, 151, 154, 155, 156, 157, 160, 161, 162, 163, 164, 165, 166, 167, 168, 171, 172, 173, 174, 175, 176, 177, 178, 180, 181, 184, 185, 186, 188, 189, 190, 191, 192, 193, 194, 196, 197, 200, 201, 202, 203, 205, 206, 207, 210, 211, 212, 213, 214, 216, 218, 219, 222, 223, 224, 225, 226, 227, 228, 229, 231, 233, 247, 248, 250, 251, 254, 263, 264], "excluded_lines": [], "executed_branches": [], "missing_branches": [[43, 44], [43, 46], [78, 79], [78, 124], [81, 82], [81, 113], [93, 94], [93, 95], [95, 96], [95, 97], [97, 98], [97, 99], [99, 100], [99, 102], [105, 106], [105, 109], [113, 78], [113, 114], [117, 118], [117, 120], [124, 125], [124, 127], [127, 128], [127, 130], [130, 131], [130, 134], [134, 135], [134, 138], [135, 134], [135, 136], [173, 174], [173, 180], [175, 176], [175, 181], [186, 188], [186, 196], [190, 191], [190, 197], [192, 190], [192, 193], [200, 201], [200, 222], [203, 205], [203, 219], [210, 211], [210, 216], [222, 223], [222, 231], [226, 227], [226, 229], [247, 248], [247, 250]]}, "": {"executed_lines": [], "summary": {"covered_lines": 0, "num_statements": 12, "percent_covered": 0.0, "percent_covered_display": "0", "missing_lines": 12, "excluded_lines": 0, "num_branches": 0, "num_partial_branches": 0, "covered_branches": 0, "missing_branches": 0}, "missing_lines": [2, 3, 4, 6, 7, 10, 17, 28, 51, 140, 235, 256], "excluded_lines": [], "executed_branches": [], "missing_branches": []}}}, "installer/global/lib/metrics/plan_review_metrics.py": {"executed_lines": [], "summary": {"covered_lines": 0, "num_statements": 33, "percent_covered": 0.0, "percent_covered_display": "0", "missing_lines": 33, "excluded_lines": 0, "num_branches": 8, "num_partial_branches": 0, "covered_branches": 0, "missing_branches": 8}, "missing_lines": [2, 3, 5, 6, 9, 16, 24, 25, 27, 46, 47, 49, 58, 60, 85, 86, 88, 100, 102, 125, 126, 128, 139, 141, 162, 163, 165, 175, 177, 187, 189, 196, 197], "excluded_lines": [], "executed_branches": [], "missing_branches": [[46, 47], [46, 49], [85, 86], [85, 88], [125, 126], [125, 128], [162, 163], [162, 165]], "functions": {"PlanReviewMetrics.__init__": {"executed_lines": [], "summary": {"covered_lines": 0, "num_statements": 2, "percent_covered": 0.0, "percent_covered_display": "0", "missing_lines": 2, "excluded_lines": 0, "num_branches": 0, "num_partial_branches": 0, "covered_branches": 0, "missing_branches": 0}, "missing_lines": [24, 25], "excluded_lines": [], "executed_branches": [], "missing_branches": []}, "PlanReviewMetrics.track_complexity": {"executed_lines": [], "summary": {"covered_lines": 0, "num_statements": 4, "percent_covered": 0.0, "percent_covered_display": "0", "missing_lines": 4, "excluded_lines": 0, "num_branches": 2, "num_partial_branches": 0, "covered_branches": 0, "missing_branches": 2}, "missing_lines": [46, 47, 49, 58], "excluded_lines": [], "executed_branches": [], "missing_branches": [[46, 47], [46, 49]]}, "PlanReviewMetrics.track_decision": {"executed_lines": [], "summary": {"covered_lines": 0, "num_statements": 4, "percent_covered": 0.0, "percent_covered_display": "0", "missing_lines": 4, "excluded_lines": 0, "num_branches": 2, "num_partial_branches": 0, "covered_branches": 0, "missing_branches": 2}, "missing_lines": [85, 86, 88, 100], "excluded_lines": [], "executed_branches": [], "missing_branches": [[85, 86], [85, 88]]}, "PlanReviewMetrics.track_outcome": {"executed_lines": [], "summary": {"covered_lines": 0, "num_statements": 4, "percent_covered": 0.0, "percent_covered_display": "0", "missing_lines": 4, "excluded_lines": 0, "num_branches": 2, "num_partial_branches": 0, "covered_branches": 0, "missing_branches": 2}, "missing_lines": [125, 126, 128, 139], "excluded_lines": [], "executed_branches": [], "missing_branches": [[125, 126], [125, 128]]}, "PlanReviewMetrics.track_threshold_adjustment": {"executed_lines": [], "summary": {"covered_lines": 0, "num_statements": 4, "percent_covered": 0.0, "percent_covered_display": "0", "missing_lines": 4, "excluded_lines": 0, "num_branches": 2, "num_partial_branches": 0, "covered_branches": 0, "missing_branches": 2}, "missing_lines": [162, 163, 165, 175], "excluded_lines": [], "executed_branches": [], "missing_branches": [[162, 163], [162, 165]]}, "PlanReviewMetrics.get_recent_metrics": {"executed_lines": [], "summary": {"covered_lines": 0, "num_statements": 1, "percent_covered": 0.0, "percent_covered_display": "0", "missing_lines": 1, "excluded_lines": 0, "num_branches": 0, "num_partial_branches": 0, "covered_branches": 0, "missing_branches": 0}, "missing_lines": [187], "excluded_lines": [], "executed_branches": [], "missing_branches": []}, "PlanReviewMetrics.cleanup_old_metrics": {"executed_lines": [], "summary": {"covered_lines": 0, "num_statements": 2, "percent_covered": 0.0, "percent_covered_display": "0", "missing_lines": 2, "excluded_lines": 0, "num_branches": 0, "num_partial_branches": 0, "covered_branches": 0, "missing_branches": 0}, "missing_lines": [196, 197], "excluded_lines": [], "executed_branches": [], "missing_branches": []}, "": {"executed_lines": [], "summary": {"covered_lines": 0, "num_statements": 12, "percent_covered": 0.0, "percent_covered_display": "0", "missing_lines": 12, "excluded_lines": 0, "num_branches": 0, "num_partial_branches": 0, "covered_branches": 0, "missing_branches": 0}, "missing_lines": [2, 3, 5, 6, 9, 16, 27, 60, 102, 141, 177, 189], "excluded_lines": [], "executed_branches": [], "missing_branches": []}}, "classes": {"PlanReviewMetrics": {"executed_lines": [], "summary": {"covered_lines": 0, "num_statements": 21, "percent_covered": 0.0, "percent_covered_display": "0", "missing_lines": 21, "excluded_lines": 0, "num_branches": 8, "num_partial_branches": 0, "covered_branches": 0, "missing_branches": 8}, "missing_lines": [24, 25, 46, 47, 49, 58, 85, 86, 88, 100, 125, 126, 128, 139, 162, 163, 165, 175, 187, 196, 197], "excluded_lines": [], "executed_branches": [], "missing_branches": [[46, 47], [46, 49], [85, 86], [85, 88], [125, 126], [125, 128], [162, 163], [162, 165]]}, "": {"executed_lines": [], "summary": {"covered_lines": 0, "num_statements": 12, "percent_covered": 0.0, "percent_covered_display": "0", "missing_lines": 12, "excluded_lines": 0, "num_branches": 0, "num_partial_branches": 0, "covered_branches": 0, "missing_branches": 0}, "missing_lines": [2, 3, 5, 6, 9, 16, 27, 60, 102, 141, 177, 189], "excluded_lines": [], "executed_branches": [], "missing_branches": []}}}, "installer/global/lib/utils/__init__.py": {"executed_lines": [], "summary": {"covered_lines": 0, "num_statements": 4, "percent_covered": 0.0, "percent_covered_display": "0", "missing_lines": 4, "excluded_lines": 0, "num_branches": 0, "num_partial_branches": 0, "covered_branches": 0, "missing_branches": 0}, "missing_lines": [2, 3, 4, 6], "excluded_lines": [], "executed_branches": [], "missing_branches": [], "functions": {"": {"executed_lines": [], "summary": {"covered_lines": 0, "num_statements": 4, "percent_covered": 0.0, "percent_covered_display": "0", "missing_lines": 4, "excluded_lines": 0, "num_branches": 0, "num_partial_branches": 0, "covered_branches": 0, "missing_branches": 0}, "missing_lines": [2, 3, 4, 6], "excluded_lines": [], "executed_branches": [], "missing_branches": []}}, "classes": {"": {"executed_lines": [], "summary": {"covered_lines": 0, "num_statements": 4, "percent_covered": 0.0, "percent_covered_display": "0", "missing_lines": 4, "excluded_lines": 0, "num_branches": 0, "num_partial_branches": 0, "covered_branches": 0, "missing_branches": 0}, "missing_lines": [2, 3, 4, 6], "excluded_lines": [], "executed_branches": [], "missing_branches": []}}}, "installer/global/lib/utils/file_operations.py": {"executed_lines": [], "summary": {"covered_lines": 0, "num_statements": 51, "percent_covered": 0.0, "percent_covered_display": "0", "missing_lines": 51, "excluded_lines": 0, "num_branches": 2, "num_partial_branches": 0, "covered_branches": 0, "missing_branches": 2}, "missing_lines": [2, 3, 4, 5, 8, 11, 12, 27, 29, 32, 38, 40, 41, 44, 45, 46, 48, 49, 50, 51, 52, 53, 54, 55, 57, 58, 69, 70, 71, 72, 73, 74, 75, 77, 78, 88, 89, 90, 91, 92, 93, 95, 96, 108, 110, 112, 113, 114, 115, 116, 117], "excluded_lines": [], "executed_branches": [], "missing_branches": [[70, 71], [70, 72]], "functions": {"FileOperations.atomic_write": {"executed_lines": [], "summary": {"covered_lines": 0, "num_statements": 17, "percent_covered": 0.0, "percent_covered_display": "0", "missing_lines": 17, "excluded_lines": 0, "num_branches": 0, "num_partial_branches": 0, "covered_branches": 0, "missing_branches": 0}, "missing_lines": [27, 29, 32, 38, 40, 41, 44, 45, 46, 48, 49, 50, 51, 52, 53, 54, 55], "excluded_lines": [], "executed_branches": [], "missing_branches": []}, "FileOperations.safe_read": {"executed_lines": [], "summary": {"covered_lines": 0, "num_statements": 7, "percent_covered": 0.0, "percent_covered_display": "0", "missing_lines": 7, "excluded_lines": 0, "num_branches": 2, "num_partial_branches": 0, "covered_branches": 0, "missing_branches": 2}, "missing_lines": [69, 70, 71, 72, 73, 74, 75], "excluded_lines": [], "executed_branches": [], "missing_branches": [[70, 71], [70, 72]]}, "FileOperations.ensure_directory": {"executed_lines": [], "summary": {"covered_lines": 0, "num_statements": 6, "percent_covered": 0.0, "percent_covered_display": "0", "missing_lines": 6, "excluded_lines": 0, "num_branches": 0, "num_partial_branches": 0, "covered_branches": 0, "missing_branches": 0}, "missing_lines": [88, 89, 90, 91, 92, 93], "excluded_lines": [], "executed_branches": [], "missing_branches": []}, "FileOperations.safe_append": {"executed_lines": [], "summary": {"covered_lines": 0, "num_statements": 8, "percent_covered": 0.0, "percent_covered_display": "0", "missing_lines": 8, "excluded_lines": 0, "num_branches": 0, "num_partial_branches": 0, "covered_branches": 0, "missing_branches": 0}, "missing_lines": [108, 110, 112, 113, 114, 115, 116, 117], "excluded_lines": [], "executed_branches": [], "missing_branches": []}, "": {"executed_lines": [], "summary": {"covered_lines": 0, "num_statements": 13, "percent_covered": 0.0, "percent_covered_display": "0", "missing_lines": 13, "excluded_lines": 0, "num_branches": 0, "num_partial_branches": 0, "covered_branches": 0, "missing_branches": 0}, "missing_lines": [2, 3, 4, 5, 8, 11, 12, 57, 58, 77, 78, 95, 96], "excluded_lines": [], "executed_branches": [], "missing_branches": []}}, "classes": {"FileOperations": {"executed_lines": [], "summary": {"covered_lines": 0, "num_statements": 38, "percent_covered": 0.0, "percent_covered_display": "0", "missing_lines": 38, "excluded_lines": 0, "num_branches": 2, "num_partial_branches": 0, "covered_branches": 0, "missing_branches": 2}, "missing_lines": [27, 29, 32, 38, 40, 41, 44, 45, 46, 48, 49, 50, 51, 52, 53, 54, 55, 69, 70, 71, 72, 73, 74, 75, 88, 89, 90, 91, 92, 93, 108, 110, 112, 113, 114, 115, 116, 117], "excluded_lines": [], "executed_branches": [], "missing_branches": [[70, 71], [70, 72]]}, "": {"executed_lines": [], "summary": {"covered_lines": 0, "num_statements": 13, "percent_covered": 0.0, "percent_covered_display": "0", "missing_lines": 13, "excluded_lines": 0, "num_branches": 0, "num_partial_branches": 0, "covered_branches": 0, "missing_branches": 0}, "missing_lines": [2, 3, 4, 5, 8, 11, 12, 57, 58, 77, 78, 95, 96], "excluded_lines": [], "executed_branches": [], "missing_branches": []}}}, "installer/global/lib/utils/json_serializer.py": {"executed_lines": [], "summary": {"covered_lines": 0, "num_statements": 36, "percent_covered": 0.0, "percent_covered_display": "0", "missing_lines": 36, "excluded_lines": 0, "num_branches": 2, "num_partial_branches": 0, "covered_branches": 0, "missing_branches": 2}, "missing_lines": [2, 3, 4, 7, 10, 11, 25, 26, 27, 28, 30, 31, 44, 45, 46, 47, 49, 50, 63, 64, 65, 67, 68, 69, 71, 72, 74, 75, 88, 90, 92, 93, 94, 95, 96, 97], "excluded_lines": [], "executed_branches": [], "missing_branches": [[64, 65], [64, 67]], "functions": {"JsonSerializer.serialize": {"executed_lines": [], "summary": {"covered_lines": 0, "num_statements": 4, "percent_covered": 0.0, "percent_covered_display": "0", "missing_lines": 4, "excluded_lines": 0, "num_branches": 0, "num_partial_branches": 0, "covered_branches": 0, "missing_branches": 0}, "missing_lines": [25, 26, 27, 28], "excluded_lines": [], "executed_branches": [], "missing_branches": []}, "JsonSerializer.deserialize": {"executed_lines": [], "summary": {"covered_lines": 0, "num_statements": 4, "percent_covered": 0.0, "percent_covered_display": "0", "missing_lines": 4, "excluded_lines": 0, "num_branches": 0, "num_partial_branches": 0, "covered_branches": 0, "missing_branches": 0}, "missing_lines": [44, 45, 46, 47], "excluded_lines": [], "executed_branches": [], "missing_branches": []}, "JsonSerializer.safe_load_file": {"executed_lines": [], "summary": {"covered_lines": 0, "num_statements": 8, "percent_covered": 0.0, "percent_covered_display": "0", "missing_lines": 8, "excluded_lines": 0, "num_branches": 2, "num_partial_branches": 0, "covered_branches": 0, "missing_branches": 2}, "missing_lines": [63, 64, 65, 67, 68, 69, 71, 72], "excluded_lines": [], "executed_branches": [], "missing_branches": [[64, 65], [64, 67]]}, "JsonSerializer.safe_save_file": {"executed_lines": [], "summary": {"covered_lines": 0, "num_statements": 8, "percent_covered": 0.0, "percent_covered_display": "0", "missing_lines": 8, "excluded_lines": 0, "num_branches": 0, "num_partial_branches": 0, "covered_branches": 0, "missing_branches": 0}, "missing_lines": [88, 90, 92, 93, 94, 95, 96, 97], "excluded_lines": [], "executed_branches": [], "missing_branches": []}, "": {"executed_lines": [], "summary": {"covered_lines": 0, "num_statements": 12, "percent_covered": 0.0, "percent_covered_display": "0", "missing_lines": 12, "excluded_lines": 0, "num_branches": 0, "num_partial_branches": 0, "covered_branches": 0, "missing_branches": 0}, "missing_lines": [2, 3, 4, 7, 10, 11, 30, 31, 49, 50, 74, 75], "excluded_lines": [], "executed_branches": [], "missing_branches": []}}, "classes": {"JsonSerializer": {"executed_lines": [], "summary": {"covered_lines": 0, "num_statements": 24, "percent_covered": 0.0, "percent_covered_display": "0", "missing_lines": 24, "excluded_lines": 0, "num_branches": 2, "num_partial_branches": 0, "covered_branches": 0, "missing_branches": 2}, "missing_lines": [25, 26, 27, 28, 44, 45, 46, 47, 63, 64, 65, 67, 68, 69, 71, 72, 88, 90, 92, 93, 94, 95, 96, 97], "excluded_lines": [], "executed_branches": [], "missing_branches": [[64, 65], [64, 67]]}, "": {"executed_lines": [], "summary": {"covered_lines": 0, "num_statements": 12, "percent_covered": 0.0, "percent_covered_display": "0", "missing_lines": 12, "excluded_lines": 0, "num_branches": 0, "num_partial_branches": 0, "covered_branches": 0, "missing_branches": 0}, "missing_lines": [2, 3, 4, 7, 10, 11, 30, 31, 49, 50, 74, 75], "excluded_lines": [], "executed_branches": [], "missing_branches": []}}}, "installer/global/lib/utils/path_resolver.py": {"executed_lines": [], "summary": {"covered_lines": 0, "num_statements": 28, "percent_covered": 0.0, "percent_covered_display": "0", "missing_lines": 28, "excluded_lines": 0, "num_branches": 6, "num_partial_branches": 0, "covered_branches": 0, "missing_branches": 6}, "missing_lines": [2, 3, 4, 7, 10, 11, 21, 24, 25, 26, 29, 31, 32, 39, 40, 42, 43, 50, 51, 53, 54, 64, 66, 67, 78, 79, 80, 81], "excluded_lines": [], "executed_branches": [], "missing_branches": [[24, 25], [24, 29], [25, 24], [25, 26], [79, 80], [79, 81]], "functions": {"PathResolver.resolve_project_root": {"executed_lines": [], "summary": {"covered_lines": 0, "num_statements": 5, "percent_covered": 0.0, "percent_covered_display": "0", "missing_lines": 5, "excluded_lines": 0, "num_branches": 4, "num_partial_branches": 0, "covered_branches": 0, "missing_branches": 4}, "missing_lines": [21, 24, 25, 26, 29], "excluded_lines": [], "executed_branches": [], "missing_branches": [[24, 25], [24, 29], [25, 24], [25, 26]]}, "PathResolver.get_settings_path": {"executed_lines": [], "summary": {"covered_lines": 0, "num_statements": 2, "percent_covered": 0.0, "percent_covered_display": "0", "missing_lines": 2, "excluded_lines": 0, "num_branches": 0, "num_partial_branches": 0, "covered_branches": 0, "missing_branches": 0}, "missing_lines": [39, 40], "excluded_lines": [], "executed_branches": [], "missing_branches": []}, "PathResolver.get_metrics_dir": {"executed_lines": [], "summary": {"covered_lines": 0, "num_statements": 2, "percent_covered": 0.0, "percent_covered_display": "0", "missing_lines": 2, "excluded_lines": 0, "num_branches": 0, "num_partial_branches": 0, "covered_branches": 0, "missing_branches": 0}, "missing_lines": [50, 51], "excluded_lines": [], "executed_branches": [], "missing_branches": []}, "PathResolver.get_metrics_file": {"executed_lines": [], "summary": {"covered_lines": 0, "num_statements": 1, "percent_covered": 0.0, "percent_covered_display": "0", "missing_lines": 1, "excluded_lines": 0, "num_branches": 0, "num_partial_branches": 0, "covered_branches": 0, "missing_branches": 0}, "missing_lines": [64], "excluded_lines": [], "executed_branches": [], "missing_branches": []}, "PathResolver.from_env_or_default": {"executed_lines": [], "summary": {"covered_lines": 0, "num_statements": 4, "percent_covered": 0.0, "percent_covered_display": "0", "missing_lines": 4, "excluded_lines": 0, "num_branches": 2, "num_partial_branches": 0, "covered_branches": 0, "missing_branches": 2}, "missing_lines": [78, 79, 80, 81], "excluded_lines": [], "executed_branches": [], "missing_branches": [[79, 80], [79, 81]]}, "": {"executed_lines": [], "summary": {"covered_lines": 0, "num_statements": 14, "percent_covered": 0.0, "percent_covered_display": "0", "missing_lines": 14, "excluded_lines": 0, "num_branches": 0, "num_partial_branches": 0, "covered_branches": 0, "missing_branches": 0}, "missing_lines": [2, 3, 4, 7, 10, 11, 31, 32, 42, 43, 53, 54, 66, 67], "excluded_lines": [], "executed_branches": [], "missing_branches": []}}, "classes": {"PathResolver": {"executed_lines": [], "summary": {"covered_lines": 0, "num_statements": 14, "percent_covered": 0.0, "percent_covered_display": "0", "missing_lines": 14, "excluded_lines": 0, "num_branches": 6, "num_partial_branches": 0, "covered_branches": 0, "missing_branches": 6}, "missing_lines": [21, 24, 25, 26, 29, 39, 40, 50, 51, 64, 78, 79, 80, 81], "excluded_lines": [], "executed_branches": [], "missing_branches": [[24, 25], [24, 29], [25, 24], [25, 26], [79, 80], [79, 81]]}, "": {"executed_lines": [], "summary": {"covered_lines": 0, "num_statements": 14, "percent_covered": 0.0, "percent_covered_display": "0", "missing_lines": 14, "excluded_lines": 0, "num_branches": 0, "num_partial_branches": 0, "covered_branches": 0, "missing_branches": 0}, "missing_lines": [2, 3, 4, 7, 10, 11, 31, 32, 42, 43, 53, 54, 66, 67], "excluded_lines": [], "executed_branches": [], "missing_branches": []}}}}, "totals": {"covered_lines": 595, "num_statements": 1361, "percent_covered": 43.53854686633389, "percent_covered_display": "44", "missing_lines": 766, "excluded_lines": 3, "num_branches": 442, "num_partial_branches": 54, "covered_branches": 190, "missing_branches": 252}}