============================= test session starts ==============================
platform darwin -- Python 3.14.0, pytest-8.4.2, pluggy-1.6.0 -- /opt/homebrew/opt/python@3.14/bin/python3.14
cachedir: .pytest_cache
rootdir: /Users/richardwoollcott/Projects/appmilla_github/taskwright/.conductor/des-moines
configfile: pytest.ini
plugins: cov-7.0.0
collecting ... collected 0 items / 2 errors

==================================== ERRORS ====================================
____________ ERROR collecting tests/unit/test_codebase_analyzer.py _____________
ImportError while importing test module '/Users/richardwoollcott/Projects/appmilla_github/taskwright/.conductor/des-moines/tests/unit/test_codebase_analyzer.py'.
Hint: make sure your test modules/packages have valid Python names.
Traceback:
/opt/homebrew/lib/python3.14/site-packages/_pytest/python.py:498: in importtestmodule
    mod = import_path(
/opt/homebrew/lib/python3.14/site-packages/_pytest/pathlib.py:587: in import_path
    importlib.import_module(module_name)
/opt/homebrew/Cellar/python@3.14/3.14.0/Frameworks/Python.framework/Versions/3.14/lib/python3.14/importlib/__init__.py:88: in import_module
    return _bootstrap._gcd_import(name[level:], package, level)
           ^^^^^^^^^^^^^^^^^^^^^^^^^^^^^^^^^^^^^^^^^^^^^^^^^^^^
<frozen importlib._bootstrap>:1398: in _gcd_import
    ???
<frozen importlib._bootstrap>:1371: in _find_and_load
    ???
<frozen importlib._bootstrap>:1342: in _find_and_load_unlocked
    ???
<frozen importlib._bootstrap>:938: in _load_unlocked
    ???
/opt/homebrew/lib/python3.14/site-packages/_pytest/assertion/rewrite.py:186: in exec_module
    exec(co, module.__dict__)
tests/unit/test_codebase_analyzer.py:24: in <module>
    from lib.codebase_analyzer.models import (
E   ModuleNotFoundError: No module named 'lib'
___ ERROR collecting tests/integration/test_codebase_analyzer_integration.py ___
ImportError while importing test module '/Users/richardwoollcott/Projects/appmilla_github/taskwright/.conductor/des-moines/tests/integration/test_codebase_analyzer_integration.py'.
Hint: make sure your test modules/packages have valid Python names.
Traceback:
/opt/homebrew/lib/python3.14/site-packages/_pytest/python.py:498: in importtestmodule
    mod = import_path(
/opt/homebrew/lib/python3.14/site-packages/_pytest/pathlib.py:587: in import_path
    importlib.import_module(module_name)
/opt/homebrew/Cellar/python@3.14/3.14.0/Frameworks/Python.framework/Versions/3.14/lib/python3.14/importlib/__init__.py:88: in import_module
    return _bootstrap._gcd_import(name[level:], package, level)
           ^^^^^^^^^^^^^^^^^^^^^^^^^^^^^^^^^^^^^^^^^^^^^^^^^^^^
<frozen importlib._bootstrap>:1398: in _gcd_import
    ???
<frozen importlib._bootstrap>:1371: in _find_and_load
    ???
<frozen importlib._bootstrap>:1342: in _find_and_load_unlocked
    ???
<frozen importlib._bootstrap>:938: in _load_unlocked
    ???
/opt/homebrew/lib/python3.14/site-packages/_pytest/assertion/rewrite.py:186: in exec_module
    exec(co, module.__dict__)
tests/integration/test_codebase_analyzer_integration.py:17: in <module>
    from lib.codebase_analyzer import (
E   ModuleNotFoundError: No module named 'lib'
=========================== short test summary info ============================
ERROR tests/unit/test_codebase_analyzer.py
ERROR tests/integration/test_codebase_analyzer_integration.py
!!!!!!!!!!!!!!!!!!! Interrupted: 2 errors during collection !!!!!!!!!!!!!!!!!!!!
============================== 2 errors in 0.15s ===============================
